2024-05-31 09:20:47.348 INFO [main] [com.Tharav.stepDefinition.commonStepDefinition.beforeScenario(commonStepDefinition.java:31)] - Execution started
2024-05-31 09:20:47.358 INFO [main] [com.Tharav.stepDefinition.commonStepDefinition.beforeScenario(commonStepDefinition.java:37)] - Instantiaing  the common methods of Common Methods class  @before Scenaio
2024-05-31 09:20:47.360 INFO [main] [com.Tharav.stepDefinition.commonStepDefinition.beforeScenario(commonStepDefinition.java:41)] - Loading the properties file
2024-05-31 09:20:47.360 INFO [main] [com.Tharav.stepDefinition.commonStepDefinition.beforeScenario(commonStepDefinition.java:43)] - Checking the driver is NULL or NOT?
2024-05-31 09:20:47.362 INFO [main] [com.Tharav.stepDefinition.commonStepDefinition.beforeScenario(commonStepDefinition.java:46)] - Driver is NUll, Launching  the browser
2024-05-31 09:20:52.020 INFO [main] [com.Tharav.stepDefinition.verifyUserManagementSteps.user_open_the_url_for_UserManagement(verifyUserManagementSteps.java:36)] - Opening the Tharav URL in from User management steps
2024-05-31 09:20:52.952 INFO [main] [com.Tharav.stepDefinition.verifyUserManagementSteps.validate_the_page_is_tharav_url_for_UserManagement(verifyUserManagementSteps.java:56)] - Tharav logo, Email Text Box and Password Box is displayed from User management steps
2024-05-31 09:20:53.384 INFO [main] [com.Tharav.stepDefinition.verifyUserManagementSteps.login_in_the_application_with_valid_credentials(verifyUserManagementSteps.java:73)] - Entered the username and password in verfiy user management steps
2024-05-31 09:20:53.453 INFO [main] [com.Tharav.stepDefinition.verifyUserManagementSteps.login_in_the_application_with_valid_credentials(verifyUserManagementSteps.java:75)] - Click on signin button in verfiy user management steps
2024-05-31 09:20:53.453 INFO [main] [com.Tharav.stepDefinition.verifyUserManagementSteps.login_in_the_application_with_valid_credentials(verifyUserManagementSteps.java:76)] - Login in the application with valid credentials
2024-05-31 09:20:53.740 INFO [main] [com.Tharav.stepDefinition.verifyUserManagementSteps.click_on_the_user_mangement_menu(verifyUserManagementSteps.java:93)] - Clicked  User Management Menu in verfiy user management steps
2024-05-31 09:20:53.740 INFO [main] [com.Tharav.stepDefinition.verifyUserManagementSteps.click_on_the_user_mangement_menu(verifyUserManagementSteps.java:94)] - click on the UserMangement menu
2024-05-31 09:20:53.743 INFO [main] [com.Tharav.stepDefinition.verifyUserManagementSteps.validate_i_can_see_the_usermanagement_page(verifyUserManagementSteps.java:101)] - verfiy that i can see in user management steps
2024-05-31 09:20:53.743 INFO [main] [com.Tharav.stepDefinition.verifyUserManagementSteps.validate_i_can_see_the_usermanagement_page(verifyUserManagementSteps.java:102)] - Validate  I can see the usermanagement page
2024-05-31 09:20:58.597 INFO [main] [com.Tharav.stepDefinition.verifyUserManagementSteps.click_on_the_create_role_button(verifyUserManagementSteps.java:113)] - Click on Create role button in user Management steps
2024-05-31 09:20:58.597 INFO [main] [com.Tharav.stepDefinition.verifyUserManagementSteps.click_on_the_create_role_button(verifyUserManagementSteps.java:114)] - click on the create role button
2024-05-31 09:20:58.740 INFO [main] [com.Tharav.stepDefinition.verifyUserManagementSteps.enter_the_valid_Rolename(verifyUserManagementSteps.java:124)] - Rolename is entered in user Management steps
2024-05-31 09:20:58.926 INFO [main] [com.Tharav.stepDefinition.verifyUserManagementSteps.enter_the_valid_Role_Description(verifyUserManagementSteps.java:134)] - Role description is entered in user Management steps
2024-05-31 09:20:59.099 INFO [main] [com.Tharav.stepDefinition.verifyUserManagementSteps.select_the_system_role(verifyUserManagementSteps.java:144)] - System Role is entered in user Management steps
2024-05-31 09:20:59.234 INFO [main] [com.Tharav.stepDefinition.verifyUserManagementSteps.select_the_permissions(verifyUserManagementSteps.java:175)] - permission is selected in user Management steps
2024-05-31 09:20:59.306 INFO [main] [com.Tharav.stepDefinition.verifyUserManagementSteps.click_on_the_create_role_button_to_save_the_role(verifyUserManagementSteps.java:208)] - Click on Create role button in user Management steps
2024-05-31 09:20:59.670 INFO [main] [com.Tharav.stepDefinition.verifyUserManagementSteps.validate_the_role_name_is_in_the_list(verifyUserManagementSteps.java:238)] - The role name is present in the table in user Management steps
2024-05-31 09:22:08.485 ERROR [main] [com.Tharav.stepDefinition.verifyDashboardPage.logout_of_the_application(verifyDashboardPage.java:145)] - org.openqa.selenium.TimeoutException: Expected condition failed: waiting for visibility of element located by By.xpath: //div[@class='col-11'] (tried for 50 second(s) with 500 milliseconds interval)
2024-05-31 09:22:08.649 INFO [main] [com.Tharav.stepDefinition.commonStepDefinition.beforeScenario(commonStepDefinition.java:31)] - Execution started
2024-05-31 09:22:08.650 INFO [main] [com.Tharav.stepDefinition.commonStepDefinition.beforeScenario(commonStepDefinition.java:37)] - Instantiaing  the common methods of Common Methods class  @before Scenaio
2024-05-31 09:22:08.650 INFO [main] [com.Tharav.stepDefinition.commonStepDefinition.beforeScenario(commonStepDefinition.java:41)] - Loading the properties file
2024-05-31 09:22:08.650 INFO [main] [com.Tharav.stepDefinition.commonStepDefinition.beforeScenario(commonStepDefinition.java:43)] - Checking the driver is NULL or NOT?
2024-05-31 09:22:08.651 INFO [main] [com.Tharav.stepDefinition.verifyUserManagementSteps.user_open_the_url_for_UserManagement(verifyUserManagementSteps.java:36)] - Opening the Tharav URL in from User management steps
2024-05-31 09:23:09.042 INFO [main] [com.Tharav.stepDefinition.verifyUserManagementSteps.validate_the_page_is_tharav_url_for_UserManagement(verifyUserManagementSteps.java:56)] - Tharav logo, Email Text Box and Password Box is displayed from User management steps
2024-05-31 09:23:49.080 INFO [main] [com.Tharav.stepDefinition.verifyUserManagementSteps.login_in_the_application_with_valid_credentials(verifyUserManagementSteps.java:73)] - Entered the username and password in verfiy user management steps
2024-05-31 09:24:09.108 INFO [main] [com.Tharav.stepDefinition.verifyUserManagementSteps.login_in_the_application_with_valid_credentials(verifyUserManagementSteps.java:75)] - Click on signin button in verfiy user management steps
2024-05-31 09:24:09.108 INFO [main] [com.Tharav.stepDefinition.verifyUserManagementSteps.login_in_the_application_with_valid_credentials(verifyUserManagementSteps.java:76)] - Login in the application with valid credentials
2024-05-31 09:24:09.195 INFO [main] [com.Tharav.stepDefinition.verifyUserManagementSteps.click_on_the_user_mangement_menu(verifyUserManagementSteps.java:93)] - Clicked  User Management Menu in verfiy user management steps
2024-05-31 09:24:09.195 INFO [main] [com.Tharav.stepDefinition.verifyUserManagementSteps.click_on_the_user_mangement_menu(verifyUserManagementSteps.java:94)] - click on the UserMangement menu
2024-05-31 09:24:09.196 INFO [main] [com.Tharav.stepDefinition.verifyUserManagementSteps.validate_i_can_see_the_usermanagement_page(verifyUserManagementSteps.java:101)] - verfiy that i can see in user management steps
2024-05-31 09:24:09.196 INFO [main] [com.Tharav.stepDefinition.verifyUserManagementSteps.validate_i_can_see_the_usermanagement_page(verifyUserManagementSteps.java:102)] - Validate  I can see the usermanagement page
2024-05-31 09:25:13.528 INFO [main] [com.Tharav.stepDefinition.commonStepDefinition.beforeScenario(commonStepDefinition.java:31)] - Execution started
2024-05-31 09:25:13.528 INFO [main] [com.Tharav.stepDefinition.commonStepDefinition.beforeScenario(commonStepDefinition.java:37)] - Instantiaing  the common methods of Common Methods class  @before Scenaio
2024-05-31 09:25:13.529 INFO [main] [com.Tharav.stepDefinition.commonStepDefinition.beforeScenario(commonStepDefinition.java:41)] - Loading the properties file
2024-05-31 09:25:13.529 INFO [main] [com.Tharav.stepDefinition.commonStepDefinition.beforeScenario(commonStepDefinition.java:43)] - Checking the driver is NULL or NOT?
2024-05-31 09:25:13.529 INFO [main] [com.Tharav.stepDefinition.verifyUserManagementSteps.user_open_the_url_for_UserManagement(verifyUserManagementSteps.java:36)] - Opening the Tharav URL in from User management steps
2024-05-31 09:26:13.898 INFO [main] [com.Tharav.stepDefinition.verifyUserManagementSteps.validate_the_page_is_tharav_url_for_UserManagement(verifyUserManagementSteps.java:56)] - Tharav logo, Email Text Box and Password Box is displayed from User management steps
2024-05-31 09:26:53.958 INFO [main] [com.Tharav.stepDefinition.verifyUserManagementSteps.login_in_the_application_with_valid_credentials(verifyUserManagementSteps.java:73)] - Entered the username and password in verfiy user management steps
2024-05-31 09:27:09.782 INFO [main] [com.Tharav.stepDefinition.commonStepDefinition.beforeScenario(commonStepDefinition.java:31)] - Execution started
2024-05-31 09:27:09.784 INFO [main] [com.Tharav.stepDefinition.commonStepDefinition.beforeScenario(commonStepDefinition.java:37)] - Instantiaing  the common methods of Common Methods class  @before Scenaio
2024-05-31 09:27:09.786 INFO [main] [com.Tharav.stepDefinition.commonStepDefinition.beforeScenario(commonStepDefinition.java:41)] - Loading the properties file
2024-05-31 09:27:09.786 INFO [main] [com.Tharav.stepDefinition.commonStepDefinition.beforeScenario(commonStepDefinition.java:43)] - Checking the driver is NULL or NOT?
2024-05-31 09:27:09.788 INFO [main] [com.Tharav.stepDefinition.commonStepDefinition.beforeScenario(commonStepDefinition.java:46)] - Driver is NUll, Launching  the browser
2024-05-31 09:27:11.603 INFO [main] [com.Tharav.stepDefinition.verifyUserManagementSteps.user_open_the_url_for_UserManagement(verifyUserManagementSteps.java:36)] - Opening the Tharav URL in from User management steps
2024-05-31 09:27:12.666 INFO [main] [com.Tharav.stepDefinition.verifyUserManagementSteps.validate_the_page_is_tharav_url_for_UserManagement(verifyUserManagementSteps.java:56)] - Tharav logo, Email Text Box and Password Box is displayed from User management steps
2024-05-31 09:27:13.127 INFO [main] [com.Tharav.stepDefinition.verifyUserManagementSteps.login_in_the_application_with_valid_credentials(verifyUserManagementSteps.java:73)] - Entered the username and password in verfiy user management steps
2024-05-31 09:27:13.197 INFO [main] [com.Tharav.stepDefinition.verifyUserManagementSteps.login_in_the_application_with_valid_credentials(verifyUserManagementSteps.java:75)] - Click on signin button in verfiy user management steps
2024-05-31 09:27:13.198 INFO [main] [com.Tharav.stepDefinition.verifyUserManagementSteps.login_in_the_application_with_valid_credentials(verifyUserManagementSteps.java:76)] - Login in the application with valid credentials
2024-05-31 09:27:13.491 INFO [main] [com.Tharav.stepDefinition.verifyUserManagementSteps.click_on_the_user_mangement_menu(verifyUserManagementSteps.java:93)] - Clicked  User Management Menu in verfiy user management steps
2024-05-31 09:27:13.491 INFO [main] [com.Tharav.stepDefinition.verifyUserManagementSteps.click_on_the_user_mangement_menu(verifyUserManagementSteps.java:94)] - click on the UserMangement menu
2024-05-31 09:27:13.495 INFO [main] [com.Tharav.stepDefinition.verifyUserManagementSteps.validate_i_can_see_the_usermanagement_page(verifyUserManagementSteps.java:101)] - verfiy that i can see in user management steps
2024-05-31 09:27:13.495 INFO [main] [com.Tharav.stepDefinition.verifyUserManagementSteps.validate_i_can_see_the_usermanagement_page(verifyUserManagementSteps.java:102)] - Validate  I can see the usermanagement page
2024-05-31 09:27:14.001 INFO [main] [com.Tharav.stepDefinition.verifyUserManagementSteps.login_in_the_application_with_valid_credentials(verifyUserManagementSteps.java:75)] - Click on signin button in verfiy user management steps
2024-05-31 09:27:14.001 INFO [main] [com.Tharav.stepDefinition.verifyUserManagementSteps.login_in_the_application_with_valid_credentials(verifyUserManagementSteps.java:76)] - Login in the application with valid credentials
2024-05-31 09:27:14.149 INFO [main] [com.Tharav.stepDefinition.verifyUserManagementSteps.click_on_the_user_mangement_menu(verifyUserManagementSteps.java:93)] - Clicked  User Management Menu in verfiy user management steps
2024-05-31 09:27:14.149 INFO [main] [com.Tharav.stepDefinition.verifyUserManagementSteps.click_on_the_user_mangement_menu(verifyUserManagementSteps.java:94)] - click on the UserMangement menu
2024-05-31 09:27:14.150 INFO [main] [com.Tharav.stepDefinition.verifyUserManagementSteps.validate_i_can_see_the_usermanagement_page(verifyUserManagementSteps.java:101)] - verfiy that i can see in user management steps
2024-05-31 09:27:14.150 INFO [main] [com.Tharav.stepDefinition.verifyUserManagementSteps.validate_i_can_see_the_usermanagement_page(verifyUserManagementSteps.java:102)] - Validate  I can see the usermanagement page
2024-05-31 09:27:18.315 INFO [main] [com.Tharav.stepDefinition.verifyUserManagementSteps.click_on_the_create_role_button(verifyUserManagementSteps.java:113)] - Click on Create role button in user Management steps
2024-05-31 09:27:18.315 INFO [main] [com.Tharav.stepDefinition.verifyUserManagementSteps.click_on_the_create_role_button(verifyUserManagementSteps.java:114)] - click on the create role button
2024-05-31 09:27:18.456 INFO [main] [com.Tharav.stepDefinition.verifyUserManagementSteps.enter_the_valid_Rolename(verifyUserManagementSteps.java:124)] - Rolename is entered in user Management steps
2024-05-31 09:27:18.639 INFO [main] [com.Tharav.stepDefinition.verifyUserManagementSteps.enter_the_valid_Role_Description(verifyUserManagementSteps.java:134)] - Role description is entered in user Management steps
2024-05-31 09:27:18.800 INFO [main] [com.Tharav.stepDefinition.verifyUserManagementSteps.select_the_system_role(verifyUserManagementSteps.java:144)] - System Role is entered in user Management steps
2024-05-31 09:27:18.947 INFO [main] [com.Tharav.stepDefinition.verifyUserManagementSteps.select_the_permissions(verifyUserManagementSteps.java:175)] - permission is selected in user Management steps
2024-05-31 09:27:19.019 INFO [main] [com.Tharav.stepDefinition.verifyUserManagementSteps.click_on_the_create_role_button_to_save_the_role(verifyUserManagementSteps.java:208)] - Click on Create role button in user Management steps
2024-05-31 09:27:19.365 INFO [main] [com.Tharav.stepDefinition.verifyUserManagementSteps.validate_the_role_name_is_in_the_list(verifyUserManagementSteps.java:238)] - The role name is present in the table in user Management steps
2024-05-31 09:28:18.450 INFO [main] [com.Tharav.stepDefinition.commonStepDefinition.beforeScenario(commonStepDefinition.java:31)] - Execution started
2024-05-31 09:28:18.450 INFO [main] [com.Tharav.stepDefinition.commonStepDefinition.beforeScenario(commonStepDefinition.java:37)] - Instantiaing  the common methods of Common Methods class  @before Scenaio
2024-05-31 09:28:18.451 INFO [main] [com.Tharav.stepDefinition.commonStepDefinition.beforeScenario(commonStepDefinition.java:41)] - Loading the properties file
2024-05-31 09:28:18.452 INFO [main] [com.Tharav.stepDefinition.commonStepDefinition.beforeScenario(commonStepDefinition.java:43)] - Checking the driver is NULL or NOT?
2024-05-31 09:28:18.453 INFO [main] [com.Tharav.stepDefinition.verifyUserManagementSteps.user_open_the_url_for_UserManagement(verifyUserManagementSteps.java:36)] - Opening the Tharav URL in from User management steps
2024-05-31 09:28:27.959 ERROR [main] [com.Tharav.stepDefinition.verifyDashboardPage.logout_of_the_application(verifyDashboardPage.java:145)] - org.openqa.selenium.TimeoutException: Expected condition failed: waiting for visibility of element located by By.xpath: //div[@class='col-11'] (tried for 50 second(s) with 500 milliseconds interval)
2024-05-31 09:28:28.266 INFO [main] [com.Tharav.stepDefinition.commonStepDefinition.beforeScenario(commonStepDefinition.java:31)] - Execution started
2024-05-31 09:28:28.266 INFO [main] [com.Tharav.stepDefinition.commonStepDefinition.beforeScenario(commonStepDefinition.java:37)] - Instantiaing  the common methods of Common Methods class  @before Scenaio
2024-05-31 09:28:28.267 INFO [main] [com.Tharav.stepDefinition.commonStepDefinition.beforeScenario(commonStepDefinition.java:41)] - Loading the properties file
2024-05-31 09:28:28.267 INFO [main] [com.Tharav.stepDefinition.commonStepDefinition.beforeScenario(commonStepDefinition.java:43)] - Checking the driver is NULL or NOT?
2024-05-31 09:28:28.268 INFO [main] [com.Tharav.stepDefinition.verifyUserManagementSteps.user_open_the_url_for_UserManagement(verifyUserManagementSteps.java:36)] - Opening the Tharav URL in from User management steps
2024-05-31 09:29:00.348 INFO [main] [com.Tharav.stepDefinition.verifyUserManagementSteps.validate_the_page_is_tharav_url_for_UserManagement(verifyUserManagementSteps.java:56)] - Tharav logo, Email Text Box and Password Box is displayed from User management steps
2024-05-31 09:29:00.358 INFO [main] [com.Tharav.stepDefinition.verifyUserManagementSteps.login_in_the_application_with_valid_credentials(verifyUserManagementSteps.java:73)] - Entered the username and password in verfiy user management steps
2024-05-31 09:29:00.363 INFO [main] [com.Tharav.stepDefinition.verifyUserManagementSteps.login_in_the_application_with_valid_credentials(verifyUserManagementSteps.java:75)] - Click on signin button in verfiy user management steps
2024-05-31 09:29:00.363 INFO [main] [com.Tharav.stepDefinition.verifyUserManagementSteps.login_in_the_application_with_valid_credentials(verifyUserManagementSteps.java:76)] - Login in the application with valid credentials
2024-05-31 09:29:00.396 INFO [main] [com.Tharav.stepDefinition.commonStepDefinition.beforeScenario(commonStepDefinition.java:31)] - Execution started
2024-05-31 09:29:00.396 INFO [main] [com.Tharav.stepDefinition.commonStepDefinition.beforeScenario(commonStepDefinition.java:37)] - Instantiaing  the common methods of Common Methods class  @before Scenaio
2024-05-31 09:29:00.398 INFO [main] [com.Tharav.stepDefinition.commonStepDefinition.beforeScenario(commonStepDefinition.java:41)] - Loading the properties file
2024-05-31 09:29:00.398 INFO [main] [com.Tharav.stepDefinition.commonStepDefinition.beforeScenario(commonStepDefinition.java:43)] - Checking the driver is NULL or NOT?
2024-05-31 09:29:00.400 INFO [main] [com.Tharav.stepDefinition.verifyUserManagementSteps.user_open_the_url_for_UserManagement(verifyUserManagementSteps.java:36)] - Opening the Tharav URL in from User management steps
2024-05-31 09:29:00.407 ERROR [main] [com.Tharav.stepDefinition.verifyUserManagementSteps.user_open_the_url_for_UserManagement(verifyUserManagementSteps.java:44)] - org.openqa.selenium.NoSuchWindowException: no such window: target window already closed
from unknown error: web view not found
  (Session info: chrome=125.0.6422.113)
Build info: version: '3.141.59', revision: 'e82be7d358', time: '2018-11-14T08:17:03'
System info: host: 'LAPTOP-FRFRGCHU', ip: '192.168.86.35', os.name: 'Windows 11', os.arch: 'amd64', os.version: '10.0', java.version: '17.0.5'
Driver info: org.openqa.selenium.chrome.ChromeDriver
Capabilities {acceptInsecureCerts: false, browserName: chrome, browserVersion: 125.0.6422.113, chrome: {chromedriverVersion: 125.0.6422.141 (4b1e8393712..., userDataDir: C:\Users\udhay\AppData\Loca...}, fedcm:accounts: true, goog:chromeOptions: {debuggerAddress: localhost:50972}, javascriptEnabled: true, networkConnectionEnabled: false, pageLoadStrategy: normal, platform: WINDOWS, platformName: WINDOWS, proxy: Proxy(), setWindowRect: true, strictFileInteractability: false, timeouts: {implicit: 0, pageLoad: 300000, script: 30000}, unhandledPromptBehavior: dismiss and notify, webauthn:extension:credBlob: true, webauthn:extension:largeBlob: true, webauthn:extension:minPinLength: true, webauthn:extension:prf: true, webauthn:virtualAuthenticators: true}
Session ID: e1f7e39c0cfe65e9cdd94a3a43b8b887
2024-05-31 09:29:00.450 INFO [main] [com.Tharav.stepDefinition.commonStepDefinition.beforeScenario(commonStepDefinition.java:31)] - Execution started
2024-05-31 09:29:00.451 INFO [main] [com.Tharav.stepDefinition.commonStepDefinition.beforeScenario(commonStepDefinition.java:37)] - Instantiaing  the common methods of Common Methods class  @before Scenaio
2024-05-31 09:29:00.452 INFO [main] [com.Tharav.stepDefinition.commonStepDefinition.beforeScenario(commonStepDefinition.java:41)] - Loading the properties file
2024-05-31 09:29:00.452 INFO [main] [com.Tharav.stepDefinition.commonStepDefinition.beforeScenario(commonStepDefinition.java:43)] - Checking the driver is NULL or NOT?
2024-05-31 09:29:00.453 INFO [main] [com.Tharav.stepDefinition.verifyUserManagementSteps.user_open_the_url_for_UserManagement(verifyUserManagementSteps.java:36)] - Opening the Tharav URL in from User management steps
2024-05-31 09:29:00.458 ERROR [main] [com.Tharav.stepDefinition.verifyUserManagementSteps.user_open_the_url_for_UserManagement(verifyUserManagementSteps.java:44)] - org.openqa.selenium.NoSuchWindowException: no such window: target window already closed
from unknown error: web view not found
  (Session info: chrome=125.0.6422.113)
Build info: version: '3.141.59', revision: 'e82be7d358', time: '2018-11-14T08:17:03'
System info: host: 'LAPTOP-FRFRGCHU', ip: '192.168.86.35', os.name: 'Windows 11', os.arch: 'amd64', os.version: '10.0', java.version: '17.0.5'
Driver info: org.openqa.selenium.chrome.ChromeDriver
Capabilities {acceptInsecureCerts: false, browserName: chrome, browserVersion: 125.0.6422.113, chrome: {chromedriverVersion: 125.0.6422.141 (4b1e8393712..., userDataDir: C:\Users\udhay\AppData\Loca...}, fedcm:accounts: true, goog:chromeOptions: {debuggerAddress: localhost:50972}, javascriptEnabled: true, networkConnectionEnabled: false, pageLoadStrategy: normal, platform: WINDOWS, platformName: WINDOWS, proxy: Proxy(), setWindowRect: true, strictFileInteractability: false, timeouts: {implicit: 0, pageLoad: 300000, script: 30000}, unhandledPromptBehavior: dismiss and notify, webauthn:extension:credBlob: true, webauthn:extension:largeBlob: true, webauthn:extension:minPinLength: true, webauthn:extension:prf: true, webauthn:virtualAuthenticators: true}
Session ID: e1f7e39c0cfe65e9cdd94a3a43b8b887
2024-05-31 09:29:00.480 INFO [main] [com.Tharav.stepDefinition.commonStepDefinition.beforeScenario(commonStepDefinition.java:31)] - Execution started
2024-05-31 09:29:00.481 INFO [main] [com.Tharav.stepDefinition.commonStepDefinition.beforeScenario(commonStepDefinition.java:37)] - Instantiaing  the common methods of Common Methods class  @before Scenaio
2024-05-31 09:29:00.482 INFO [main] [com.Tharav.stepDefinition.commonStepDefinition.beforeScenario(commonStepDefinition.java:41)] - Loading the properties file
2024-05-31 09:29:00.483 INFO [main] [com.Tharav.stepDefinition.commonStepDefinition.beforeScenario(commonStepDefinition.java:43)] - Checking the driver is NULL or NOT?
2024-05-31 09:29:00.483 INFO [main] [com.Tharav.stepDefinition.verifyUserManagementSteps.user_open_the_url_for_UserManagement(verifyUserManagementSteps.java:36)] - Opening the Tharav URL in from User management steps
2024-05-31 09:29:00.487 ERROR [main] [com.Tharav.stepDefinition.verifyUserManagementSteps.user_open_the_url_for_UserManagement(verifyUserManagementSteps.java:44)] - org.openqa.selenium.NoSuchWindowException: no such window: target window already closed
from unknown error: web view not found
  (Session info: chrome=125.0.6422.113)
Build info: version: '3.141.59', revision: 'e82be7d358', time: '2018-11-14T08:17:03'
System info: host: 'LAPTOP-FRFRGCHU', ip: '192.168.86.35', os.name: 'Windows 11', os.arch: 'amd64', os.version: '10.0', java.version: '17.0.5'
Driver info: org.openqa.selenium.chrome.ChromeDriver
Capabilities {acceptInsecureCerts: false, browserName: chrome, browserVersion: 125.0.6422.113, chrome: {chromedriverVersion: 125.0.6422.141 (4b1e8393712..., userDataDir: C:\Users\udhay\AppData\Loca...}, fedcm:accounts: true, goog:chromeOptions: {debuggerAddress: localhost:50972}, javascriptEnabled: true, networkConnectionEnabled: false, pageLoadStrategy: normal, platform: WINDOWS, platformName: WINDOWS, proxy: Proxy(), setWindowRect: true, strictFileInteractability: false, timeouts: {implicit: 0, pageLoad: 300000, script: 30000}, unhandledPromptBehavior: dismiss and notify, webauthn:extension:credBlob: true, webauthn:extension:largeBlob: true, webauthn:extension:minPinLength: true, webauthn:extension:prf: true, webauthn:virtualAuthenticators: true}
Session ID: e1f7e39c0cfe65e9cdd94a3a43b8b887
2024-05-31 09:29:00.508 INFO [main] [com.Tharav.stepDefinition.commonStepDefinition.beforeScenario(commonStepDefinition.java:31)] - Execution started
2024-05-31 09:29:00.509 INFO [main] [com.Tharav.stepDefinition.commonStepDefinition.beforeScenario(commonStepDefinition.java:37)] - Instantiaing  the common methods of Common Methods class  @before Scenaio
2024-05-31 09:29:00.510 INFO [main] [com.Tharav.stepDefinition.commonStepDefinition.beforeScenario(commonStepDefinition.java:41)] - Loading the properties file
2024-05-31 09:29:00.510 INFO [main] [com.Tharav.stepDefinition.commonStepDefinition.beforeScenario(commonStepDefinition.java:43)] - Checking the driver is NULL or NOT?
2024-05-31 09:29:00.511 INFO [main] [com.Tharav.stepDefinition.verifyUserManagementSteps.user_open_the_url_for_UserManagement(verifyUserManagementSteps.java:36)] - Opening the Tharav URL in from User management steps
2024-05-31 09:29:00.516 ERROR [main] [com.Tharav.stepDefinition.verifyUserManagementSteps.user_open_the_url_for_UserManagement(verifyUserManagementSteps.java:44)] - org.openqa.selenium.NoSuchWindowException: no such window: target window already closed
from unknown error: web view not found
  (Session info: chrome=125.0.6422.113)
Build info: version: '3.141.59', revision: 'e82be7d358', time: '2018-11-14T08:17:03'
System info: host: 'LAPTOP-FRFRGCHU', ip: '192.168.86.35', os.name: 'Windows 11', os.arch: 'amd64', os.version: '10.0', java.version: '17.0.5'
Driver info: org.openqa.selenium.chrome.ChromeDriver
Capabilities {acceptInsecureCerts: false, browserName: chrome, browserVersion: 125.0.6422.113, chrome: {chromedriverVersion: 125.0.6422.141 (4b1e8393712..., userDataDir: C:\Users\udhay\AppData\Loca...}, fedcm:accounts: true, goog:chromeOptions: {debuggerAddress: localhost:50972}, javascriptEnabled: true, networkConnectionEnabled: false, pageLoadStrategy: normal, platform: WINDOWS, platformName: WINDOWS, proxy: Proxy(), setWindowRect: true, strictFileInteractability: false, timeouts: {implicit: 0, pageLoad: 300000, script: 30000}, unhandledPromptBehavior: dismiss and notify, webauthn:extension:credBlob: true, webauthn:extension:largeBlob: true, webauthn:extension:minPinLength: true, webauthn:extension:prf: true, webauthn:virtualAuthenticators: true}
Session ID: e1f7e39c0cfe65e9cdd94a3a43b8b887
2024-05-31 09:29:00.532 INFO [main] [com.Tharav.stepDefinition.commonStepDefinition.beforeScenario(commonStepDefinition.java:31)] - Execution started
2024-05-31 09:29:00.532 INFO [main] [com.Tharav.stepDefinition.commonStepDefinition.beforeScenario(commonStepDefinition.java:37)] - Instantiaing  the common methods of Common Methods class  @before Scenaio
2024-05-31 09:29:00.533 INFO [main] [com.Tharav.stepDefinition.commonStepDefinition.beforeScenario(commonStepDefinition.java:41)] - Loading the properties file
2024-05-31 09:29:00.534 INFO [main] [com.Tharav.stepDefinition.commonStepDefinition.beforeScenario(commonStepDefinition.java:43)] - Checking the driver is NULL or NOT?
2024-05-31 09:29:00.535 INFO [main] [com.Tharav.stepDefinition.verifyUserManagementSteps.user_open_the_url_for_UserManagement(verifyUserManagementSteps.java:36)] - Opening the Tharav URL in from User management steps
2024-05-31 09:29:00.539 ERROR [main] [com.Tharav.stepDefinition.verifyUserManagementSteps.user_open_the_url_for_UserManagement(verifyUserManagementSteps.java:44)] - org.openqa.selenium.NoSuchWindowException: no such window: target window already closed
from unknown error: web view not found
  (Session info: chrome=125.0.6422.113)
Build info: version: '3.141.59', revision: 'e82be7d358', time: '2018-11-14T08:17:03'
System info: host: 'LAPTOP-FRFRGCHU', ip: '192.168.86.35', os.name: 'Windows 11', os.arch: 'amd64', os.version: '10.0', java.version: '17.0.5'
Driver info: org.openqa.selenium.chrome.ChromeDriver
Capabilities {acceptInsecureCerts: false, browserName: chrome, browserVersion: 125.0.6422.113, chrome: {chromedriverVersion: 125.0.6422.141 (4b1e8393712..., userDataDir: C:\Users\udhay\AppData\Loca...}, fedcm:accounts: true, goog:chromeOptions: {debuggerAddress: localhost:50972}, javascriptEnabled: true, networkConnectionEnabled: false, pageLoadStrategy: normal, platform: WINDOWS, platformName: WINDOWS, proxy: Proxy(), setWindowRect: true, strictFileInteractability: false, timeouts: {implicit: 0, pageLoad: 300000, script: 30000}, unhandledPromptBehavior: dismiss and notify, webauthn:extension:credBlob: true, webauthn:extension:largeBlob: true, webauthn:extension:minPinLength: true, webauthn:extension:prf: true, webauthn:virtualAuthenticators: true}
Session ID: e1f7e39c0cfe65e9cdd94a3a43b8b887
2024-05-31 09:29:00.562 INFO [main] [com.Tharav.stepDefinition.commonStepDefinition.beforeScenario(commonStepDefinition.java:31)] - Execution started
2024-05-31 09:29:00.562 INFO [main] [com.Tharav.stepDefinition.commonStepDefinition.beforeScenario(commonStepDefinition.java:37)] - Instantiaing  the common methods of Common Methods class  @before Scenaio
2024-05-31 09:29:00.563 INFO [main] [com.Tharav.stepDefinition.commonStepDefinition.beforeScenario(commonStepDefinition.java:41)] - Loading the properties file
2024-05-31 09:29:00.564 INFO [main] [com.Tharav.stepDefinition.commonStepDefinition.beforeScenario(commonStepDefinition.java:43)] - Checking the driver is NULL or NOT?
2024-05-31 09:29:00.565 INFO [main] [com.Tharav.stepDefinition.verifyUserManagementSteps.user_open_the_url_for_UserManagement(verifyUserManagementSteps.java:36)] - Opening the Tharav URL in from User management steps
2024-05-31 09:29:00.569 ERROR [main] [com.Tharav.stepDefinition.verifyUserManagementSteps.user_open_the_url_for_UserManagement(verifyUserManagementSteps.java:44)] - org.openqa.selenium.NoSuchWindowException: no such window: target window already closed
from unknown error: web view not found
  (Session info: chrome=125.0.6422.113)
Build info: version: '3.141.59', revision: 'e82be7d358', time: '2018-11-14T08:17:03'
System info: host: 'LAPTOP-FRFRGCHU', ip: '192.168.86.35', os.name: 'Windows 11', os.arch: 'amd64', os.version: '10.0', java.version: '17.0.5'
Driver info: org.openqa.selenium.chrome.ChromeDriver
Capabilities {acceptInsecureCerts: false, browserName: chrome, browserVersion: 125.0.6422.113, chrome: {chromedriverVersion: 125.0.6422.141 (4b1e8393712..., userDataDir: C:\Users\udhay\AppData\Loca...}, fedcm:accounts: true, goog:chromeOptions: {debuggerAddress: localhost:50972}, javascriptEnabled: true, networkConnectionEnabled: false, pageLoadStrategy: normal, platform: WINDOWS, platformName: WINDOWS, proxy: Proxy(), setWindowRect: true, strictFileInteractability: false, timeouts: {implicit: 0, pageLoad: 300000, script: 30000}, unhandledPromptBehavior: dismiss and notify, webauthn:extension:credBlob: true, webauthn:extension:largeBlob: true, webauthn:extension:minPinLength: true, webauthn:extension:prf: true, webauthn:virtualAuthenticators: true}
Session ID: e1f7e39c0cfe65e9cdd94a3a43b8b887
2024-05-31 09:29:00.594 INFO [main] [com.Tharav.stepDefinition.commonStepDefinition.beforeScenario(commonStepDefinition.java:31)] - Execution started
2024-05-31 09:29:00.595 INFO [main] [com.Tharav.stepDefinition.commonStepDefinition.beforeScenario(commonStepDefinition.java:37)] - Instantiaing  the common methods of Common Methods class  @before Scenaio
2024-05-31 09:29:00.596 INFO [main] [com.Tharav.stepDefinition.commonStepDefinition.beforeScenario(commonStepDefinition.java:41)] - Loading the properties file
2024-05-31 09:29:00.596 INFO [main] [com.Tharav.stepDefinition.commonStepDefinition.beforeScenario(commonStepDefinition.java:43)] - Checking the driver is NULL or NOT?
2024-05-31 09:29:00.597 INFO [main] [com.Tharav.stepDefinition.verifyUserManagementSteps.user_open_the_url_for_UserManagement(verifyUserManagementSteps.java:36)] - Opening the Tharav URL in from User management steps
2024-05-31 09:29:00.602 ERROR [main] [com.Tharav.stepDefinition.verifyUserManagementSteps.user_open_the_url_for_UserManagement(verifyUserManagementSteps.java:44)] - org.openqa.selenium.NoSuchWindowException: no such window: target window already closed
from unknown error: web view not found
  (Session info: chrome=125.0.6422.113)
Build info: version: '3.141.59', revision: 'e82be7d358', time: '2018-11-14T08:17:03'
System info: host: 'LAPTOP-FRFRGCHU', ip: '192.168.86.35', os.name: 'Windows 11', os.arch: 'amd64', os.version: '10.0', java.version: '17.0.5'
Driver info: org.openqa.selenium.chrome.ChromeDriver
Capabilities {acceptInsecureCerts: false, browserName: chrome, browserVersion: 125.0.6422.113, chrome: {chromedriverVersion: 125.0.6422.141 (4b1e8393712..., userDataDir: C:\Users\udhay\AppData\Loca...}, fedcm:accounts: true, goog:chromeOptions: {debuggerAddress: localhost:50972}, javascriptEnabled: true, networkConnectionEnabled: false, pageLoadStrategy: normal, platform: WINDOWS, platformName: WINDOWS, proxy: Proxy(), setWindowRect: true, strictFileInteractability: false, timeouts: {implicit: 0, pageLoad: 300000, script: 30000}, unhandledPromptBehavior: dismiss and notify, webauthn:extension:credBlob: true, webauthn:extension:largeBlob: true, webauthn:extension:minPinLength: true, webauthn:extension:prf: true, webauthn:virtualAuthenticators: true}
Session ID: e1f7e39c0cfe65e9cdd94a3a43b8b887
2024-05-31 09:29:00.630 INFO [main] [com.Tharav.stepDefinition.commonStepDefinition.beforeScenario(commonStepDefinition.java:31)] - Execution started
2024-05-31 09:29:00.631 INFO [main] [com.Tharav.stepDefinition.commonStepDefinition.beforeScenario(commonStepDefinition.java:37)] - Instantiaing  the common methods of Common Methods class  @before Scenaio
2024-05-31 09:29:00.632 INFO [main] [com.Tharav.stepDefinition.commonStepDefinition.beforeScenario(commonStepDefinition.java:41)] - Loading the properties file
2024-05-31 09:29:00.632 INFO [main] [com.Tharav.stepDefinition.commonStepDefinition.beforeScenario(commonStepDefinition.java:43)] - Checking the driver is NULL or NOT?
2024-05-31 09:29:00.633 INFO [main] [com.Tharav.stepDefinition.verifyUserManagementSteps.user_open_the_url_for_UserManagement(verifyUserManagementSteps.java:36)] - Opening the Tharav URL in from User management steps
2024-05-31 09:29:00.637 ERROR [main] [com.Tharav.stepDefinition.verifyUserManagementSteps.user_open_the_url_for_UserManagement(verifyUserManagementSteps.java:44)] - org.openqa.selenium.NoSuchWindowException: no such window: target window already closed
from unknown error: web view not found
  (Session info: chrome=125.0.6422.113)
Build info: version: '3.141.59', revision: 'e82be7d358', time: '2018-11-14T08:17:03'
System info: host: 'LAPTOP-FRFRGCHU', ip: '192.168.86.35', os.name: 'Windows 11', os.arch: 'amd64', os.version: '10.0', java.version: '17.0.5'
Driver info: org.openqa.selenium.chrome.ChromeDriver
Capabilities {acceptInsecureCerts: false, browserName: chrome, browserVersion: 125.0.6422.113, chrome: {chromedriverVersion: 125.0.6422.141 (4b1e8393712..., userDataDir: C:\Users\udhay\AppData\Loca...}, fedcm:accounts: true, goog:chromeOptions: {debuggerAddress: localhost:50972}, javascriptEnabled: true, networkConnectionEnabled: false, pageLoadStrategy: normal, platform: WINDOWS, platformName: WINDOWS, proxy: Proxy(), setWindowRect: true, strictFileInteractability: false, timeouts: {implicit: 0, pageLoad: 300000, script: 30000}, unhandledPromptBehavior: dismiss and notify, webauthn:extension:credBlob: true, webauthn:extension:largeBlob: true, webauthn:extension:minPinLength: true, webauthn:extension:prf: true, webauthn:virtualAuthenticators: true}
Session ID: e1f7e39c0cfe65e9cdd94a3a43b8b887
2024-05-31 09:29:00.656 INFO [main] [com.Tharav.stepDefinition.commonStepDefinition.beforeScenario(commonStepDefinition.java:31)] - Execution started
2024-05-31 09:29:00.656 INFO [main] [com.Tharav.stepDefinition.commonStepDefinition.beforeScenario(commonStepDefinition.java:37)] - Instantiaing  the common methods of Common Methods class  @before Scenaio
2024-05-31 09:29:00.657 INFO [main] [com.Tharav.stepDefinition.commonStepDefinition.beforeScenario(commonStepDefinition.java:41)] - Loading the properties file
2024-05-31 09:29:00.657 INFO [main] [com.Tharav.stepDefinition.commonStepDefinition.beforeScenario(commonStepDefinition.java:43)] - Checking the driver is NULL or NOT?
2024-05-31 09:29:00.658 INFO [main] [com.Tharav.stepDefinition.verifyUserManagementSteps.user_open_the_url_for_UserManagement(verifyUserManagementSteps.java:36)] - Opening the Tharav URL in from User management steps
2024-05-31 09:29:00.662 ERROR [main] [com.Tharav.stepDefinition.verifyUserManagementSteps.user_open_the_url_for_UserManagement(verifyUserManagementSteps.java:44)] - org.openqa.selenium.NoSuchWindowException: no such window: target window already closed
from unknown error: web view not found
  (Session info: chrome=125.0.6422.113)
Build info: version: '3.141.59', revision: 'e82be7d358', time: '2018-11-14T08:17:03'
System info: host: 'LAPTOP-FRFRGCHU', ip: '192.168.86.35', os.name: 'Windows 11', os.arch: 'amd64', os.version: '10.0', java.version: '17.0.5'
Driver info: org.openqa.selenium.chrome.ChromeDriver
Capabilities {acceptInsecureCerts: false, browserName: chrome, browserVersion: 125.0.6422.113, chrome: {chromedriverVersion: 125.0.6422.141 (4b1e8393712..., userDataDir: C:\Users\udhay\AppData\Loca...}, fedcm:accounts: true, goog:chromeOptions: {debuggerAddress: localhost:50972}, javascriptEnabled: true, networkConnectionEnabled: false, pageLoadStrategy: normal, platform: WINDOWS, platformName: WINDOWS, proxy: Proxy(), setWindowRect: true, strictFileInteractability: false, timeouts: {implicit: 0, pageLoad: 300000, script: 30000}, unhandledPromptBehavior: dismiss and notify, webauthn:extension:credBlob: true, webauthn:extension:largeBlob: true, webauthn:extension:minPinLength: true, webauthn:extension:prf: true, webauthn:virtualAuthenticators: true}
Session ID: e1f7e39c0cfe65e9cdd94a3a43b8b887
2024-05-31 09:29:00.677 INFO [main] [com.Tharav.stepDefinition.commonStepDefinition.beforeScenario(commonStepDefinition.java:31)] - Execution started
2024-05-31 09:29:00.678 INFO [main] [com.Tharav.stepDefinition.commonStepDefinition.beforeScenario(commonStepDefinition.java:37)] - Instantiaing  the common methods of Common Methods class  @before Scenaio
2024-05-31 09:29:00.679 INFO [main] [com.Tharav.stepDefinition.commonStepDefinition.beforeScenario(commonStepDefinition.java:41)] - Loading the properties file
2024-05-31 09:29:00.679 INFO [main] [com.Tharav.stepDefinition.commonStepDefinition.beforeScenario(commonStepDefinition.java:43)] - Checking the driver is NULL or NOT?
2024-05-31 09:29:00.680 INFO [main] [com.Tharav.stepDefinition.verifyUserManagementSteps.user_open_the_url_for_UserManagement(verifyUserManagementSteps.java:36)] - Opening the Tharav URL in from User management steps
2024-05-31 09:29:00.685 ERROR [main] [com.Tharav.stepDefinition.verifyUserManagementSteps.user_open_the_url_for_UserManagement(verifyUserManagementSteps.java:44)] - org.openqa.selenium.NoSuchWindowException: no such window: target window already closed
from unknown error: web view not found
  (Session info: chrome=125.0.6422.113)
Build info: version: '3.141.59', revision: 'e82be7d358', time: '2018-11-14T08:17:03'
System info: host: 'LAPTOP-FRFRGCHU', ip: '192.168.86.35', os.name: 'Windows 11', os.arch: 'amd64', os.version: '10.0', java.version: '17.0.5'
Driver info: org.openqa.selenium.chrome.ChromeDriver
Capabilities {acceptInsecureCerts: false, browserName: chrome, browserVersion: 125.0.6422.113, chrome: {chromedriverVersion: 125.0.6422.141 (4b1e8393712..., userDataDir: C:\Users\udhay\AppData\Loca...}, fedcm:accounts: true, goog:chromeOptions: {debuggerAddress: localhost:50972}, javascriptEnabled: true, networkConnectionEnabled: false, pageLoadStrategy: normal, platform: WINDOWS, platformName: WINDOWS, proxy: Proxy(), setWindowRect: true, strictFileInteractability: false, timeouts: {implicit: 0, pageLoad: 300000, script: 30000}, unhandledPromptBehavior: dismiss and notify, webauthn:extension:credBlob: true, webauthn:extension:largeBlob: true, webauthn:extension:minPinLength: true, webauthn:extension:prf: true, webauthn:virtualAuthenticators: true}
Session ID: e1f7e39c0cfe65e9cdd94a3a43b8b887
2024-05-31 09:29:00.702 INFO [main] [com.Tharav.stepDefinition.commonStepDefinition.beforeScenario(commonStepDefinition.java:31)] - Execution started
2024-05-31 09:29:00.703 INFO [main] [com.Tharav.stepDefinition.commonStepDefinition.beforeScenario(commonStepDefinition.java:37)] - Instantiaing  the common methods of Common Methods class  @before Scenaio
2024-05-31 09:29:00.704 INFO [main] [com.Tharav.stepDefinition.commonStepDefinition.beforeScenario(commonStepDefinition.java:41)] - Loading the properties file
2024-05-31 09:29:00.704 INFO [main] [com.Tharav.stepDefinition.commonStepDefinition.beforeScenario(commonStepDefinition.java:43)] - Checking the driver is NULL or NOT?
2024-05-31 09:29:00.704 INFO [main] [com.Tharav.stepDefinition.verifyUserManagementSteps.user_open_the_url_for_UserManagement(verifyUserManagementSteps.java:36)] - Opening the Tharav URL in from User management steps
2024-05-31 09:29:00.709 ERROR [main] [com.Tharav.stepDefinition.verifyUserManagementSteps.user_open_the_url_for_UserManagement(verifyUserManagementSteps.java:44)] - org.openqa.selenium.NoSuchWindowException: no such window: target window already closed
from unknown error: web view not found
  (Session info: chrome=125.0.6422.113)
Build info: version: '3.141.59', revision: 'e82be7d358', time: '2018-11-14T08:17:03'
System info: host: 'LAPTOP-FRFRGCHU', ip: '192.168.86.35', os.name: 'Windows 11', os.arch: 'amd64', os.version: '10.0', java.version: '17.0.5'
Driver info: org.openqa.selenium.chrome.ChromeDriver
Capabilities {acceptInsecureCerts: false, browserName: chrome, browserVersion: 125.0.6422.113, chrome: {chromedriverVersion: 125.0.6422.141 (4b1e8393712..., userDataDir: C:\Users\udhay\AppData\Loca...}, fedcm:accounts: true, goog:chromeOptions: {debuggerAddress: localhost:50972}, javascriptEnabled: true, networkConnectionEnabled: false, pageLoadStrategy: normal, platform: WINDOWS, platformName: WINDOWS, proxy: Proxy(), setWindowRect: true, strictFileInteractability: false, timeouts: {implicit: 0, pageLoad: 300000, script: 30000}, unhandledPromptBehavior: dismiss and notify, webauthn:extension:credBlob: true, webauthn:extension:largeBlob: true, webauthn:extension:minPinLength: true, webauthn:extension:prf: true, webauthn:virtualAuthenticators: true}
Session ID: e1f7e39c0cfe65e9cdd94a3a43b8b887
2024-05-31 09:29:02.965 INFO [main] [com.Tharav.stepDefinition.verifyUserManagementSteps.validate_the_page_is_tharav_url_for_UserManagement(verifyUserManagementSteps.java:56)] - Tharav logo, Email Text Box and Password Box is displayed from User management steps
2024-05-31 09:29:02.976 INFO [main] [com.Tharav.stepDefinition.verifyUserManagementSteps.login_in_the_application_with_valid_credentials(verifyUserManagementSteps.java:73)] - Entered the username and password in verfiy user management steps
2024-05-31 09:29:02.984 INFO [main] [com.Tharav.stepDefinition.verifyUserManagementSteps.login_in_the_application_with_valid_credentials(verifyUserManagementSteps.java:75)] - Click on signin button in verfiy user management steps
2024-05-31 09:29:02.984 INFO [main] [com.Tharav.stepDefinition.verifyUserManagementSteps.login_in_the_application_with_valid_credentials(verifyUserManagementSteps.java:76)] - Login in the application with valid credentials
2024-05-31 09:29:03.011 INFO [main] [com.Tharav.stepDefinition.commonStepDefinition.beforeScenario(commonStepDefinition.java:31)] - Execution started
2024-05-31 09:29:03.011 INFO [main] [com.Tharav.stepDefinition.commonStepDefinition.beforeScenario(commonStepDefinition.java:37)] - Instantiaing  the common methods of Common Methods class  @before Scenaio
2024-05-31 09:29:03.013 INFO [main] [com.Tharav.stepDefinition.commonStepDefinition.beforeScenario(commonStepDefinition.java:41)] - Loading the properties file
2024-05-31 09:29:03.013 INFO [main] [com.Tharav.stepDefinition.commonStepDefinition.beforeScenario(commonStepDefinition.java:43)] - Checking the driver is NULL or NOT?
2024-05-31 09:29:03.015 INFO [main] [com.Tharav.stepDefinition.verifyUserManagementSteps.user_open_the_url_for_UserManagement(verifyUserManagementSteps.java:36)] - Opening the Tharav URL in from User management steps
2024-05-31 09:29:03.019 ERROR [main] [com.Tharav.stepDefinition.verifyUserManagementSteps.user_open_the_url_for_UserManagement(verifyUserManagementSteps.java:44)] - org.openqa.selenium.NoSuchWindowException: no such window: target window already closed
from unknown error: web view not found
  (Session info: chrome=125.0.6422.113)
Build info: version: '3.141.59', revision: 'e82be7d358', time: '2018-11-14T08:17:03'
System info: host: 'LAPTOP-FRFRGCHU', ip: '192.168.86.35', os.name: 'Windows 11', os.arch: 'amd64', os.version: '10.0', java.version: '17.0.5'
Driver info: org.openqa.selenium.chrome.ChromeDriver
Capabilities {acceptInsecureCerts: false, browserName: chrome, browserVersion: 125.0.6422.113, chrome: {chromedriverVersion: 125.0.6422.141 (4b1e8393712..., userDataDir: C:\Users\udhay\AppData\Loca...}, fedcm:accounts: true, goog:chromeOptions: {debuggerAddress: localhost:50821}, javascriptEnabled: true, networkConnectionEnabled: false, pageLoadStrategy: normal, platform: WINDOWS, platformName: WINDOWS, proxy: Proxy(), setWindowRect: true, strictFileInteractability: false, timeouts: {implicit: 0, pageLoad: 300000, script: 30000}, unhandledPromptBehavior: dismiss and notify, webauthn:extension:credBlob: true, webauthn:extension:largeBlob: true, webauthn:extension:minPinLength: true, webauthn:extension:prf: true, webauthn:virtualAuthenticators: true}
Session ID: 63c561bb77fe44033f12659b2d3ea969
2024-05-31 09:29:03.039 INFO [main] [com.Tharav.stepDefinition.commonStepDefinition.beforeScenario(commonStepDefinition.java:31)] - Execution started
2024-05-31 09:29:03.039 INFO [main] [com.Tharav.stepDefinition.commonStepDefinition.beforeScenario(commonStepDefinition.java:37)] - Instantiaing  the common methods of Common Methods class  @before Scenaio
2024-05-31 09:29:03.040 INFO [main] [com.Tharav.stepDefinition.commonStepDefinition.beforeScenario(commonStepDefinition.java:41)] - Loading the properties file
2024-05-31 09:29:03.040 INFO [main] [com.Tharav.stepDefinition.commonStepDefinition.beforeScenario(commonStepDefinition.java:43)] - Checking the driver is NULL or NOT?
2024-05-31 09:29:03.042 INFO [main] [com.Tharav.stepDefinition.verifyUserManagementSteps.user_open_the_url_for_UserManagement(verifyUserManagementSteps.java:36)] - Opening the Tharav URL in from User management steps
2024-05-31 09:29:03.045 ERROR [main] [com.Tharav.stepDefinition.verifyUserManagementSteps.user_open_the_url_for_UserManagement(verifyUserManagementSteps.java:44)] - org.openqa.selenium.NoSuchWindowException: no such window: target window already closed
from unknown error: web view not found
  (Session info: chrome=125.0.6422.113)
Build info: version: '3.141.59', revision: 'e82be7d358', time: '2018-11-14T08:17:03'
System info: host: 'LAPTOP-FRFRGCHU', ip: '192.168.86.35', os.name: 'Windows 11', os.arch: 'amd64', os.version: '10.0', java.version: '17.0.5'
Driver info: org.openqa.selenium.chrome.ChromeDriver
Capabilities {acceptInsecureCerts: false, browserName: chrome, browserVersion: 125.0.6422.113, chrome: {chromedriverVersion: 125.0.6422.141 (4b1e8393712..., userDataDir: C:\Users\udhay\AppData\Loca...}, fedcm:accounts: true, goog:chromeOptions: {debuggerAddress: localhost:50821}, javascriptEnabled: true, networkConnectionEnabled: false, pageLoadStrategy: normal, platform: WINDOWS, platformName: WINDOWS, proxy: Proxy(), setWindowRect: true, strictFileInteractability: false, timeouts: {implicit: 0, pageLoad: 300000, script: 30000}, unhandledPromptBehavior: dismiss and notify, webauthn:extension:credBlob: true, webauthn:extension:largeBlob: true, webauthn:extension:minPinLength: true, webauthn:extension:prf: true, webauthn:virtualAuthenticators: true}
Session ID: 63c561bb77fe44033f12659b2d3ea969
2024-05-31 09:29:03.059 INFO [main] [com.Tharav.stepDefinition.commonStepDefinition.beforeScenario(commonStepDefinition.java:31)] - Execution started
2024-05-31 09:29:03.059 INFO [main] [com.Tharav.stepDefinition.commonStepDefinition.beforeScenario(commonStepDefinition.java:37)] - Instantiaing  the common methods of Common Methods class  @before Scenaio
2024-05-31 09:29:03.059 INFO [main] [com.Tharav.stepDefinition.commonStepDefinition.beforeScenario(commonStepDefinition.java:41)] - Loading the properties file
2024-05-31 09:29:03.059 INFO [main] [com.Tharav.stepDefinition.commonStepDefinition.beforeScenario(commonStepDefinition.java:43)] - Checking the driver is NULL or NOT?
2024-05-31 09:29:03.060 INFO [main] [com.Tharav.stepDefinition.verifyUserManagementSteps.user_open_the_url_for_UserManagement(verifyUserManagementSteps.java:36)] - Opening the Tharav URL in from User management steps
2024-05-31 09:29:03.064 ERROR [main] [com.Tharav.stepDefinition.verifyUserManagementSteps.user_open_the_url_for_UserManagement(verifyUserManagementSteps.java:44)] - org.openqa.selenium.NoSuchWindowException: no such window: target window already closed
from unknown error: web view not found
  (Session info: chrome=125.0.6422.113)
Build info: version: '3.141.59', revision: 'e82be7d358', time: '2018-11-14T08:17:03'
System info: host: 'LAPTOP-FRFRGCHU', ip: '192.168.86.35', os.name: 'Windows 11', os.arch: 'amd64', os.version: '10.0', java.version: '17.0.5'
Driver info: org.openqa.selenium.chrome.ChromeDriver
Capabilities {acceptInsecureCerts: false, browserName: chrome, browserVersion: 125.0.6422.113, chrome: {chromedriverVersion: 125.0.6422.141 (4b1e8393712..., userDataDir: C:\Users\udhay\AppData\Loca...}, fedcm:accounts: true, goog:chromeOptions: {debuggerAddress: localhost:50821}, javascriptEnabled: true, networkConnectionEnabled: false, pageLoadStrategy: normal, platform: WINDOWS, platformName: WINDOWS, proxy: Proxy(), setWindowRect: true, strictFileInteractability: false, timeouts: {implicit: 0, pageLoad: 300000, script: 30000}, unhandledPromptBehavior: dismiss and notify, webauthn:extension:credBlob: true, webauthn:extension:largeBlob: true, webauthn:extension:minPinLength: true, webauthn:extension:prf: true, webauthn:virtualAuthenticators: true}
Session ID: 63c561bb77fe44033f12659b2d3ea969
2024-05-31 09:29:03.081 INFO [main] [com.Tharav.stepDefinition.commonStepDefinition.beforeScenario(commonStepDefinition.java:31)] - Execution started
2024-05-31 09:29:03.081 INFO [main] [com.Tharav.stepDefinition.commonStepDefinition.beforeScenario(commonStepDefinition.java:37)] - Instantiaing  the common methods of Common Methods class  @before Scenaio
2024-05-31 09:29:03.082 INFO [main] [com.Tharav.stepDefinition.commonStepDefinition.beforeScenario(commonStepDefinition.java:41)] - Loading the properties file
2024-05-31 09:29:03.083 INFO [main] [com.Tharav.stepDefinition.commonStepDefinition.beforeScenario(commonStepDefinition.java:43)] - Checking the driver is NULL or NOT?
2024-05-31 09:29:03.083 INFO [main] [com.Tharav.stepDefinition.verifyUserManagementSteps.user_open_the_url_for_UserManagement(verifyUserManagementSteps.java:36)] - Opening the Tharav URL in from User management steps
2024-05-31 09:29:03.087 ERROR [main] [com.Tharav.stepDefinition.verifyUserManagementSteps.user_open_the_url_for_UserManagement(verifyUserManagementSteps.java:44)] - org.openqa.selenium.NoSuchWindowException: no such window: target window already closed
from unknown error: web view not found
  (Session info: chrome=125.0.6422.113)
Build info: version: '3.141.59', revision: 'e82be7d358', time: '2018-11-14T08:17:03'
System info: host: 'LAPTOP-FRFRGCHU', ip: '192.168.86.35', os.name: 'Windows 11', os.arch: 'amd64', os.version: '10.0', java.version: '17.0.5'
Driver info: org.openqa.selenium.chrome.ChromeDriver
Capabilities {acceptInsecureCerts: false, browserName: chrome, browserVersion: 125.0.6422.113, chrome: {chromedriverVersion: 125.0.6422.141 (4b1e8393712..., userDataDir: C:\Users\udhay\AppData\Loca...}, fedcm:accounts: true, goog:chromeOptions: {debuggerAddress: localhost:50821}, javascriptEnabled: true, networkConnectionEnabled: false, pageLoadStrategy: normal, platform: WINDOWS, platformName: WINDOWS, proxy: Proxy(), setWindowRect: true, strictFileInteractability: false, timeouts: {implicit: 0, pageLoad: 300000, script: 30000}, unhandledPromptBehavior: dismiss and notify, webauthn:extension:credBlob: true, webauthn:extension:largeBlob: true, webauthn:extension:minPinLength: true, webauthn:extension:prf: true, webauthn:virtualAuthenticators: true}
Session ID: 63c561bb77fe44033f12659b2d3ea969
2024-05-31 09:29:03.103 INFO [main] [com.Tharav.stepDefinition.commonStepDefinition.beforeScenario(commonStepDefinition.java:31)] - Execution started
2024-05-31 09:29:03.104 INFO [main] [com.Tharav.stepDefinition.commonStepDefinition.beforeScenario(commonStepDefinition.java:37)] - Instantiaing  the common methods of Common Methods class  @before Scenaio
2024-05-31 09:29:03.105 INFO [main] [com.Tharav.stepDefinition.commonStepDefinition.beforeScenario(commonStepDefinition.java:41)] - Loading the properties file
2024-05-31 09:29:03.105 INFO [main] [com.Tharav.stepDefinition.commonStepDefinition.beforeScenario(commonStepDefinition.java:43)] - Checking the driver is NULL or NOT?
2024-05-31 09:29:03.106 INFO [main] [com.Tharav.stepDefinition.verifyUserManagementSteps.user_open_the_url_for_UserManagement(verifyUserManagementSteps.java:36)] - Opening the Tharav URL in from User management steps
2024-05-31 09:29:03.109 ERROR [main] [com.Tharav.stepDefinition.verifyUserManagementSteps.user_open_the_url_for_UserManagement(verifyUserManagementSteps.java:44)] - org.openqa.selenium.NoSuchWindowException: no such window: target window already closed
from unknown error: web view not found
  (Session info: chrome=125.0.6422.113)
Build info: version: '3.141.59', revision: 'e82be7d358', time: '2018-11-14T08:17:03'
System info: host: 'LAPTOP-FRFRGCHU', ip: '192.168.86.35', os.name: 'Windows 11', os.arch: 'amd64', os.version: '10.0', java.version: '17.0.5'
Driver info: org.openqa.selenium.chrome.ChromeDriver
Capabilities {acceptInsecureCerts: false, browserName: chrome, browserVersion: 125.0.6422.113, chrome: {chromedriverVersion: 125.0.6422.141 (4b1e8393712..., userDataDir: C:\Users\udhay\AppData\Loca...}, fedcm:accounts: true, goog:chromeOptions: {debuggerAddress: localhost:50821}, javascriptEnabled: true, networkConnectionEnabled: false, pageLoadStrategy: normal, platform: WINDOWS, platformName: WINDOWS, proxy: Proxy(), setWindowRect: true, strictFileInteractability: false, timeouts: {implicit: 0, pageLoad: 300000, script: 30000}, unhandledPromptBehavior: dismiss and notify, webauthn:extension:credBlob: true, webauthn:extension:largeBlob: true, webauthn:extension:minPinLength: true, webauthn:extension:prf: true, webauthn:virtualAuthenticators: true}
Session ID: 63c561bb77fe44033f12659b2d3ea969
2024-05-31 09:29:03.127 INFO [main] [com.Tharav.stepDefinition.commonStepDefinition.beforeScenario(commonStepDefinition.java:31)] - Execution started
2024-05-31 09:29:03.127 INFO [main] [com.Tharav.stepDefinition.commonStepDefinition.beforeScenario(commonStepDefinition.java:37)] - Instantiaing  the common methods of Common Methods class  @before Scenaio
2024-05-31 09:29:03.128 INFO [main] [com.Tharav.stepDefinition.commonStepDefinition.beforeScenario(commonStepDefinition.java:41)] - Loading the properties file
2024-05-31 09:29:03.129 INFO [main] [com.Tharav.stepDefinition.commonStepDefinition.beforeScenario(commonStepDefinition.java:43)] - Checking the driver is NULL or NOT?
2024-05-31 09:29:03.130 INFO [main] [com.Tharav.stepDefinition.verifyUserManagementSteps.user_open_the_url_for_UserManagement(verifyUserManagementSteps.java:36)] - Opening the Tharav URL in from User management steps
2024-05-31 09:29:03.135 ERROR [main] [com.Tharav.stepDefinition.verifyUserManagementSteps.user_open_the_url_for_UserManagement(verifyUserManagementSteps.java:44)] - org.openqa.selenium.NoSuchWindowException: no such window: target window already closed
from unknown error: web view not found
  (Session info: chrome=125.0.6422.113)
Build info: version: '3.141.59', revision: 'e82be7d358', time: '2018-11-14T08:17:03'
System info: host: 'LAPTOP-FRFRGCHU', ip: '192.168.86.35', os.name: 'Windows 11', os.arch: 'amd64', os.version: '10.0', java.version: '17.0.5'
Driver info: org.openqa.selenium.chrome.ChromeDriver
Capabilities {acceptInsecureCerts: false, browserName: chrome, browserVersion: 125.0.6422.113, chrome: {chromedriverVersion: 125.0.6422.141 (4b1e8393712..., userDataDir: C:\Users\udhay\AppData\Loca...}, fedcm:accounts: true, goog:chromeOptions: {debuggerAddress: localhost:50821}, javascriptEnabled: true, networkConnectionEnabled: false, pageLoadStrategy: normal, platform: WINDOWS, platformName: WINDOWS, proxy: Proxy(), setWindowRect: true, strictFileInteractability: false, timeouts: {implicit: 0, pageLoad: 300000, script: 30000}, unhandledPromptBehavior: dismiss and notify, webauthn:extension:credBlob: true, webauthn:extension:largeBlob: true, webauthn:extension:minPinLength: true, webauthn:extension:prf: true, webauthn:virtualAuthenticators: true}
Session ID: 63c561bb77fe44033f12659b2d3ea969
2024-05-31 09:29:03.151 INFO [main] [com.Tharav.stepDefinition.commonStepDefinition.beforeScenario(commonStepDefinition.java:31)] - Execution started
2024-05-31 09:29:03.151 INFO [main] [com.Tharav.stepDefinition.commonStepDefinition.beforeScenario(commonStepDefinition.java:37)] - Instantiaing  the common methods of Common Methods class  @before Scenaio
2024-05-31 09:29:03.152 INFO [main] [com.Tharav.stepDefinition.commonStepDefinition.beforeScenario(commonStepDefinition.java:41)] - Loading the properties file
2024-05-31 09:29:03.152 INFO [main] [com.Tharav.stepDefinition.commonStepDefinition.beforeScenario(commonStepDefinition.java:43)] - Checking the driver is NULL or NOT?
2024-05-31 09:29:03.153 INFO [main] [com.Tharav.stepDefinition.verifyUserManagementSteps.user_open_the_url_for_UserManagement(verifyUserManagementSteps.java:36)] - Opening the Tharav URL in from User management steps
2024-05-31 09:29:03.157 ERROR [main] [com.Tharav.stepDefinition.verifyUserManagementSteps.user_open_the_url_for_UserManagement(verifyUserManagementSteps.java:44)] - org.openqa.selenium.NoSuchWindowException: no such window: target window already closed
from unknown error: web view not found
  (Session info: chrome=125.0.6422.113)
Build info: version: '3.141.59', revision: 'e82be7d358', time: '2018-11-14T08:17:03'
System info: host: 'LAPTOP-FRFRGCHU', ip: '192.168.86.35', os.name: 'Windows 11', os.arch: 'amd64', os.version: '10.0', java.version: '17.0.5'
Driver info: org.openqa.selenium.chrome.ChromeDriver
Capabilities {acceptInsecureCerts: false, browserName: chrome, browserVersion: 125.0.6422.113, chrome: {chromedriverVersion: 125.0.6422.141 (4b1e8393712..., userDataDir: C:\Users\udhay\AppData\Loca...}, fedcm:accounts: true, goog:chromeOptions: {debuggerAddress: localhost:50821}, javascriptEnabled: true, networkConnectionEnabled: false, pageLoadStrategy: normal, platform: WINDOWS, platformName: WINDOWS, proxy: Proxy(), setWindowRect: true, strictFileInteractability: false, timeouts: {implicit: 0, pageLoad: 300000, script: 30000}, unhandledPromptBehavior: dismiss and notify, webauthn:extension:credBlob: true, webauthn:extension:largeBlob: true, webauthn:extension:minPinLength: true, webauthn:extension:prf: true, webauthn:virtualAuthenticators: true}
Session ID: 63c561bb77fe44033f12659b2d3ea969
2024-05-31 09:29:03.177 INFO [main] [com.Tharav.stepDefinition.commonStepDefinition.beforeScenario(commonStepDefinition.java:31)] - Execution started
2024-05-31 09:29:03.177 INFO [main] [com.Tharav.stepDefinition.commonStepDefinition.beforeScenario(commonStepDefinition.java:37)] - Instantiaing  the common methods of Common Methods class  @before Scenaio
2024-05-31 09:29:03.178 INFO [main] [com.Tharav.stepDefinition.commonStepDefinition.beforeScenario(commonStepDefinition.java:41)] - Loading the properties file
2024-05-31 09:29:03.178 INFO [main] [com.Tharav.stepDefinition.commonStepDefinition.beforeScenario(commonStepDefinition.java:43)] - Checking the driver is NULL or NOT?
2024-05-31 09:29:03.178 INFO [main] [com.Tharav.stepDefinition.verifyUserManagementSteps.user_open_the_url_for_UserManagement(verifyUserManagementSteps.java:36)] - Opening the Tharav URL in from User management steps
2024-05-31 09:29:03.181 ERROR [main] [com.Tharav.stepDefinition.verifyUserManagementSteps.user_open_the_url_for_UserManagement(verifyUserManagementSteps.java:44)] - org.openqa.selenium.NoSuchWindowException: no such window: target window already closed
from unknown error: web view not found
  (Session info: chrome=125.0.6422.113)
Build info: version: '3.141.59', revision: 'e82be7d358', time: '2018-11-14T08:17:03'
System info: host: 'LAPTOP-FRFRGCHU', ip: '192.168.86.35', os.name: 'Windows 11', os.arch: 'amd64', os.version: '10.0', java.version: '17.0.5'
Driver info: org.openqa.selenium.chrome.ChromeDriver
Capabilities {acceptInsecureCerts: false, browserName: chrome, browserVersion: 125.0.6422.113, chrome: {chromedriverVersion: 125.0.6422.141 (4b1e8393712..., userDataDir: C:\Users\udhay\AppData\Loca...}, fedcm:accounts: true, goog:chromeOptions: {debuggerAddress: localhost:50821}, javascriptEnabled: true, networkConnectionEnabled: false, pageLoadStrategy: normal, platform: WINDOWS, platformName: WINDOWS, proxy: Proxy(), setWindowRect: true, strictFileInteractability: false, timeouts: {implicit: 0, pageLoad: 300000, script: 30000}, unhandledPromptBehavior: dismiss and notify, webauthn:extension:credBlob: true, webauthn:extension:largeBlob: true, webauthn:extension:minPinLength: true, webauthn:extension:prf: true, webauthn:virtualAuthenticators: true}
Session ID: 63c561bb77fe44033f12659b2d3ea969
2024-05-31 09:29:03.194 INFO [main] [com.Tharav.stepDefinition.commonStepDefinition.beforeScenario(commonStepDefinition.java:31)] - Execution started
2024-05-31 09:29:03.194 INFO [main] [com.Tharav.stepDefinition.commonStepDefinition.beforeScenario(commonStepDefinition.java:37)] - Instantiaing  the common methods of Common Methods class  @before Scenaio
2024-05-31 09:29:03.195 INFO [main] [com.Tharav.stepDefinition.commonStepDefinition.beforeScenario(commonStepDefinition.java:41)] - Loading the properties file
2024-05-31 09:29:03.195 INFO [main] [com.Tharav.stepDefinition.commonStepDefinition.beforeScenario(commonStepDefinition.java:43)] - Checking the driver is NULL or NOT?
2024-05-31 09:29:03.195 INFO [main] [com.Tharav.stepDefinition.verifyUserManagementSteps.user_open_the_url_for_UserManagement(verifyUserManagementSteps.java:36)] - Opening the Tharav URL in from User management steps
2024-05-31 09:29:03.199 ERROR [main] [com.Tharav.stepDefinition.verifyUserManagementSteps.user_open_the_url_for_UserManagement(verifyUserManagementSteps.java:44)] - org.openqa.selenium.NoSuchWindowException: no such window: target window already closed
from unknown error: web view not found
  (Session info: chrome=125.0.6422.113)
Build info: version: '3.141.59', revision: 'e82be7d358', time: '2018-11-14T08:17:03'
System info: host: 'LAPTOP-FRFRGCHU', ip: '192.168.86.35', os.name: 'Windows 11', os.arch: 'amd64', os.version: '10.0', java.version: '17.0.5'
Driver info: org.openqa.selenium.chrome.ChromeDriver
Capabilities {acceptInsecureCerts: false, browserName: chrome, browserVersion: 125.0.6422.113, chrome: {chromedriverVersion: 125.0.6422.141 (4b1e8393712..., userDataDir: C:\Users\udhay\AppData\Loca...}, fedcm:accounts: true, goog:chromeOptions: {debuggerAddress: localhost:50821}, javascriptEnabled: true, networkConnectionEnabled: false, pageLoadStrategy: normal, platform: WINDOWS, platformName: WINDOWS, proxy: Proxy(), setWindowRect: true, strictFileInteractability: false, timeouts: {implicit: 0, pageLoad: 300000, script: 30000}, unhandledPromptBehavior: dismiss and notify, webauthn:extension:credBlob: true, webauthn:extension:largeBlob: true, webauthn:extension:minPinLength: true, webauthn:extension:prf: true, webauthn:virtualAuthenticators: true}
Session ID: 63c561bb77fe44033f12659b2d3ea969
2024-05-31 09:36:43.908 INFO [main] [com.Tharav.stepDefinition.commonStepDefinition.beforeScenario(commonStepDefinition.java:31)] - Execution started
2024-05-31 09:36:43.911 INFO [main] [com.Tharav.stepDefinition.commonStepDefinition.beforeScenario(commonStepDefinition.java:37)] - Instantiaing  the common methods of Common Methods class  @before Scenaio
2024-05-31 09:36:43.913 INFO [main] [com.Tharav.stepDefinition.commonStepDefinition.beforeScenario(commonStepDefinition.java:41)] - Loading the properties file
2024-05-31 09:36:43.913 INFO [main] [com.Tharav.stepDefinition.commonStepDefinition.beforeScenario(commonStepDefinition.java:43)] - Checking the driver is NULL or NOT?
2024-05-31 09:36:43.914 INFO [main] [com.Tharav.stepDefinition.commonStepDefinition.beforeScenario(commonStepDefinition.java:46)] - Driver is NUll, Launching  the browser
2024-05-31 09:36:45.672 INFO [main] [com.Tharav.stepDefinition.verifyUserManagementSteps.user_open_the_url_for_UserManagement(verifyUserManagementSteps.java:36)] - Opening the Tharav URL in from User management steps
2024-05-31 09:36:46.640 INFO [main] [com.Tharav.stepDefinition.verifyUserManagementSteps.validate_the_page_is_tharav_url_for_UserManagement(verifyUserManagementSteps.java:56)] - Tharav logo, Email Text Box and Password Box is displayed from User management steps
2024-05-31 09:36:47.051 INFO [main] [com.Tharav.stepDefinition.verifyUserManagementSteps.login_in_the_application_with_valid_credentials(verifyUserManagementSteps.java:73)] - Entered the username and password in verfiy user management steps
2024-05-31 09:36:47.117 INFO [main] [com.Tharav.stepDefinition.verifyUserManagementSteps.login_in_the_application_with_valid_credentials(verifyUserManagementSteps.java:75)] - Click on signin button in verfiy user management steps
2024-05-31 09:36:47.117 INFO [main] [com.Tharav.stepDefinition.verifyUserManagementSteps.login_in_the_application_with_valid_credentials(verifyUserManagementSteps.java:76)] - Login in the application with valid credentials
2024-05-31 09:36:47.371 INFO [main] [com.Tharav.stepDefinition.verifyUserManagementSteps.click_on_the_user_mangement_menu(verifyUserManagementSteps.java:93)] - Clicked  User Management Menu in verfiy user management steps
2024-05-31 09:36:47.371 INFO [main] [com.Tharav.stepDefinition.verifyUserManagementSteps.click_on_the_user_mangement_menu(verifyUserManagementSteps.java:94)] - click on the UserMangement menu
2024-05-31 09:36:47.373 INFO [main] [com.Tharav.stepDefinition.verifyUserManagementSteps.validate_i_can_see_the_usermanagement_page(verifyUserManagementSteps.java:101)] - verfiy that i can see in user management steps
2024-05-31 09:36:47.374 INFO [main] [com.Tharav.stepDefinition.verifyUserManagementSteps.validate_i_can_see_the_usermanagement_page(verifyUserManagementSteps.java:102)] - Validate  I can see the usermanagement page
2024-05-31 09:36:52.218 INFO [main] [com.Tharav.stepDefinition.verifyUserManagementSteps.click_on_the_create_role_button(verifyUserManagementSteps.java:113)] - Click on Create role button in user Management steps
2024-05-31 09:36:52.218 INFO [main] [com.Tharav.stepDefinition.verifyUserManagementSteps.click_on_the_create_role_button(verifyUserManagementSteps.java:114)] - click on the create role button
2024-05-31 09:36:52.345 INFO [main] [com.Tharav.stepDefinition.verifyUserManagementSteps.enter_the_valid_Rolename(verifyUserManagementSteps.java:124)] - Rolename is entered in user Management steps
2024-05-31 09:36:52.512 INFO [main] [com.Tharav.stepDefinition.verifyUserManagementSteps.enter_the_valid_Role_Description(verifyUserManagementSteps.java:134)] - Role description is entered in user Management steps
2024-05-31 09:36:52.654 INFO [main] [com.Tharav.stepDefinition.verifyUserManagementSteps.select_the_system_role(verifyUserManagementSteps.java:144)] - System Role is entered in user Management steps
2024-05-31 09:36:52.798 INFO [main] [com.Tharav.stepDefinition.verifyUserManagementSteps.select_the_permissions(verifyUserManagementSteps.java:175)] - permission is selected in user Management steps
2024-05-31 09:36:52.864 INFO [main] [com.Tharav.stepDefinition.verifyUserManagementSteps.click_on_the_create_role_button_to_save_the_role(verifyUserManagementSteps.java:208)] - Click on Create role button in user Management steps
2024-05-31 09:36:53.170 INFO [main] [com.Tharav.stepDefinition.verifyUserManagementSteps.validate_the_role_name_is_in_the_list(verifyUserManagementSteps.java:238)] - The role name is present in the table in user Management steps
2024-05-31 09:37:20.030 INFO [main] [com.Tharav.stepDefinition.commonStepDefinition.beforeScenario(commonStepDefinition.java:31)] - Execution started
2024-05-31 09:37:20.031 INFO [main] [com.Tharav.stepDefinition.commonStepDefinition.beforeScenario(commonStepDefinition.java:37)] - Instantiaing  the common methods of Common Methods class  @before Scenaio
2024-05-31 09:37:20.032 INFO [main] [com.Tharav.stepDefinition.commonStepDefinition.beforeScenario(commonStepDefinition.java:41)] - Loading the properties file
2024-05-31 09:37:20.032 INFO [main] [com.Tharav.stepDefinition.commonStepDefinition.beforeScenario(commonStepDefinition.java:43)] - Checking the driver is NULL or NOT?
2024-05-31 09:37:20.033 INFO [main] [com.Tharav.stepDefinition.verifyUserManagementSteps.user_open_the_url_for_UserManagement(verifyUserManagementSteps.java:36)] - Opening the Tharav URL in from User management steps
2024-05-31 09:37:20.037 ERROR [main] [com.Tharav.stepDefinition.verifyUserManagementSteps.user_open_the_url_for_UserManagement(verifyUserManagementSteps.java:44)] - org.openqa.selenium.NoSuchWindowException: no such window: target window already closed
from unknown error: web view not found
  (Session info: chrome=125.0.6422.113)
Build info: version: '3.141.59', revision: 'e82be7d358', time: '2018-11-14T08:17:03'
System info: host: 'LAPTOP-FRFRGCHU', ip: '192.168.86.35', os.name: 'Windows 11', os.arch: 'amd64', os.version: '10.0', java.version: '17.0.5'
Driver info: org.openqa.selenium.chrome.ChromeDriver
Capabilities {acceptInsecureCerts: false, browserName: chrome, browserVersion: 125.0.6422.113, chrome: {chromedriverVersion: 125.0.6422.141 (4b1e8393712..., userDataDir: C:\Users\udhay\AppData\Loca...}, fedcm:accounts: true, goog:chromeOptions: {debuggerAddress: localhost:51180}, javascriptEnabled: true, networkConnectionEnabled: false, pageLoadStrategy: normal, platform: WINDOWS, platformName: WINDOWS, proxy: Proxy(), setWindowRect: true, strictFileInteractability: false, timeouts: {implicit: 0, pageLoad: 300000, script: 30000}, unhandledPromptBehavior: dismiss and notify, webauthn:extension:credBlob: true, webauthn:extension:largeBlob: true, webauthn:extension:minPinLength: true, webauthn:extension:prf: true, webauthn:virtualAuthenticators: true}
Session ID: b116190f456f83455881ace13b941ed1
2024-05-31 09:37:20.062 INFO [main] [com.Tharav.stepDefinition.commonStepDefinition.beforeScenario(commonStepDefinition.java:31)] - Execution started
2024-05-31 09:37:20.062 INFO [main] [com.Tharav.stepDefinition.commonStepDefinition.beforeScenario(commonStepDefinition.java:37)] - Instantiaing  the common methods of Common Methods class  @before Scenaio
2024-05-31 09:37:20.063 INFO [main] [com.Tharav.stepDefinition.commonStepDefinition.beforeScenario(commonStepDefinition.java:41)] - Loading the properties file
2024-05-31 09:37:20.063 INFO [main] [com.Tharav.stepDefinition.commonStepDefinition.beforeScenario(commonStepDefinition.java:43)] - Checking the driver is NULL or NOT?
2024-05-31 09:37:20.064 INFO [main] [com.Tharav.stepDefinition.verifyUserManagementSteps.user_open_the_url_for_UserManagement(verifyUserManagementSteps.java:36)] - Opening the Tharav URL in from User management steps
2024-05-31 09:37:20.067 ERROR [main] [com.Tharav.stepDefinition.verifyUserManagementSteps.user_open_the_url_for_UserManagement(verifyUserManagementSteps.java:44)] - org.openqa.selenium.NoSuchWindowException: no such window: target window already closed
from unknown error: web view not found
  (Session info: chrome=125.0.6422.113)
Build info: version: '3.141.59', revision: 'e82be7d358', time: '2018-11-14T08:17:03'
System info: host: 'LAPTOP-FRFRGCHU', ip: '192.168.86.35', os.name: 'Windows 11', os.arch: 'amd64', os.version: '10.0', java.version: '17.0.5'
Driver info: org.openqa.selenium.chrome.ChromeDriver
Capabilities {acceptInsecureCerts: false, browserName: chrome, browserVersion: 125.0.6422.113, chrome: {chromedriverVersion: 125.0.6422.141 (4b1e8393712..., userDataDir: C:\Users\udhay\AppData\Loca...}, fedcm:accounts: true, goog:chromeOptions: {debuggerAddress: localhost:51180}, javascriptEnabled: true, networkConnectionEnabled: false, pageLoadStrategy: normal, platform: WINDOWS, platformName: WINDOWS, proxy: Proxy(), setWindowRect: true, strictFileInteractability: false, timeouts: {implicit: 0, pageLoad: 300000, script: 30000}, unhandledPromptBehavior: dismiss and notify, webauthn:extension:credBlob: true, webauthn:extension:largeBlob: true, webauthn:extension:minPinLength: true, webauthn:extension:prf: true, webauthn:virtualAuthenticators: true}
Session ID: b116190f456f83455881ace13b941ed1
2024-05-31 09:37:20.089 INFO [main] [com.Tharav.stepDefinition.commonStepDefinition.beforeScenario(commonStepDefinition.java:31)] - Execution started
2024-05-31 09:37:20.089 INFO [main] [com.Tharav.stepDefinition.commonStepDefinition.beforeScenario(commonStepDefinition.java:37)] - Instantiaing  the common methods of Common Methods class  @before Scenaio
2024-05-31 09:37:20.090 INFO [main] [com.Tharav.stepDefinition.commonStepDefinition.beforeScenario(commonStepDefinition.java:41)] - Loading the properties file
2024-05-31 09:37:20.090 INFO [main] [com.Tharav.stepDefinition.commonStepDefinition.beforeScenario(commonStepDefinition.java:43)] - Checking the driver is NULL or NOT?
2024-05-31 09:37:20.091 INFO [main] [com.Tharav.stepDefinition.verifyUserManagementSteps.user_open_the_url_for_UserManagement(verifyUserManagementSteps.java:36)] - Opening the Tharav URL in from User management steps
2024-05-31 09:37:20.094 ERROR [main] [com.Tharav.stepDefinition.verifyUserManagementSteps.user_open_the_url_for_UserManagement(verifyUserManagementSteps.java:44)] - org.openqa.selenium.NoSuchWindowException: no such window: target window already closed
from unknown error: web view not found
  (Session info: chrome=125.0.6422.113)
Build info: version: '3.141.59', revision: 'e82be7d358', time: '2018-11-14T08:17:03'
System info: host: 'LAPTOP-FRFRGCHU', ip: '192.168.86.35', os.name: 'Windows 11', os.arch: 'amd64', os.version: '10.0', java.version: '17.0.5'
Driver info: org.openqa.selenium.chrome.ChromeDriver
Capabilities {acceptInsecureCerts: false, browserName: chrome, browserVersion: 125.0.6422.113, chrome: {chromedriverVersion: 125.0.6422.141 (4b1e8393712..., userDataDir: C:\Users\udhay\AppData\Loca...}, fedcm:accounts: true, goog:chromeOptions: {debuggerAddress: localhost:51180}, javascriptEnabled: true, networkConnectionEnabled: false, pageLoadStrategy: normal, platform: WINDOWS, platformName: WINDOWS, proxy: Proxy(), setWindowRect: true, strictFileInteractability: false, timeouts: {implicit: 0, pageLoad: 300000, script: 30000}, unhandledPromptBehavior: dismiss and notify, webauthn:extension:credBlob: true, webauthn:extension:largeBlob: true, webauthn:extension:minPinLength: true, webauthn:extension:prf: true, webauthn:virtualAuthenticators: true}
Session ID: b116190f456f83455881ace13b941ed1
2024-05-31 09:37:20.118 INFO [main] [com.Tharav.stepDefinition.commonStepDefinition.beforeScenario(commonStepDefinition.java:31)] - Execution started
2024-05-31 09:37:20.118 INFO [main] [com.Tharav.stepDefinition.commonStepDefinition.beforeScenario(commonStepDefinition.java:37)] - Instantiaing  the common methods of Common Methods class  @before Scenaio
2024-05-31 09:37:20.120 INFO [main] [com.Tharav.stepDefinition.commonStepDefinition.beforeScenario(commonStepDefinition.java:41)] - Loading the properties file
2024-05-31 09:37:20.120 INFO [main] [com.Tharav.stepDefinition.commonStepDefinition.beforeScenario(commonStepDefinition.java:43)] - Checking the driver is NULL or NOT?
2024-05-31 09:37:20.121 INFO [main] [com.Tharav.stepDefinition.verifyUserManagementSteps.user_open_the_url_for_UserManagement(verifyUserManagementSteps.java:36)] - Opening the Tharav URL in from User management steps
2024-05-31 09:37:20.126 ERROR [main] [com.Tharav.stepDefinition.verifyUserManagementSteps.user_open_the_url_for_UserManagement(verifyUserManagementSteps.java:44)] - org.openqa.selenium.NoSuchWindowException: no such window: target window already closed
from unknown error: web view not found
  (Session info: chrome=125.0.6422.113)
Build info: version: '3.141.59', revision: 'e82be7d358', time: '2018-11-14T08:17:03'
System info: host: 'LAPTOP-FRFRGCHU', ip: '192.168.86.35', os.name: 'Windows 11', os.arch: 'amd64', os.version: '10.0', java.version: '17.0.5'
Driver info: org.openqa.selenium.chrome.ChromeDriver
Capabilities {acceptInsecureCerts: false, browserName: chrome, browserVersion: 125.0.6422.113, chrome: {chromedriverVersion: 125.0.6422.141 (4b1e8393712..., userDataDir: C:\Users\udhay\AppData\Loca...}, fedcm:accounts: true, goog:chromeOptions: {debuggerAddress: localhost:51180}, javascriptEnabled: true, networkConnectionEnabled: false, pageLoadStrategy: normal, platform: WINDOWS, platformName: WINDOWS, proxy: Proxy(), setWindowRect: true, strictFileInteractability: false, timeouts: {implicit: 0, pageLoad: 300000, script: 30000}, unhandledPromptBehavior: dismiss and notify, webauthn:extension:credBlob: true, webauthn:extension:largeBlob: true, webauthn:extension:minPinLength: true, webauthn:extension:prf: true, webauthn:virtualAuthenticators: true}
Session ID: b116190f456f83455881ace13b941ed1
2024-05-31 09:37:20.149 INFO [main] [com.Tharav.stepDefinition.commonStepDefinition.beforeScenario(commonStepDefinition.java:31)] - Execution started
2024-05-31 09:37:20.149 INFO [main] [com.Tharav.stepDefinition.commonStepDefinition.beforeScenario(commonStepDefinition.java:37)] - Instantiaing  the common methods of Common Methods class  @before Scenaio
2024-05-31 09:37:20.150 INFO [main] [com.Tharav.stepDefinition.commonStepDefinition.beforeScenario(commonStepDefinition.java:41)] - Loading the properties file
2024-05-31 09:37:20.151 INFO [main] [com.Tharav.stepDefinition.commonStepDefinition.beforeScenario(commonStepDefinition.java:43)] - Checking the driver is NULL or NOT?
2024-05-31 09:37:20.152 INFO [main] [com.Tharav.stepDefinition.verifyUserManagementSteps.user_open_the_url_for_UserManagement(verifyUserManagementSteps.java:36)] - Opening the Tharav URL in from User management steps
2024-05-31 09:37:20.156 ERROR [main] [com.Tharav.stepDefinition.verifyUserManagementSteps.user_open_the_url_for_UserManagement(verifyUserManagementSteps.java:44)] - org.openqa.selenium.NoSuchWindowException: no such window: target window already closed
from unknown error: web view not found
  (Session info: chrome=125.0.6422.113)
Build info: version: '3.141.59', revision: 'e82be7d358', time: '2018-11-14T08:17:03'
System info: host: 'LAPTOP-FRFRGCHU', ip: '192.168.86.35', os.name: 'Windows 11', os.arch: 'amd64', os.version: '10.0', java.version: '17.0.5'
Driver info: org.openqa.selenium.chrome.ChromeDriver
Capabilities {acceptInsecureCerts: false, browserName: chrome, browserVersion: 125.0.6422.113, chrome: {chromedriverVersion: 125.0.6422.141 (4b1e8393712..., userDataDir: C:\Users\udhay\AppData\Loca...}, fedcm:accounts: true, goog:chromeOptions: {debuggerAddress: localhost:51180}, javascriptEnabled: true, networkConnectionEnabled: false, pageLoadStrategy: normal, platform: WINDOWS, platformName: WINDOWS, proxy: Proxy(), setWindowRect: true, strictFileInteractability: false, timeouts: {implicit: 0, pageLoad: 300000, script: 30000}, unhandledPromptBehavior: dismiss and notify, webauthn:extension:credBlob: true, webauthn:extension:largeBlob: true, webauthn:extension:minPinLength: true, webauthn:extension:prf: true, webauthn:virtualAuthenticators: true}
Session ID: b116190f456f83455881ace13b941ed1
2024-05-31 09:37:20.174 INFO [main] [com.Tharav.stepDefinition.commonStepDefinition.beforeScenario(commonStepDefinition.java:31)] - Execution started
2024-05-31 09:37:20.175 INFO [main] [com.Tharav.stepDefinition.commonStepDefinition.beforeScenario(commonStepDefinition.java:37)] - Instantiaing  the common methods of Common Methods class  @before Scenaio
2024-05-31 09:37:20.176 INFO [main] [com.Tharav.stepDefinition.commonStepDefinition.beforeScenario(commonStepDefinition.java:41)] - Loading the properties file
2024-05-31 09:37:20.176 INFO [main] [com.Tharav.stepDefinition.commonStepDefinition.beforeScenario(commonStepDefinition.java:43)] - Checking the driver is NULL or NOT?
2024-05-31 09:37:20.177 INFO [main] [com.Tharav.stepDefinition.verifyUserManagementSteps.user_open_the_url_for_UserManagement(verifyUserManagementSteps.java:36)] - Opening the Tharav URL in from User management steps
2024-05-31 09:37:20.181 ERROR [main] [com.Tharav.stepDefinition.verifyUserManagementSteps.user_open_the_url_for_UserManagement(verifyUserManagementSteps.java:44)] - org.openqa.selenium.NoSuchWindowException: no such window: target window already closed
from unknown error: web view not found
  (Session info: chrome=125.0.6422.113)
Build info: version: '3.141.59', revision: 'e82be7d358', time: '2018-11-14T08:17:03'
System info: host: 'LAPTOP-FRFRGCHU', ip: '192.168.86.35', os.name: 'Windows 11', os.arch: 'amd64', os.version: '10.0', java.version: '17.0.5'
Driver info: org.openqa.selenium.chrome.ChromeDriver
Capabilities {acceptInsecureCerts: false, browserName: chrome, browserVersion: 125.0.6422.113, chrome: {chromedriverVersion: 125.0.6422.141 (4b1e8393712..., userDataDir: C:\Users\udhay\AppData\Loca...}, fedcm:accounts: true, goog:chromeOptions: {debuggerAddress: localhost:51180}, javascriptEnabled: true, networkConnectionEnabled: false, pageLoadStrategy: normal, platform: WINDOWS, platformName: WINDOWS, proxy: Proxy(), setWindowRect: true, strictFileInteractability: false, timeouts: {implicit: 0, pageLoad: 300000, script: 30000}, unhandledPromptBehavior: dismiss and notify, webauthn:extension:credBlob: true, webauthn:extension:largeBlob: true, webauthn:extension:minPinLength: true, webauthn:extension:prf: true, webauthn:virtualAuthenticators: true}
Session ID: b116190f456f83455881ace13b941ed1
2024-05-31 09:37:20.202 INFO [main] [com.Tharav.stepDefinition.commonStepDefinition.beforeScenario(commonStepDefinition.java:31)] - Execution started
2024-05-31 09:37:20.202 INFO [main] [com.Tharav.stepDefinition.commonStepDefinition.beforeScenario(commonStepDefinition.java:37)] - Instantiaing  the common methods of Common Methods class  @before Scenaio
2024-05-31 09:37:20.203 INFO [main] [com.Tharav.stepDefinition.commonStepDefinition.beforeScenario(commonStepDefinition.java:41)] - Loading the properties file
2024-05-31 09:37:20.203 INFO [main] [com.Tharav.stepDefinition.commonStepDefinition.beforeScenario(commonStepDefinition.java:43)] - Checking the driver is NULL or NOT?
2024-05-31 09:37:20.204 INFO [main] [com.Tharav.stepDefinition.verifyUserManagementSteps.user_open_the_url_for_UserManagement(verifyUserManagementSteps.java:36)] - Opening the Tharav URL in from User management steps
2024-05-31 09:37:20.209 ERROR [main] [com.Tharav.stepDefinition.verifyUserManagementSteps.user_open_the_url_for_UserManagement(verifyUserManagementSteps.java:44)] - org.openqa.selenium.NoSuchWindowException: no such window: target window already closed
from unknown error: web view not found
  (Session info: chrome=125.0.6422.113)
Build info: version: '3.141.59', revision: 'e82be7d358', time: '2018-11-14T08:17:03'
System info: host: 'LAPTOP-FRFRGCHU', ip: '192.168.86.35', os.name: 'Windows 11', os.arch: 'amd64', os.version: '10.0', java.version: '17.0.5'
Driver info: org.openqa.selenium.chrome.ChromeDriver
Capabilities {acceptInsecureCerts: false, browserName: chrome, browserVersion: 125.0.6422.113, chrome: {chromedriverVersion: 125.0.6422.141 (4b1e8393712..., userDataDir: C:\Users\udhay\AppData\Loca...}, fedcm:accounts: true, goog:chromeOptions: {debuggerAddress: localhost:51180}, javascriptEnabled: true, networkConnectionEnabled: false, pageLoadStrategy: normal, platform: WINDOWS, platformName: WINDOWS, proxy: Proxy(), setWindowRect: true, strictFileInteractability: false, timeouts: {implicit: 0, pageLoad: 300000, script: 30000}, unhandledPromptBehavior: dismiss and notify, webauthn:extension:credBlob: true, webauthn:extension:largeBlob: true, webauthn:extension:minPinLength: true, webauthn:extension:prf: true, webauthn:virtualAuthenticators: true}
Session ID: b116190f456f83455881ace13b941ed1
2024-05-31 09:37:20.229 INFO [main] [com.Tharav.stepDefinition.commonStepDefinition.beforeScenario(commonStepDefinition.java:31)] - Execution started
2024-05-31 09:37:20.229 INFO [main] [com.Tharav.stepDefinition.commonStepDefinition.beforeScenario(commonStepDefinition.java:37)] - Instantiaing  the common methods of Common Methods class  @before Scenaio
2024-05-31 09:37:20.231 INFO [main] [com.Tharav.stepDefinition.commonStepDefinition.beforeScenario(commonStepDefinition.java:41)] - Loading the properties file
2024-05-31 09:37:20.231 INFO [main] [com.Tharav.stepDefinition.commonStepDefinition.beforeScenario(commonStepDefinition.java:43)] - Checking the driver is NULL or NOT?
2024-05-31 09:37:20.232 INFO [main] [com.Tharav.stepDefinition.verifyUserManagementSteps.user_open_the_url_for_UserManagement(verifyUserManagementSteps.java:36)] - Opening the Tharav URL in from User management steps
2024-05-31 09:37:20.237 ERROR [main] [com.Tharav.stepDefinition.verifyUserManagementSteps.user_open_the_url_for_UserManagement(verifyUserManagementSteps.java:44)] - org.openqa.selenium.NoSuchWindowException: no such window: target window already closed
from unknown error: web view not found
  (Session info: chrome=125.0.6422.113)
Build info: version: '3.141.59', revision: 'e82be7d358', time: '2018-11-14T08:17:03'
System info: host: 'LAPTOP-FRFRGCHU', ip: '192.168.86.35', os.name: 'Windows 11', os.arch: 'amd64', os.version: '10.0', java.version: '17.0.5'
Driver info: org.openqa.selenium.chrome.ChromeDriver
Capabilities {acceptInsecureCerts: false, browserName: chrome, browserVersion: 125.0.6422.113, chrome: {chromedriverVersion: 125.0.6422.141 (4b1e8393712..., userDataDir: C:\Users\udhay\AppData\Loca...}, fedcm:accounts: true, goog:chromeOptions: {debuggerAddress: localhost:51180}, javascriptEnabled: true, networkConnectionEnabled: false, pageLoadStrategy: normal, platform: WINDOWS, platformName: WINDOWS, proxy: Proxy(), setWindowRect: true, strictFileInteractability: false, timeouts: {implicit: 0, pageLoad: 300000, script: 30000}, unhandledPromptBehavior: dismiss and notify, webauthn:extension:credBlob: true, webauthn:extension:largeBlob: true, webauthn:extension:minPinLength: true, webauthn:extension:prf: true, webauthn:virtualAuthenticators: true}
Session ID: b116190f456f83455881ace13b941ed1
2024-05-31 09:37:20.256 INFO [main] [com.Tharav.stepDefinition.commonStepDefinition.beforeScenario(commonStepDefinition.java:31)] - Execution started
2024-05-31 09:37:20.257 INFO [main] [com.Tharav.stepDefinition.commonStepDefinition.beforeScenario(commonStepDefinition.java:37)] - Instantiaing  the common methods of Common Methods class  @before Scenaio
2024-05-31 09:37:20.258 INFO [main] [com.Tharav.stepDefinition.commonStepDefinition.beforeScenario(commonStepDefinition.java:41)] - Loading the properties file
2024-05-31 09:37:20.258 INFO [main] [com.Tharav.stepDefinition.commonStepDefinition.beforeScenario(commonStepDefinition.java:43)] - Checking the driver is NULL or NOT?
2024-05-31 09:37:20.259 INFO [main] [com.Tharav.stepDefinition.verifyUserManagementSteps.user_open_the_url_for_UserManagement(verifyUserManagementSteps.java:36)] - Opening the Tharav URL in from User management steps
2024-05-31 09:37:20.263 ERROR [main] [com.Tharav.stepDefinition.verifyUserManagementSteps.user_open_the_url_for_UserManagement(verifyUserManagementSteps.java:44)] - org.openqa.selenium.NoSuchWindowException: no such window: target window already closed
from unknown error: web view not found
  (Session info: chrome=125.0.6422.113)
Build info: version: '3.141.59', revision: 'e82be7d358', time: '2018-11-14T08:17:03'
System info: host: 'LAPTOP-FRFRGCHU', ip: '192.168.86.35', os.name: 'Windows 11', os.arch: 'amd64', os.version: '10.0', java.version: '17.0.5'
Driver info: org.openqa.selenium.chrome.ChromeDriver
Capabilities {acceptInsecureCerts: false, browserName: chrome, browserVersion: 125.0.6422.113, chrome: {chromedriverVersion: 125.0.6422.141 (4b1e8393712..., userDataDir: C:\Users\udhay\AppData\Loca...}, fedcm:accounts: true, goog:chromeOptions: {debuggerAddress: localhost:51180}, javascriptEnabled: true, networkConnectionEnabled: false, pageLoadStrategy: normal, platform: WINDOWS, platformName: WINDOWS, proxy: Proxy(), setWindowRect: true, strictFileInteractability: false, timeouts: {implicit: 0, pageLoad: 300000, script: 30000}, unhandledPromptBehavior: dismiss and notify, webauthn:extension:credBlob: true, webauthn:extension:largeBlob: true, webauthn:extension:minPinLength: true, webauthn:extension:prf: true, webauthn:virtualAuthenticators: true}
Session ID: b116190f456f83455881ace13b941ed1
2024-05-31 09:37:20.286 INFO [main] [com.Tharav.stepDefinition.commonStepDefinition.beforeScenario(commonStepDefinition.java:31)] - Execution started
2024-05-31 09:37:20.287 INFO [main] [com.Tharav.stepDefinition.commonStepDefinition.beforeScenario(commonStepDefinition.java:37)] - Instantiaing  the common methods of Common Methods class  @before Scenaio
2024-05-31 09:37:20.288 INFO [main] [com.Tharav.stepDefinition.commonStepDefinition.beforeScenario(commonStepDefinition.java:41)] - Loading the properties file
2024-05-31 09:37:20.288 INFO [main] [com.Tharav.stepDefinition.commonStepDefinition.beforeScenario(commonStepDefinition.java:43)] - Checking the driver is NULL or NOT?
2024-05-31 09:37:20.289 INFO [main] [com.Tharav.stepDefinition.verifyUserManagementSteps.user_open_the_url_for_UserManagement(verifyUserManagementSteps.java:36)] - Opening the Tharav URL in from User management steps
2024-05-31 09:37:20.294 ERROR [main] [com.Tharav.stepDefinition.verifyUserManagementSteps.user_open_the_url_for_UserManagement(verifyUserManagementSteps.java:44)] - org.openqa.selenium.NoSuchWindowException: no such window: target window already closed
from unknown error: web view not found
  (Session info: chrome=125.0.6422.113)
Build info: version: '3.141.59', revision: 'e82be7d358', time: '2018-11-14T08:17:03'
System info: host: 'LAPTOP-FRFRGCHU', ip: '192.168.86.35', os.name: 'Windows 11', os.arch: 'amd64', os.version: '10.0', java.version: '17.0.5'
Driver info: org.openqa.selenium.chrome.ChromeDriver
Capabilities {acceptInsecureCerts: false, browserName: chrome, browserVersion: 125.0.6422.113, chrome: {chromedriverVersion: 125.0.6422.141 (4b1e8393712..., userDataDir: C:\Users\udhay\AppData\Loca...}, fedcm:accounts: true, goog:chromeOptions: {debuggerAddress: localhost:51180}, javascriptEnabled: true, networkConnectionEnabled: false, pageLoadStrategy: normal, platform: WINDOWS, platformName: WINDOWS, proxy: Proxy(), setWindowRect: true, strictFileInteractability: false, timeouts: {implicit: 0, pageLoad: 300000, script: 30000}, unhandledPromptBehavior: dismiss and notify, webauthn:extension:credBlob: true, webauthn:extension:largeBlob: true, webauthn:extension:minPinLength: true, webauthn:extension:prf: true, webauthn:virtualAuthenticators: true}
Session ID: b116190f456f83455881ace13b941ed1
2024-05-31 09:37:20.318 INFO [main] [com.Tharav.stepDefinition.commonStepDefinition.beforeScenario(commonStepDefinition.java:31)] - Execution started
2024-05-31 09:37:20.318 INFO [main] [com.Tharav.stepDefinition.commonStepDefinition.beforeScenario(commonStepDefinition.java:37)] - Instantiaing  the common methods of Common Methods class  @before Scenaio
2024-05-31 09:37:20.319 INFO [main] [com.Tharav.stepDefinition.commonStepDefinition.beforeScenario(commonStepDefinition.java:41)] - Loading the properties file
2024-05-31 09:37:20.320 INFO [main] [com.Tharav.stepDefinition.commonStepDefinition.beforeScenario(commonStepDefinition.java:43)] - Checking the driver is NULL or NOT?
2024-05-31 09:37:20.321 INFO [main] [com.Tharav.stepDefinition.verifyUserManagementSteps.user_open_the_url_for_UserManagement(verifyUserManagementSteps.java:36)] - Opening the Tharav URL in from User management steps
2024-05-31 09:37:20.324 ERROR [main] [com.Tharav.stepDefinition.verifyUserManagementSteps.user_open_the_url_for_UserManagement(verifyUserManagementSteps.java:44)] - org.openqa.selenium.NoSuchWindowException: no such window: target window already closed
from unknown error: web view not found
  (Session info: chrome=125.0.6422.113)
Build info: version: '3.141.59', revision: 'e82be7d358', time: '2018-11-14T08:17:03'
System info: host: 'LAPTOP-FRFRGCHU', ip: '192.168.86.35', os.name: 'Windows 11', os.arch: 'amd64', os.version: '10.0', java.version: '17.0.5'
Driver info: org.openqa.selenium.chrome.ChromeDriver
Capabilities {acceptInsecureCerts: false, browserName: chrome, browserVersion: 125.0.6422.113, chrome: {chromedriverVersion: 125.0.6422.141 (4b1e8393712..., userDataDir: C:\Users\udhay\AppData\Loca...}, fedcm:accounts: true, goog:chromeOptions: {debuggerAddress: localhost:51180}, javascriptEnabled: true, networkConnectionEnabled: false, pageLoadStrategy: normal, platform: WINDOWS, platformName: WINDOWS, proxy: Proxy(), setWindowRect: true, strictFileInteractability: false, timeouts: {implicit: 0, pageLoad: 300000, script: 30000}, unhandledPromptBehavior: dismiss and notify, webauthn:extension:credBlob: true, webauthn:extension:largeBlob: true, webauthn:extension:minPinLength: true, webauthn:extension:prf: true, webauthn:virtualAuthenticators: true}
Session ID: b116190f456f83455881ace13b941ed1
2024-05-31 09:37:20.339 INFO [main] [com.Tharav.stepDefinition.commonStepDefinition.beforeScenario(commonStepDefinition.java:31)] - Execution started
2024-05-31 09:37:20.340 INFO [main] [com.Tharav.stepDefinition.commonStepDefinition.beforeScenario(commonStepDefinition.java:37)] - Instantiaing  the common methods of Common Methods class  @before Scenaio
2024-05-31 09:37:20.341 INFO [main] [com.Tharav.stepDefinition.commonStepDefinition.beforeScenario(commonStepDefinition.java:41)] - Loading the properties file
2024-05-31 09:37:20.341 INFO [main] [com.Tharav.stepDefinition.commonStepDefinition.beforeScenario(commonStepDefinition.java:43)] - Checking the driver is NULL or NOT?
2024-05-31 09:37:20.341 INFO [main] [com.Tharav.stepDefinition.verifyUserManagementSteps.user_open_the_url_for_UserManagement(verifyUserManagementSteps.java:36)] - Opening the Tharav URL in from User management steps
2024-05-31 09:37:20.345 ERROR [main] [com.Tharav.stepDefinition.verifyUserManagementSteps.user_open_the_url_for_UserManagement(verifyUserManagementSteps.java:44)] - org.openqa.selenium.NoSuchWindowException: no such window: target window already closed
from unknown error: web view not found
  (Session info: chrome=125.0.6422.113)
Build info: version: '3.141.59', revision: 'e82be7d358', time: '2018-11-14T08:17:03'
System info: host: 'LAPTOP-FRFRGCHU', ip: '192.168.86.35', os.name: 'Windows 11', os.arch: 'amd64', os.version: '10.0', java.version: '17.0.5'
Driver info: org.openqa.selenium.chrome.ChromeDriver
Capabilities {acceptInsecureCerts: false, browserName: chrome, browserVersion: 125.0.6422.113, chrome: {chromedriverVersion: 125.0.6422.141 (4b1e8393712..., userDataDir: C:\Users\udhay\AppData\Loca...}, fedcm:accounts: true, goog:chromeOptions: {debuggerAddress: localhost:51180}, javascriptEnabled: true, networkConnectionEnabled: false, pageLoadStrategy: normal, platform: WINDOWS, platformName: WINDOWS, proxy: Proxy(), setWindowRect: true, strictFileInteractability: false, timeouts: {implicit: 0, pageLoad: 300000, script: 30000}, unhandledPromptBehavior: dismiss and notify, webauthn:extension:credBlob: true, webauthn:extension:largeBlob: true, webauthn:extension:minPinLength: true, webauthn:extension:prf: true, webauthn:virtualAuthenticators: true}
Session ID: b116190f456f83455881ace13b941ed1
2024-05-31 09:39:20.260 INFO [main] [com.Tharav.stepDefinition.commonStepDefinition.beforeScenario(commonStepDefinition.java:31)] - Execution started
2024-05-31 09:39:20.263 INFO [main] [com.Tharav.stepDefinition.commonStepDefinition.beforeScenario(commonStepDefinition.java:37)] - Instantiaing  the common methods of Common Methods class  @before Scenaio
2024-05-31 09:39:20.263 INFO [main] [com.Tharav.stepDefinition.commonStepDefinition.beforeScenario(commonStepDefinition.java:41)] - Loading the properties file
2024-05-31 09:39:20.263 INFO [main] [com.Tharav.stepDefinition.commonStepDefinition.beforeScenario(commonStepDefinition.java:43)] - Checking the driver is NULL or NOT?
2024-05-31 09:39:20.265 INFO [main] [com.Tharav.stepDefinition.commonStepDefinition.beforeScenario(commonStepDefinition.java:46)] - Driver is NUll, Launching  the browser
2024-05-31 09:39:22.046 INFO [main] [com.Tharav.stepDefinition.verifyUserManagementSteps.user_open_the_url_for_UserManagement(verifyUserManagementSteps.java:36)] - Opening the Tharav URL in from User management steps
2024-05-31 09:39:23.045 INFO [main] [com.Tharav.stepDefinition.verifyUserManagementSteps.validate_the_page_is_tharav_url_for_UserManagement(verifyUserManagementSteps.java:56)] - Tharav logo, Email Text Box and Password Box is displayed from User management steps
2024-05-31 09:39:23.442 INFO [main] [com.Tharav.stepDefinition.verifyUserManagementSteps.login_in_the_application_with_valid_credentials(verifyUserManagementSteps.java:73)] - Entered the username and password in verfiy user management steps
2024-05-31 09:39:23.505 INFO [main] [com.Tharav.stepDefinition.verifyUserManagementSteps.login_in_the_application_with_valid_credentials(verifyUserManagementSteps.java:75)] - Click on signin button in verfiy user management steps
2024-05-31 09:39:23.505 INFO [main] [com.Tharav.stepDefinition.verifyUserManagementSteps.login_in_the_application_with_valid_credentials(verifyUserManagementSteps.java:76)] - Login in the application with valid credentials
2024-05-31 09:39:23.740 INFO [main] [com.Tharav.stepDefinition.verifyUserManagementSteps.click_on_the_user_mangement_menu(verifyUserManagementSteps.java:93)] - Clicked  User Management Menu in verfiy user management steps
2024-05-31 09:39:23.741 INFO [main] [com.Tharav.stepDefinition.verifyUserManagementSteps.click_on_the_user_mangement_menu(verifyUserManagementSteps.java:94)] - click on the UserMangement menu
2024-05-31 09:39:23.742 INFO [main] [com.Tharav.stepDefinition.verifyUserManagementSteps.validate_i_can_see_the_usermanagement_page(verifyUserManagementSteps.java:101)] - verfiy that i can see in user management steps
2024-05-31 09:39:23.743 INFO [main] [com.Tharav.stepDefinition.verifyUserManagementSteps.validate_i_can_see_the_usermanagement_page(verifyUserManagementSteps.java:102)] - Validate  I can see the usermanagement page
2024-05-31 09:39:28.611 INFO [main] [com.Tharav.stepDefinition.verifyUserManagementSteps.click_on_the_create_role_button(verifyUserManagementSteps.java:113)] - Click on Create role button in user Management steps
2024-05-31 09:39:28.611 INFO [main] [com.Tharav.stepDefinition.verifyUserManagementSteps.click_on_the_create_role_button(verifyUserManagementSteps.java:114)] - click on the create role button
2024-05-31 09:39:28.745 INFO [main] [com.Tharav.stepDefinition.verifyUserManagementSteps.enter_the_valid_Rolename(verifyUserManagementSteps.java:124)] - Rolename is entered in user Management steps
2024-05-31 09:39:28.917 INFO [main] [com.Tharav.stepDefinition.verifyUserManagementSteps.enter_the_valid_Role_Description(verifyUserManagementSteps.java:134)] - Role description is entered in user Management steps
2024-05-31 09:39:29.068 INFO [main] [com.Tharav.stepDefinition.verifyUserManagementSteps.select_the_system_role(verifyUserManagementSteps.java:144)] - System Role is entered in user Management steps
2024-05-31 09:39:29.190 INFO [main] [com.Tharav.stepDefinition.verifyUserManagementSteps.select_the_permissions(verifyUserManagementSteps.java:175)] - permission is selected in user Management steps
2024-05-31 09:39:29.257 INFO [main] [com.Tharav.stepDefinition.verifyUserManagementSteps.click_on_the_create_role_button_to_save_the_role(verifyUserManagementSteps.java:208)] - Click on Create role button in user Management steps
2024-05-31 09:39:29.562 INFO [main] [com.Tharav.stepDefinition.verifyUserManagementSteps.validate_the_role_name_is_in_the_list(verifyUserManagementSteps.java:238)] - The role name is present in the table in user Management steps
2024-05-31 09:39:57.166 INFO [main] [com.Tharav.stepDefinition.commonStepDefinition.beforeScenario(commonStepDefinition.java:31)] - Execution started
2024-05-31 09:39:57.166 INFO [main] [com.Tharav.stepDefinition.commonStepDefinition.beforeScenario(commonStepDefinition.java:37)] - Instantiaing  the common methods of Common Methods class  @before Scenaio
2024-05-31 09:39:57.167 INFO [main] [com.Tharav.stepDefinition.commonStepDefinition.beforeScenario(commonStepDefinition.java:41)] - Loading the properties file
2024-05-31 09:39:57.167 INFO [main] [com.Tharav.stepDefinition.commonStepDefinition.beforeScenario(commonStepDefinition.java:43)] - Checking the driver is NULL or NOT?
2024-05-31 09:39:57.167 INFO [main] [com.Tharav.stepDefinition.verifyUserManagementSteps.user_open_the_url_for_UserManagement(verifyUserManagementSteps.java:36)] - Opening the Tharav URL in from User management steps
2024-05-31 09:40:08.612 INFO [main] [com.Tharav.stepDefinition.verifyUserManagementSteps.validate_the_page_is_tharav_url_for_UserManagement(verifyUserManagementSteps.java:56)] - Tharav logo, Email Text Box and Password Box is displayed from User management steps
2024-05-31 09:40:08.621 INFO [main] [com.Tharav.stepDefinition.verifyUserManagementSteps.login_in_the_application_with_valid_credentials(verifyUserManagementSteps.java:73)] - Entered the username and password in verfiy user management steps
2024-05-31 09:40:08.625 INFO [main] [com.Tharav.stepDefinition.verifyUserManagementSteps.login_in_the_application_with_valid_credentials(verifyUserManagementSteps.java:75)] - Click on signin button in verfiy user management steps
2024-05-31 09:40:08.626 INFO [main] [com.Tharav.stepDefinition.verifyUserManagementSteps.login_in_the_application_with_valid_credentials(verifyUserManagementSteps.java:76)] - Login in the application with valid credentials
2024-05-31 09:47:30.856 INFO [main] [com.Tharav.stepDefinition.commonStepDefinition.beforeScenario(commonStepDefinition.java:31)] - Execution started
2024-05-31 09:47:30.859 INFO [main] [com.Tharav.stepDefinition.commonStepDefinition.beforeScenario(commonStepDefinition.java:37)] - Instantiaing  the common methods of Common Methods class  @before Scenaio
2024-05-31 09:47:30.860 INFO [main] [com.Tharav.stepDefinition.commonStepDefinition.beforeScenario(commonStepDefinition.java:41)] - Loading the properties file
2024-05-31 09:47:30.860 INFO [main] [com.Tharav.stepDefinition.commonStepDefinition.beforeScenario(commonStepDefinition.java:43)] - Checking the driver is NULL or NOT?
2024-05-31 09:47:30.862 INFO [main] [com.Tharav.stepDefinition.commonStepDefinition.beforeScenario(commonStepDefinition.java:46)] - Driver is NUll, Launching  the browser
2024-05-31 09:47:32.461 INFO [main] [com.Tharav.stepDefinition.verifyUserManagementSteps.user_open_the_url_for_UserManagement(verifyUserManagementSteps.java:36)] - Opening the Tharav URL in from User management steps
2024-05-31 09:47:33.433 INFO [main] [com.Tharav.stepDefinition.verifyUserManagementSteps.validate_the_page_is_tharav_url_for_UserManagement(verifyUserManagementSteps.java:56)] - Tharav logo, Email Text Box and Password Box is displayed from User management steps
2024-05-31 09:47:33.803 INFO [main] [com.Tharav.stepDefinition.verifyUserManagementSteps.login_in_the_application_with_valid_credentials(verifyUserManagementSteps.java:73)] - Entered the username and password in verfiy user management steps
2024-05-31 09:47:33.863 INFO [main] [com.Tharav.stepDefinition.verifyUserManagementSteps.login_in_the_application_with_valid_credentials(verifyUserManagementSteps.java:75)] - Click on signin button in verfiy user management steps
2024-05-31 09:47:33.864 INFO [main] [com.Tharav.stepDefinition.verifyUserManagementSteps.login_in_the_application_with_valid_credentials(verifyUserManagementSteps.java:76)] - Login in the application with valid credentials
2024-05-31 09:47:34.244 INFO [main] [com.Tharav.stepDefinition.verifyUserManagementSteps.click_on_the_user_mangement_menu(verifyUserManagementSteps.java:93)] - Clicked  User Management Menu in verfiy user management steps
2024-05-31 09:47:34.245 INFO [main] [com.Tharav.stepDefinition.verifyUserManagementSteps.click_on_the_user_mangement_menu(verifyUserManagementSteps.java:94)] - click on the UserMangement menu
2024-05-31 09:47:34.246 INFO [main] [com.Tharav.stepDefinition.verifyUserManagementSteps.validate_i_can_see_the_usermanagement_page(verifyUserManagementSteps.java:101)] - verfiy that i can see in user management steps
2024-05-31 09:47:34.247 INFO [main] [com.Tharav.stepDefinition.verifyUserManagementSteps.validate_i_can_see_the_usermanagement_page(verifyUserManagementSteps.java:102)] - Validate  I can see the usermanagement page
2024-05-31 09:47:38.990 INFO [main] [com.Tharav.stepDefinition.verifyUserManagementSteps.click_on_the_create_role_button(verifyUserManagementSteps.java:113)] - Click on Create role button in user Management steps
2024-05-31 09:47:38.990 INFO [main] [com.Tharav.stepDefinition.verifyUserManagementSteps.click_on_the_create_role_button(verifyUserManagementSteps.java:114)] - click on the create role button
2024-05-31 09:47:39.120 INFO [main] [com.Tharav.stepDefinition.verifyUserManagementSteps.enter_the_valid_Rolename(verifyUserManagementSteps.java:124)] - Rolename is entered in user Management steps
2024-05-31 09:47:39.301 INFO [main] [com.Tharav.stepDefinition.verifyUserManagementSteps.enter_the_valid_Role_Description(verifyUserManagementSteps.java:134)] - Role description is entered in user Management steps
2024-05-31 09:47:39.451 INFO [main] [com.Tharav.stepDefinition.verifyUserManagementSteps.select_the_system_role(verifyUserManagementSteps.java:144)] - System Role is entered in user Management steps
2024-05-31 09:47:39.583 INFO [main] [com.Tharav.stepDefinition.verifyUserManagementSteps.select_the_permissions(verifyUserManagementSteps.java:175)] - permission is selected in user Management steps
2024-05-31 09:47:39.651 INFO [main] [com.Tharav.stepDefinition.verifyUserManagementSteps.click_on_the_create_role_button_to_save_the_role(verifyUserManagementSteps.java:208)] - Click on Create role button in user Management steps
2024-05-31 09:47:40.028 INFO [main] [com.Tharav.stepDefinition.verifyUserManagementSteps.validate_the_role_name_is_in_the_list(verifyUserManagementSteps.java:238)] - The role name is present in the table in user Management steps
2024-05-31 09:48:07.704 INFO [main] [com.Tharav.stepDefinition.commonStepDefinition.beforeScenario(commonStepDefinition.java:31)] - Execution started
2024-05-31 09:48:07.704 INFO [main] [com.Tharav.stepDefinition.commonStepDefinition.beforeScenario(commonStepDefinition.java:37)] - Instantiaing  the common methods of Common Methods class  @before Scenaio
2024-05-31 09:48:07.705 INFO [main] [com.Tharav.stepDefinition.commonStepDefinition.beforeScenario(commonStepDefinition.java:41)] - Loading the properties file
2024-05-31 09:48:07.705 INFO [main] [com.Tharav.stepDefinition.commonStepDefinition.beforeScenario(commonStepDefinition.java:43)] - Checking the driver is NULL or NOT?
2024-05-31 09:48:07.706 INFO [main] [com.Tharav.stepDefinition.verifyUserManagementSteps.user_open_the_url_for_UserManagement(verifyUserManagementSteps.java:36)] - Opening the Tharav URL in from User management steps
2024-05-31 09:48:20.691 INFO [main] [com.Tharav.stepDefinition.verifyUserManagementSteps.validate_the_page_is_tharav_url_for_UserManagement(verifyUserManagementSteps.java:56)] - Tharav logo, Email Text Box and Password Box is displayed from User management steps
2024-05-31 09:48:20.701 INFO [main] [com.Tharav.stepDefinition.verifyUserManagementSteps.login_in_the_application_with_valid_credentials(verifyUserManagementSteps.java:73)] - Entered the username and password in verfiy user management steps
2024-05-31 09:48:20.706 INFO [main] [com.Tharav.stepDefinition.verifyUserManagementSteps.login_in_the_application_with_valid_credentials(verifyUserManagementSteps.java:75)] - Click on signin button in verfiy user management steps
2024-05-31 09:48:20.706 INFO [main] [com.Tharav.stepDefinition.verifyUserManagementSteps.login_in_the_application_with_valid_credentials(verifyUserManagementSteps.java:76)] - Login in the application with valid credentials
2024-05-31 09:49:15.739 INFO [main] [com.Tharav.stepDefinition.commonStepDefinition.beforeScenario(commonStepDefinition.java:31)] - Execution started
2024-05-31 09:49:15.741 INFO [main] [com.Tharav.stepDefinition.commonStepDefinition.beforeScenario(commonStepDefinition.java:37)] - Instantiaing  the common methods of Common Methods class  @before Scenaio
2024-05-31 09:49:15.742 INFO [main] [com.Tharav.stepDefinition.commonStepDefinition.beforeScenario(commonStepDefinition.java:41)] - Loading the properties file
2024-05-31 09:49:15.743 INFO [main] [com.Tharav.stepDefinition.commonStepDefinition.beforeScenario(commonStepDefinition.java:43)] - Checking the driver is NULL or NOT?
2024-05-31 09:49:15.744 INFO [main] [com.Tharav.stepDefinition.commonStepDefinition.beforeScenario(commonStepDefinition.java:46)] - Driver is NUll, Launching  the browser
2024-05-31 09:49:17.482 INFO [main] [com.Tharav.stepDefinition.verifyUserManagementSteps.user_open_the_url_for_UserManagement(verifyUserManagementSteps.java:36)] - Opening the Tharav URL in from User management steps
2024-05-31 09:49:18.677 INFO [main] [com.Tharav.stepDefinition.verifyUserManagementSteps.validate_the_page_is_tharav_url_for_UserManagement(verifyUserManagementSteps.java:56)] - Tharav logo, Email Text Box and Password Box is displayed from User management steps
2024-05-31 09:49:19.091 INFO [main] [com.Tharav.stepDefinition.verifyUserManagementSteps.login_in_the_application_with_valid_credentials(verifyUserManagementSteps.java:73)] - Entered the username and password in verfiy user management steps
2024-05-31 09:49:19.162 INFO [main] [com.Tharav.stepDefinition.verifyUserManagementSteps.login_in_the_application_with_valid_credentials(verifyUserManagementSteps.java:75)] - Click on signin button in verfiy user management steps
2024-05-31 09:49:19.163 INFO [main] [com.Tharav.stepDefinition.verifyUserManagementSteps.login_in_the_application_with_valid_credentials(verifyUserManagementSteps.java:76)] - Login in the application with valid credentials
2024-05-31 09:49:19.443 INFO [main] [com.Tharav.stepDefinition.verifyUserManagementSteps.click_on_the_user_mangement_menu(verifyUserManagementSteps.java:93)] - Clicked  User Management Menu in verfiy user management steps
2024-05-31 09:49:19.443 INFO [main] [com.Tharav.stepDefinition.verifyUserManagementSteps.click_on_the_user_mangement_menu(verifyUserManagementSteps.java:94)] - click on the UserMangement menu
2024-05-31 09:49:19.445 INFO [main] [com.Tharav.stepDefinition.verifyUserManagementSteps.validate_i_can_see_the_usermanagement_page(verifyUserManagementSteps.java:101)] - verfiy that i can see in user management steps
2024-05-31 09:49:19.446 INFO [main] [com.Tharav.stepDefinition.verifyUserManagementSteps.validate_i_can_see_the_usermanagement_page(verifyUserManagementSteps.java:102)] - Validate  I can see the usermanagement page
2024-05-31 09:49:24.299 INFO [main] [com.Tharav.stepDefinition.verifyUserManagementSteps.click_on_the_create_role_button(verifyUserManagementSteps.java:113)] - Click on Create role button in user Management steps
2024-05-31 09:49:24.299 INFO [main] [com.Tharav.stepDefinition.verifyUserManagementSteps.click_on_the_create_role_button(verifyUserManagementSteps.java:114)] - click on the create role button
2024-05-31 09:49:24.438 INFO [main] [com.Tharav.stepDefinition.verifyUserManagementSteps.enter_the_valid_Rolename(verifyUserManagementSteps.java:124)] - Rolename is entered in user Management steps
2024-05-31 09:49:24.624 INFO [main] [com.Tharav.stepDefinition.verifyUserManagementSteps.enter_the_valid_Role_Description(verifyUserManagementSteps.java:134)] - Role description is entered in user Management steps
2024-05-31 09:49:24.781 INFO [main] [com.Tharav.stepDefinition.verifyUserManagementSteps.select_the_system_role(verifyUserManagementSteps.java:144)] - System Role is entered in user Management steps
2024-05-31 09:49:24.920 INFO [main] [com.Tharav.stepDefinition.verifyUserManagementSteps.select_the_permissions(verifyUserManagementSteps.java:175)] - permission is selected in user Management steps
2024-05-31 09:49:24.998 INFO [main] [com.Tharav.stepDefinition.verifyUserManagementSteps.click_on_the_create_role_button_to_save_the_role(verifyUserManagementSteps.java:208)] - Click on Create role button in user Management steps
2024-05-31 09:49:25.349 INFO [main] [com.Tharav.stepDefinition.verifyUserManagementSteps.validate_the_role_name_is_in_the_list(verifyUserManagementSteps.java:238)] - The role name is present in the table in user Management steps
2024-05-31 09:50:13.757 INFO [main] [com.Tharav.stepDefinition.commonStepDefinition.beforeScenario(commonStepDefinition.java:31)] - Execution started
2024-05-31 09:50:13.759 INFO [main] [com.Tharav.stepDefinition.commonStepDefinition.beforeScenario(commonStepDefinition.java:37)] - Instantiaing  the common methods of Common Methods class  @before Scenaio
2024-05-31 09:50:13.760 INFO [main] [com.Tharav.stepDefinition.commonStepDefinition.beforeScenario(commonStepDefinition.java:41)] - Loading the properties file
2024-05-31 09:50:13.760 INFO [main] [com.Tharav.stepDefinition.commonStepDefinition.beforeScenario(commonStepDefinition.java:43)] - Checking the driver is NULL or NOT?
2024-05-31 09:50:13.762 INFO [main] [com.Tharav.stepDefinition.commonStepDefinition.beforeScenario(commonStepDefinition.java:46)] - Driver is NUll, Launching  the browser
2024-05-31 09:50:15.515 INFO [main] [com.Tharav.stepDefinition.verifyUserManagementSteps.user_open_the_url_for_UserManagement(verifyUserManagementSteps.java:36)] - Opening the Tharav URL in from User management steps
2024-05-31 09:50:16.854 INFO [main] [com.Tharav.stepDefinition.verifyUserManagementSteps.login_in_the_application_with_valid_credentials(verifyUserManagementSteps.java:73)] - Entered the username and password in verfiy user management steps
2024-05-31 09:50:16.934 INFO [main] [com.Tharav.stepDefinition.verifyUserManagementSteps.login_in_the_application_with_valid_credentials(verifyUserManagementSteps.java:75)] - Click on signin button in verfiy user management steps
2024-05-31 09:50:16.934 INFO [main] [com.Tharav.stepDefinition.verifyUserManagementSteps.login_in_the_application_with_valid_credentials(verifyUserManagementSteps.java:76)] - Login in the application with valid credentials
2024-05-31 09:50:17.190 INFO [main] [com.Tharav.stepDefinition.verifyUserManagementSteps.click_on_the_user_mangement_menu(verifyUserManagementSteps.java:93)] - Clicked  User Management Menu in verfiy user management steps
2024-05-31 09:50:17.190 INFO [main] [com.Tharav.stepDefinition.verifyUserManagementSteps.click_on_the_user_mangement_menu(verifyUserManagementSteps.java:94)] - click on the UserMangement menu
2024-05-31 09:50:17.192 INFO [main] [com.Tharav.stepDefinition.verifyUserManagementSteps.validate_i_can_see_the_usermanagement_page(verifyUserManagementSteps.java:101)] - verfiy that i can see in user management steps
2024-05-31 09:50:17.192 INFO [main] [com.Tharav.stepDefinition.verifyUserManagementSteps.validate_i_can_see_the_usermanagement_page(verifyUserManagementSteps.java:102)] - Validate  I can see the usermanagement page
2024-05-31 09:50:22.054 INFO [main] [com.Tharav.stepDefinition.verifyUserManagementSteps.click_on_the_create_role_button(verifyUserManagementSteps.java:113)] - Click on Create role button in user Management steps
2024-05-31 09:50:22.055 INFO [main] [com.Tharav.stepDefinition.verifyUserManagementSteps.click_on_the_create_role_button(verifyUserManagementSteps.java:114)] - click on the create role button
2024-05-31 09:50:22.188 INFO [main] [com.Tharav.stepDefinition.verifyUserManagementSteps.enter_the_valid_Rolename(verifyUserManagementSteps.java:124)] - Rolename is entered in user Management steps
2024-05-31 09:50:22.363 INFO [main] [com.Tharav.stepDefinition.verifyUserManagementSteps.enter_the_valid_Role_Description(verifyUserManagementSteps.java:134)] - Role description is entered in user Management steps
2024-05-31 09:50:22.520 INFO [main] [com.Tharav.stepDefinition.verifyUserManagementSteps.select_the_system_role(verifyUserManagementSteps.java:144)] - System Role is entered in user Management steps
2024-05-31 09:50:22.669 INFO [main] [com.Tharav.stepDefinition.verifyUserManagementSteps.select_the_permissions(verifyUserManagementSteps.java:175)] - permission is selected in user Management steps
2024-05-31 09:50:22.744 INFO [main] [com.Tharav.stepDefinition.verifyUserManagementSteps.click_on_the_create_role_button_to_save_the_role(verifyUserManagementSteps.java:208)] - Click on Create role button in user Management steps
2024-05-31 09:50:23.107 INFO [main] [com.Tharav.stepDefinition.verifyUserManagementSteps.validate_the_role_name_is_in_the_list(verifyUserManagementSteps.java:238)] - The role name is present in the table in user Management steps
2024-05-31 09:51:34.079 INFO [main] [com.Tharav.stepDefinition.commonStepDefinition.beforeScenario(commonStepDefinition.java:31)] - Execution started
2024-05-31 09:51:34.081 INFO [main] [com.Tharav.stepDefinition.commonStepDefinition.beforeScenario(commonStepDefinition.java:37)] - Instantiaing  the common methods of Common Methods class  @before Scenaio
2024-05-31 09:51:34.082 INFO [main] [com.Tharav.stepDefinition.commonStepDefinition.beforeScenario(commonStepDefinition.java:41)] - Loading the properties file
2024-05-31 09:51:34.082 INFO [main] [com.Tharav.stepDefinition.commonStepDefinition.beforeScenario(commonStepDefinition.java:43)] - Checking the driver is NULL or NOT?
2024-05-31 09:51:34.083 INFO [main] [com.Tharav.stepDefinition.commonStepDefinition.beforeScenario(commonStepDefinition.java:46)] - Driver is NUll, Launching  the browser
2024-05-31 09:51:35.758 INFO [main] [com.Tharav.stepDefinition.verifyUserManagementSteps.user_open_the_url_for_UserManagement(verifyUserManagementSteps.java:36)] - Opening the Tharav URL in from User management steps
2024-05-31 09:51:36.713 INFO [main] [com.Tharav.stepDefinition.verifyUserManagementSteps.validate_the_page_is_tharav_url_for_UserManagement(verifyUserManagementSteps.java:56)] - Tharav logo, Email Text Box and Password Box is displayed from User management steps
2024-05-31 09:51:37.128 INFO [main] [com.Tharav.stepDefinition.verifyUserManagementSteps.login_in_the_application_with_valid_credentials(verifyUserManagementSteps.java:73)] - Entered the username and password in verfiy user management steps
2024-05-31 09:51:37.185 INFO [main] [com.Tharav.stepDefinition.verifyUserManagementSteps.login_in_the_application_with_valid_credentials(verifyUserManagementSteps.java:75)] - Click on signin button in verfiy user management steps
2024-05-31 09:51:37.185 INFO [main] [com.Tharav.stepDefinition.verifyUserManagementSteps.login_in_the_application_with_valid_credentials(verifyUserManagementSteps.java:76)] - Login in the application with valid credentials
2024-05-31 09:51:37.451 INFO [main] [com.Tharav.stepDefinition.verifyUserManagementSteps.click_on_the_user_mangement_menu(verifyUserManagementSteps.java:93)] - Clicked  User Management Menu in verfiy user management steps
2024-05-31 09:51:37.451 INFO [main] [com.Tharav.stepDefinition.verifyUserManagementSteps.click_on_the_user_mangement_menu(verifyUserManagementSteps.java:94)] - click on the UserMangement menu
2024-05-31 09:51:37.453 INFO [main] [com.Tharav.stepDefinition.verifyUserManagementSteps.validate_i_can_see_the_usermanagement_page(verifyUserManagementSteps.java:101)] - verfiy that i can see in user management steps
2024-05-31 09:51:37.453 INFO [main] [com.Tharav.stepDefinition.verifyUserManagementSteps.validate_i_can_see_the_usermanagement_page(verifyUserManagementSteps.java:102)] - Validate  I can see the usermanagement page
2024-05-31 09:51:42.325 INFO [main] [com.Tharav.stepDefinition.verifyUserManagementSteps.click_on_the_create_role_button(verifyUserManagementSteps.java:113)] - Click on Create role button in user Management steps
2024-05-31 09:51:42.326 INFO [main] [com.Tharav.stepDefinition.verifyUserManagementSteps.click_on_the_create_role_button(verifyUserManagementSteps.java:114)] - click on the create role button
2024-05-31 09:51:42.469 INFO [main] [com.Tharav.stepDefinition.verifyUserManagementSteps.enter_the_valid_Rolename(verifyUserManagementSteps.java:124)] - Rolename is entered in user Management steps
2024-05-31 09:51:42.628 INFO [main] [com.Tharav.stepDefinition.verifyUserManagementSteps.enter_the_valid_Role_Description(verifyUserManagementSteps.java:134)] - Role description is entered in user Management steps
2024-05-31 09:51:42.767 INFO [main] [com.Tharav.stepDefinition.verifyUserManagementSteps.select_the_system_role(verifyUserManagementSteps.java:144)] - System Role is entered in user Management steps
2024-05-31 09:51:42.892 INFO [main] [com.Tharav.stepDefinition.verifyUserManagementSteps.select_the_permissions(verifyUserManagementSteps.java:175)] - permission is selected in user Management steps
2024-05-31 09:51:42.968 INFO [main] [com.Tharav.stepDefinition.verifyUserManagementSteps.click_on_the_create_role_button_to_save_the_role(verifyUserManagementSteps.java:208)] - Click on Create role button in user Management steps
2024-05-31 09:51:43.292 INFO [main] [com.Tharav.stepDefinition.verifyUserManagementSteps.validate_the_role_name_is_in_the_list(verifyUserManagementSteps.java:238)] - The role name is present in the table in user Management steps
2024-05-31 09:56:07.461 INFO [main] [com.Tharav.stepDefinition.commonStepDefinition.beforeScenario(commonStepDefinition.java:31)] - Execution started
2024-05-31 09:56:07.464 INFO [main] [com.Tharav.stepDefinition.commonStepDefinition.beforeScenario(commonStepDefinition.java:37)] - Instantiaing  the common methods of Common Methods class  @before Scenaio
2024-05-31 09:56:07.465 INFO [main] [com.Tharav.stepDefinition.commonStepDefinition.beforeScenario(commonStepDefinition.java:41)] - Loading the properties file
2024-05-31 09:56:07.465 INFO [main] [com.Tharav.stepDefinition.commonStepDefinition.beforeScenario(commonStepDefinition.java:43)] - Checking the driver is NULL or NOT?
2024-05-31 09:56:07.466 INFO [main] [com.Tharav.stepDefinition.commonStepDefinition.beforeScenario(commonStepDefinition.java:46)] - Driver is NUll, Launching  the browser
2024-05-31 09:56:12.840 INFO [main] [com.Tharav.stepDefinition.verifyUserManagementSteps.user_open_the_url_for_UserManagement(verifyUserManagementSteps.java:36)] - Opening the Tharav URL in from User management steps
2024-05-31 09:56:13.896 INFO [main] [com.Tharav.stepDefinition.verifyUserManagementSteps.validate_the_page_is_tharav_url_for_UserManagement(verifyUserManagementSteps.java:56)] - Tharav logo, Email Text Box and Password Box is displayed from User management steps
2024-05-31 09:56:14.410 INFO [main] [com.Tharav.stepDefinition.verifyUserManagementSteps.login_in_the_application_with_valid_credentials(verifyUserManagementSteps.java:73)] - Entered the username and password in verfiy user management steps
2024-05-31 09:56:14.479 INFO [main] [com.Tharav.stepDefinition.verifyUserManagementSteps.login_in_the_application_with_valid_credentials(verifyUserManagementSteps.java:75)] - Click on signin button in verfiy user management steps
2024-05-31 09:56:14.479 INFO [main] [com.Tharav.stepDefinition.verifyUserManagementSteps.login_in_the_application_with_valid_credentials(verifyUserManagementSteps.java:76)] - Login in the application with valid credentials
2024-05-31 09:56:14.772 INFO [main] [com.Tharav.stepDefinition.verifyUserManagementSteps.click_on_the_user_mangement_menu(verifyUserManagementSteps.java:93)] - Clicked  User Management Menu in verfiy user management steps
2024-05-31 09:56:14.772 INFO [main] [com.Tharav.stepDefinition.verifyUserManagementSteps.click_on_the_user_mangement_menu(verifyUserManagementSteps.java:94)] - click on the UserMangement menu
2024-05-31 09:56:14.776 INFO [main] [com.Tharav.stepDefinition.verifyUserManagementSteps.validate_i_can_see_the_usermanagement_page(verifyUserManagementSteps.java:101)] - verfiy that i can see in user management steps
2024-05-31 09:56:14.776 INFO [main] [com.Tharav.stepDefinition.verifyUserManagementSteps.validate_i_can_see_the_usermanagement_page(verifyUserManagementSteps.java:102)] - Validate  I can see the usermanagement page
2024-05-31 09:56:26.061 INFO [main] [com.Tharav.stepDefinition.verifyUserManagementSteps.click_on_the_create_role_button(verifyUserManagementSteps.java:113)] - Click on Create role button in user Management steps
2024-05-31 09:56:26.061 INFO [main] [com.Tharav.stepDefinition.verifyUserManagementSteps.click_on_the_create_role_button(verifyUserManagementSteps.java:114)] - click on the create role button
2024-05-31 09:56:26.187 INFO [main] [com.Tharav.stepDefinition.verifyUserManagementSteps.enter_the_valid_Rolename(verifyUserManagementSteps.java:124)] - Rolename is entered in user Management steps
2024-05-31 09:56:26.421 INFO [main] [com.Tharav.stepDefinition.verifyUserManagementSteps.enter_the_valid_Role_Description(verifyUserManagementSteps.java:134)] - Role description is entered in user Management steps
2024-05-31 09:56:26.619 INFO [main] [com.Tharav.stepDefinition.verifyUserManagementSteps.select_the_system_role(verifyUserManagementSteps.java:144)] - System Role is entered in user Management steps
2024-05-31 09:56:26.780 INFO [main] [com.Tharav.stepDefinition.verifyUserManagementSteps.select_the_permissions(verifyUserManagementSteps.java:175)] - permission is selected in user Management steps
2024-05-31 09:56:26.855 INFO [main] [com.Tharav.stepDefinition.verifyUserManagementSteps.click_on_the_create_role_button_to_save_the_role(verifyUserManagementSteps.java:208)] - Click on Create role button in user Management steps
2024-05-31 09:56:27.290 INFO [main] [com.Tharav.stepDefinition.verifyUserManagementSteps.validate_the_role_name_is_in_the_list(verifyUserManagementSteps.java:238)] - The role name is present in the table in user Management steps
2024-05-31 09:56:35.792 INFO [main] [com.Tharav.stepDefinition.verifyUserManagementSteps.logout_of_the_Tharav_application(verifyUserManagementSteps.java:413)] - logout the application in - Users Management
2024-05-31 09:57:22.503 INFO [main] [com.Tharav.stepDefinition.commonStepDefinition.beforeScenario(commonStepDefinition.java:31)] - Execution started
2024-05-31 09:57:22.505 INFO [main] [com.Tharav.stepDefinition.commonStepDefinition.beforeScenario(commonStepDefinition.java:37)] - Instantiaing  the common methods of Common Methods class  @before Scenaio
2024-05-31 09:57:22.506 INFO [main] [com.Tharav.stepDefinition.commonStepDefinition.beforeScenario(commonStepDefinition.java:41)] - Loading the properties file
2024-05-31 09:57:22.507 INFO [main] [com.Tharav.stepDefinition.commonStepDefinition.beforeScenario(commonStepDefinition.java:43)] - Checking the driver is NULL or NOT?
2024-05-31 09:57:22.508 INFO [main] [com.Tharav.stepDefinition.commonStepDefinition.beforeScenario(commonStepDefinition.java:46)] - Driver is NUll, Launching  the browser
2024-05-31 09:57:24.338 INFO [main] [com.Tharav.stepDefinition.verifyUserManagementSteps.user_open_the_url_for_UserManagement(verifyUserManagementSteps.java:36)] - Opening the Tharav URL in from User management steps
2024-05-31 09:57:25.218 INFO [main] [com.Tharav.stepDefinition.verifyUserManagementSteps.validate_the_page_is_tharav_url_for_UserManagement(verifyUserManagementSteps.java:56)] - Tharav logo, Email Text Box and Password Box is displayed from User management steps
2024-05-31 09:57:25.657 INFO [main] [com.Tharav.stepDefinition.verifyUserManagementSteps.login_in_the_application_with_valid_credentials(verifyUserManagementSteps.java:73)] - Entered the username and password in verfiy user management steps
2024-05-31 09:57:25.719 INFO [main] [com.Tharav.stepDefinition.verifyUserManagementSteps.login_in_the_application_with_valid_credentials(verifyUserManagementSteps.java:75)] - Click on signin button in verfiy user management steps
2024-05-31 09:57:25.720 INFO [main] [com.Tharav.stepDefinition.verifyUserManagementSteps.login_in_the_application_with_valid_credentials(verifyUserManagementSteps.java:76)] - Login in the application with valid credentials
2024-05-31 09:57:25.994 INFO [main] [com.Tharav.stepDefinition.verifyUserManagementSteps.click_on_the_user_mangement_menu(verifyUserManagementSteps.java:93)] - Clicked  User Management Menu in verfiy user management steps
2024-05-31 09:57:25.994 INFO [main] [com.Tharav.stepDefinition.verifyUserManagementSteps.click_on_the_user_mangement_menu(verifyUserManagementSteps.java:94)] - click on the UserMangement menu
2024-05-31 09:57:25.996 INFO [main] [com.Tharav.stepDefinition.verifyUserManagementSteps.validate_i_can_see_the_usermanagement_page(verifyUserManagementSteps.java:101)] - verfiy that i can see in user management steps
2024-05-31 09:57:25.996 INFO [main] [com.Tharav.stepDefinition.verifyUserManagementSteps.validate_i_can_see_the_usermanagement_page(verifyUserManagementSteps.java:102)] - Validate  I can see the usermanagement page
2024-05-31 09:57:30.821 INFO [main] [com.Tharav.stepDefinition.verifyUserManagementSteps.click_on_the_create_role_button(verifyUserManagementSteps.java:113)] - Click on Create role button in user Management steps
2024-05-31 09:57:30.821 INFO [main] [com.Tharav.stepDefinition.verifyUserManagementSteps.click_on_the_create_role_button(verifyUserManagementSteps.java:114)] - click on the create role button
2024-05-31 09:57:30.942 INFO [main] [com.Tharav.stepDefinition.verifyUserManagementSteps.enter_the_valid_Rolename(verifyUserManagementSteps.java:124)] - Rolename is entered in user Management steps
2024-05-31 09:57:31.145 INFO [main] [com.Tharav.stepDefinition.verifyUserManagementSteps.enter_the_valid_Role_Description(verifyUserManagementSteps.java:134)] - Role description is entered in user Management steps
2024-05-31 09:57:31.292 INFO [main] [com.Tharav.stepDefinition.verifyUserManagementSteps.select_the_system_role(verifyUserManagementSteps.java:144)] - System Role is entered in user Management steps
2024-05-31 09:57:31.413 INFO [main] [com.Tharav.stepDefinition.verifyUserManagementSteps.select_the_permissions(verifyUserManagementSteps.java:175)] - permission is selected in user Management steps
2024-05-31 09:57:31.485 INFO [main] [com.Tharav.stepDefinition.verifyUserManagementSteps.click_on_the_create_role_button_to_save_the_role(verifyUserManagementSteps.java:208)] - Click on Create role button in user Management steps
2024-05-31 09:57:31.822 INFO [main] [com.Tharav.stepDefinition.verifyUserManagementSteps.validate_the_role_name_is_in_the_list(verifyUserManagementSteps.java:238)] - The role name is present in the table in user Management steps
2024-05-31 12:41:09.778 INFO [main] [com.Tharav.stepDefinition.commonStepDefinition.beforeScenario(commonStepDefinition.java:31)] - Execution started
2024-05-31 12:41:09.783 INFO [main] [com.Tharav.stepDefinition.commonStepDefinition.beforeScenario(commonStepDefinition.java:37)] - Instantiaing  the common methods of Common Methods class  @before Scenaio
2024-05-31 12:41:09.785 INFO [main] [com.Tharav.stepDefinition.commonStepDefinition.beforeScenario(commonStepDefinition.java:41)] - Loading the properties file
2024-05-31 12:41:09.785 INFO [main] [com.Tharav.stepDefinition.commonStepDefinition.beforeScenario(commonStepDefinition.java:43)] - Checking the driver is NULL or NOT?
2024-05-31 12:41:09.788 INFO [main] [com.Tharav.stepDefinition.commonStepDefinition.beforeScenario(commonStepDefinition.java:46)] - Driver is NUll, Launching  the browser
2024-05-31 12:41:12.411 INFO [main] [com.Tharav.stepDefinition.verifyUserManagementSteps.user_open_the_url_for_UserManagement(verifyUserManagementSteps.java:36)] - Opening the Tharav URL in from User management steps
2024-05-31 12:41:13.487 INFO [main] [com.Tharav.stepDefinition.verifyUserManagementSteps.validate_the_page_is_tharav_url_for_UserManagement(verifyUserManagementSteps.java:56)] - Tharav logo, Email Text Box and Password Box is displayed from User management steps
2024-05-31 12:41:13.908 INFO [main] [com.Tharav.stepDefinition.verifyUserManagementSteps.login_in_the_application_with_valid_credentials(verifyUserManagementSteps.java:73)] - Entered the username and password in verfiy user management steps
2024-05-31 12:41:13.971 INFO [main] [com.Tharav.stepDefinition.verifyUserManagementSteps.login_in_the_application_with_valid_credentials(verifyUserManagementSteps.java:75)] - Click on signin button in verfiy user management steps
2024-05-31 12:41:13.971 INFO [main] [com.Tharav.stepDefinition.verifyUserManagementSteps.login_in_the_application_with_valid_credentials(verifyUserManagementSteps.java:76)] - Login in the application with valid credentials
2024-05-31 12:41:14.298 INFO [main] [com.Tharav.stepDefinition.verifyUserManagementSteps.click_on_the_user_mangement_menu(verifyUserManagementSteps.java:93)] - Clicked  User Management Menu in verfiy user management steps
2024-05-31 12:41:14.298 INFO [main] [com.Tharav.stepDefinition.verifyUserManagementSteps.click_on_the_user_mangement_menu(verifyUserManagementSteps.java:94)] - click on the UserMangement menu
2024-05-31 12:41:14.302 INFO [main] [com.Tharav.stepDefinition.verifyUserManagementSteps.validate_i_can_see_the_usermanagement_page(verifyUserManagementSteps.java:101)] - verfiy that i can see in user management steps
2024-05-31 12:41:14.302 INFO [main] [com.Tharav.stepDefinition.verifyUserManagementSteps.validate_i_can_see_the_usermanagement_page(verifyUserManagementSteps.java:102)] - Validate  I can see the usermanagement page
2024-05-31 12:41:19.115 INFO [main] [com.Tharav.stepDefinition.verifyUserManagementSteps.click_on_the_create_role_button(verifyUserManagementSteps.java:113)] - Click on Create role button in user Management steps
2024-05-31 12:41:19.115 INFO [main] [com.Tharav.stepDefinition.verifyUserManagementSteps.click_on_the_create_role_button(verifyUserManagementSteps.java:114)] - click on the create role button
2024-05-31 12:41:19.252 INFO [main] [com.Tharav.stepDefinition.verifyUserManagementSteps.enter_the_valid_Rolename(verifyUserManagementSteps.java:124)] - Rolename is entered in user Management steps
2024-05-31 12:41:19.442 INFO [main] [com.Tharav.stepDefinition.verifyUserManagementSteps.enter_the_valid_Role_Description(verifyUserManagementSteps.java:134)] - Role description is entered in user Management steps
2024-05-31 12:41:19.596 INFO [main] [com.Tharav.stepDefinition.verifyUserManagementSteps.select_the_system_role(verifyUserManagementSteps.java:144)] - System Role is entered in user Management steps
2024-05-31 12:41:19.752 INFO [main] [com.Tharav.stepDefinition.verifyUserManagementSteps.select_the_permissions(verifyUserManagementSteps.java:175)] - permission is selected in user Management steps
2024-05-31 12:41:19.830 INFO [main] [com.Tharav.stepDefinition.verifyUserManagementSteps.click_on_the_create_role_button_to_save_the_role(verifyUserManagementSteps.java:208)] - Click on Create role button in user Management steps
2024-05-31 12:41:20.170 INFO [main] [com.Tharav.stepDefinition.verifyUserManagementSteps.validate_the_role_name_is_in_the_list(verifyUserManagementSteps.java:238)] - The role name is present in the table in user Management steps
2024-05-31 12:41:27.927 INFO [main] [com.Tharav.stepDefinition.verifyUserManagementSteps.logout_of_the_Tharav_application(verifyUserManagementSteps.java:413)] - logout the application in - Users Management
2024-05-31 16:05:28.414 INFO [main] [com.Tharav.stepDefinition.commonStepDefinition.beforeScenario(commonStepDefinition.java:31)] - Execution started
2024-05-31 16:05:28.417 INFO [main] [com.Tharav.stepDefinition.commonStepDefinition.beforeScenario(commonStepDefinition.java:37)] - Instantiaing  the common methods of Common Methods class  @before Scenaio
2024-05-31 16:05:28.419 INFO [main] [com.Tharav.stepDefinition.commonStepDefinition.beforeScenario(commonStepDefinition.java:41)] - Loading the properties file
2024-05-31 16:05:28.419 INFO [main] [com.Tharav.stepDefinition.commonStepDefinition.beforeScenario(commonStepDefinition.java:43)] - Checking the driver is NULL or NOT?
2024-05-31 16:05:28.422 INFO [main] [com.Tharav.stepDefinition.commonStepDefinition.beforeScenario(commonStepDefinition.java:46)] - Driver is NUll, Launching  the browser
2024-05-31 16:05:30.994 INFO [main] [com.Tharav.stepDefinition.verifyUserManagementSteps.user_open_the_url_for_UserManagement(verifyUserManagementSteps.java:36)] - Opening the Tharav URL in from User management steps
2024-05-31 16:05:32.065 INFO [main] [com.Tharav.stepDefinition.verifyUserManagementSteps.validate_the_page_is_tharav_url_for_UserManagement(verifyUserManagementSteps.java:56)] - Tharav logo, Email Text Box and Password Box is displayed from User management steps
2024-05-31 16:05:32.470 INFO [main] [com.Tharav.stepDefinition.verifyUserManagementSteps.login_in_the_application_with_valid_credentials(verifyUserManagementSteps.java:73)] - Entered the username and password in verfiy user management steps
2024-05-31 16:05:32.539 INFO [main] [com.Tharav.stepDefinition.verifyUserManagementSteps.login_in_the_application_with_valid_credentials(verifyUserManagementSteps.java:75)] - Click on signin button in verfiy user management steps
2024-05-31 16:05:32.539 INFO [main] [com.Tharav.stepDefinition.verifyUserManagementSteps.login_in_the_application_with_valid_credentials(verifyUserManagementSteps.java:76)] - Login in the application with valid credentials
2024-05-31 16:05:32.888 INFO [main] [com.Tharav.stepDefinition.verifyUserManagementSteps.click_on_the_user_mangement_menu(verifyUserManagementSteps.java:93)] - Clicked  User Management Menu in verfiy user management steps
2024-05-31 16:05:32.889 INFO [main] [com.Tharav.stepDefinition.verifyUserManagementSteps.click_on_the_user_mangement_menu(verifyUserManagementSteps.java:94)] - click on the UserMangement menu
2024-05-31 16:05:32.891 INFO [main] [com.Tharav.stepDefinition.verifyUserManagementSteps.validate_i_can_see_the_usermanagement_page(verifyUserManagementSteps.java:101)] - verfiy that i can see in user management steps
2024-05-31 16:05:32.892 INFO [main] [com.Tharav.stepDefinition.verifyUserManagementSteps.validate_i_can_see_the_usermanagement_page(verifyUserManagementSteps.java:102)] - Validate  I can see the usermanagement page
2024-05-31 16:05:36.051 ERROR [main] [com.Tharav.stepDefinition.verifyCreateUser.click_on_the_create_user_button(verifyCreateUser.java:37)] - org.openqa.selenium.ElementClickInterceptedException: element click intercepted: Element <button class="btn px-5 py-2 fw-bold text-center rounded-1" tabindex="0" aria-label="...">Create User</button> is not clickable at point (1424, 87). Other element would receive the click: <div class="Toastify__toast-container Toastify__toast-container--top-right toaster">...</div>
  (Session info: chrome=125.0.6422.113)
Build info: version: '3.141.59', revision: 'e82be7d358', time: '2018-11-14T08:17:03'
System info: host: 'LAPTOP-FRFRGCHU', ip: '192.168.86.35', os.name: 'Windows 11', os.arch: 'amd64', os.version: '10.0', java.version: '17.0.5'
Driver info: org.openqa.selenium.chrome.ChromeDriver
Capabilities {acceptInsecureCerts: false, browserName: chrome, browserVersion: 125.0.6422.113, chrome: {chromedriverVersion: 125.0.6422.141 (4b1e8393712..., userDataDir: C:\Users\udhay\AppData\Loca...}, fedcm:accounts: true, goog:chromeOptions: {debuggerAddress: localhost:60310}, javascriptEnabled: true, networkConnectionEnabled: false, pageLoadStrategy: normal, platform: WINDOWS, platformName: WINDOWS, proxy: Proxy(), setWindowRect: true, strictFileInteractability: false, timeouts: {implicit: 0, pageLoad: 300000, script: 30000}, unhandledPromptBehavior: dismiss and notify, webauthn:extension:credBlob: true, webauthn:extension:largeBlob: true, webauthn:extension:minPinLength: true, webauthn:extension:prf: true, webauthn:virtualAuthenticators: true}
Session ID: 3ea747893fed2eab6a4d2594cb159099
2024-05-31 16:05:56.072 ERROR [main] [com.Tharav.stepDefinition.verifyCreateUser.enter_the_valid_firstname(verifyCreateUser.java:48)] - org.openqa.selenium.NoSuchElementException: no such element: Unable to locate element: {"method":"xpath","selector":"//input[@placeholder='Enter First Name']"}
  (Session info: chrome=125.0.6422.113)
For documentation on this error, please visit: https://www.seleniumhq.org/exceptions/no_such_element.html
Build info: version: '3.141.59', revision: 'e82be7d358', time: '2018-11-14T08:17:03'
System info: host: 'LAPTOP-FRFRGCHU', ip: '192.168.86.35', os.name: 'Windows 11', os.arch: 'amd64', os.version: '10.0', java.version: '17.0.5'
Driver info: org.openqa.selenium.chrome.ChromeDriver
Capabilities {acceptInsecureCerts: false, browserName: chrome, browserVersion: 125.0.6422.113, chrome: {chromedriverVersion: 125.0.6422.141 (4b1e8393712..., userDataDir: C:\Users\udhay\AppData\Loca...}, fedcm:accounts: true, goog:chromeOptions: {debuggerAddress: localhost:60310}, javascriptEnabled: true, networkConnectionEnabled: false, pageLoadStrategy: normal, platform: WINDOWS, platformName: WINDOWS, proxy: Proxy(), setWindowRect: true, strictFileInteractability: false, timeouts: {implicit: 0, pageLoad: 300000, script: 30000}, unhandledPromptBehavior: dismiss and notify, webauthn:extension:credBlob: true, webauthn:extension:largeBlob: true, webauthn:extension:minPinLength: true, webauthn:extension:prf: true, webauthn:virtualAuthenticators: true}
Session ID: 3ea747893fed2eab6a4d2594cb159099
*** Element info: {Using=xpath, value=//input[@placeholder='Enter First Name']}
2024-05-31 16:06:05.081 ERROR [main] [com.Tharav.stepDefinition.verifyCreateUser.enter_the_valid_lastname(verifyCreateUser.java:59)] - org.openqa.selenium.NoSuchElementException: Cannot locate an element using xpath=//input[@placeholder='Enter Last Name']
For documentation on this error, please visit: https://www.seleniumhq.org/exceptions/no_such_element.html
Build info: version: '3.141.59', revision: 'e82be7d358', time: '2018-11-14T08:17:03'
System info: host: 'LAPTOP-FRFRGCHU', ip: '192.168.86.35', os.name: 'Windows 11', os.arch: 'amd64', os.version: '10.0', java.version: '17.0.5'
Driver info: driver.version: RemoteWebDriver
2024-05-31 16:06:05.086 ERROR [main] [com.Tharav.stepDefinition.verifyCreateUser.enter_the_email_id(verifyCreateUser.java:70)] - org.openqa.selenium.NoSuchWindowException: no such window: target window already closed
from unknown error: web view not found
  (Session info: chrome=125.0.6422.113)
Build info: version: '3.141.59', revision: 'e82be7d358', time: '2018-11-14T08:17:03'
System info: host: 'LAPTOP-FRFRGCHU', ip: '192.168.86.35', os.name: 'Windows 11', os.arch: 'amd64', os.version: '10.0', java.version: '17.0.5'
Driver info: org.openqa.selenium.chrome.ChromeDriver
Capabilities {acceptInsecureCerts: false, browserName: chrome, browserVersion: 125.0.6422.113, chrome: {chromedriverVersion: 125.0.6422.141 (4b1e8393712..., userDataDir: C:\Users\udhay\AppData\Loca...}, fedcm:accounts: true, goog:chromeOptions: {debuggerAddress: localhost:60310}, javascriptEnabled: true, networkConnectionEnabled: false, pageLoadStrategy: normal, platform: WINDOWS, platformName: WINDOWS, proxy: Proxy(), setWindowRect: true, strictFileInteractability: false, timeouts: {implicit: 0, pageLoad: 300000, script: 30000}, unhandledPromptBehavior: dismiss and notify, webauthn:extension:credBlob: true, webauthn:extension:largeBlob: true, webauthn:extension:minPinLength: true, webauthn:extension:prf: true, webauthn:virtualAuthenticators: true}
Session ID: 3ea747893fed2eab6a4d2594cb159099
*** Element info: {Using=xpath, value=//input[@placeholder='Enter User Email-Id']}
2024-05-31 16:06:05.091 ERROR [main] [com.Tharav.stepDefinition.verifyCreateUser.enter_the_system_role(verifyCreateUser.java:81)] - org.openqa.selenium.NoSuchWindowException: no such window: target window already closed
from unknown error: web view not found
  (Session info: chrome=125.0.6422.113)
Build info: version: '3.141.59', revision: 'e82be7d358', time: '2018-11-14T08:17:03'
System info: host: 'LAPTOP-FRFRGCHU', ip: '192.168.86.35', os.name: 'Windows 11', os.arch: 'amd64', os.version: '10.0', java.version: '17.0.5'
Driver info: org.openqa.selenium.chrome.ChromeDriver
Capabilities {acceptInsecureCerts: false, browserName: chrome, browserVersion: 125.0.6422.113, chrome: {chromedriverVersion: 125.0.6422.141 (4b1e8393712..., userDataDir: C:\Users\udhay\AppData\Loca...}, fedcm:accounts: true, goog:chromeOptions: {debuggerAddress: localhost:60310}, javascriptEnabled: true, networkConnectionEnabled: false, pageLoadStrategy: normal, platform: WINDOWS, platformName: WINDOWS, proxy: Proxy(), setWindowRect: true, strictFileInteractability: false, timeouts: {implicit: 0, pageLoad: 300000, script: 30000}, unhandledPromptBehavior: dismiss and notify, webauthn:extension:credBlob: true, webauthn:extension:largeBlob: true, webauthn:extension:minPinLength: true, webauthn:extension:prf: true, webauthn:virtualAuthenticators: true}
Session ID: 3ea747893fed2eab6a4d2594cb159099
*** Element info: {Using=xpath, value=(//input[starts-with(@id,'react-select')])[1]}
2024-05-31 16:06:05.097 ERROR [main] [com.Tharav.stepDefinition.verifyCreateUser.enter_the_role(verifyCreateUser.java:93)] - org.openqa.selenium.NoSuchWindowException: no such window: target window already closed
from unknown error: web view not found
  (Session info: chrome=125.0.6422.113)
Build info: version: '3.141.59', revision: 'e82be7d358', time: '2018-11-14T08:17:03'
System info: host: 'LAPTOP-FRFRGCHU', ip: '192.168.86.35', os.name: 'Windows 11', os.arch: 'amd64', os.version: '10.0', java.version: '17.0.5'
Driver info: org.openqa.selenium.chrome.ChromeDriver
Capabilities {acceptInsecureCerts: false, browserName: chrome, browserVersion: 125.0.6422.113, chrome: {chromedriverVersion: 125.0.6422.141 (4b1e8393712..., userDataDir: C:\Users\udhay\AppData\Loca...}, fedcm:accounts: true, goog:chromeOptions: {debuggerAddress: localhost:60310}, javascriptEnabled: true, networkConnectionEnabled: false, pageLoadStrategy: normal, platform: WINDOWS, platformName: WINDOWS, proxy: Proxy(), setWindowRect: true, strictFileInteractability: false, timeouts: {implicit: 0, pageLoad: 300000, script: 30000}, unhandledPromptBehavior: dismiss and notify, webauthn:extension:credBlob: true, webauthn:extension:largeBlob: true, webauthn:extension:minPinLength: true, webauthn:extension:prf: true, webauthn:virtualAuthenticators: true}
Session ID: 3ea747893fed2eab6a4d2594cb159099
*** Element info: {Using=xpath, value=(//input[starts-with(@id,'react-select')])[2]}
2024-05-31 16:06:05.104 ERROR [main] [com.Tharav.stepDefinition.verifyCreateUser.click_on_the_create_user_button_to_save_the_user(verifyCreateUser.java:104)] - org.openqa.selenium.NoSuchWindowException: no such window: target window already closed
from unknown error: web view not found
  (Session info: chrome=125.0.6422.113)
Build info: version: '3.141.59', revision: 'e82be7d358', time: '2018-11-14T08:17:03'
System info: host: 'LAPTOP-FRFRGCHU', ip: '192.168.86.35', os.name: 'Windows 11', os.arch: 'amd64', os.version: '10.0', java.version: '17.0.5'
Driver info: org.openqa.selenium.chrome.ChromeDriver
Capabilities {acceptInsecureCerts: false, browserName: chrome, browserVersion: 125.0.6422.113, chrome: {chromedriverVersion: 125.0.6422.141 (4b1e8393712..., userDataDir: C:\Users\udhay\AppData\Loca...}, fedcm:accounts: true, goog:chromeOptions: {debuggerAddress: localhost:60310}, javascriptEnabled: true, networkConnectionEnabled: false, pageLoadStrategy: normal, platform: WINDOWS, platformName: WINDOWS, proxy: Proxy(), setWindowRect: true, strictFileInteractability: false, timeouts: {implicit: 0, pageLoad: 300000, script: 30000}, unhandledPromptBehavior: dismiss and notify, webauthn:extension:credBlob: true, webauthn:extension:largeBlob: true, webauthn:extension:minPinLength: true, webauthn:extension:prf: true, webauthn:virtualAuthenticators: true}
Session ID: 3ea747893fed2eab6a4d2594cb159099
*** Element info: {Using=xpath, value=//button[contains(text(),'Create User')]}
2024-05-31 16:06:20.521 INFO [main] [com.Tharav.stepDefinition.commonStepDefinition.beforeScenario(commonStepDefinition.java:31)] - Execution started
2024-05-31 16:06:20.523 INFO [main] [com.Tharav.stepDefinition.commonStepDefinition.beforeScenario(commonStepDefinition.java:37)] - Instantiaing  the common methods of Common Methods class  @before Scenaio
2024-05-31 16:06:20.524 INFO [main] [com.Tharav.stepDefinition.commonStepDefinition.beforeScenario(commonStepDefinition.java:41)] - Loading the properties file
2024-05-31 16:06:20.524 INFO [main] [com.Tharav.stepDefinition.commonStepDefinition.beforeScenario(commonStepDefinition.java:43)] - Checking the driver is NULL or NOT?
2024-05-31 16:06:20.526 INFO [main] [com.Tharav.stepDefinition.commonStepDefinition.beforeScenario(commonStepDefinition.java:46)] - Driver is NUll, Launching  the browser
2024-05-31 16:06:22.189 INFO [main] [com.Tharav.stepDefinition.verifyUserManagementSteps.user_open_the_url_for_UserManagement(verifyUserManagementSteps.java:36)] - Opening the Tharav URL in from User management steps
2024-05-31 16:06:23.118 INFO [main] [com.Tharav.stepDefinition.verifyUserManagementSteps.validate_the_page_is_tharav_url_for_UserManagement(verifyUserManagementSteps.java:56)] - Tharav logo, Email Text Box and Password Box is displayed from User management steps
2024-05-31 16:06:23.557 INFO [main] [com.Tharav.stepDefinition.verifyUserManagementSteps.login_in_the_application_with_valid_credentials(verifyUserManagementSteps.java:73)] - Entered the username and password in verfiy user management steps
2024-05-31 16:06:23.626 INFO [main] [com.Tharav.stepDefinition.verifyUserManagementSteps.login_in_the_application_with_valid_credentials(verifyUserManagementSteps.java:75)] - Click on signin button in verfiy user management steps
2024-05-31 16:06:23.627 INFO [main] [com.Tharav.stepDefinition.verifyUserManagementSteps.login_in_the_application_with_valid_credentials(verifyUserManagementSteps.java:76)] - Login in the application with valid credentials
2024-05-31 16:06:23.905 INFO [main] [com.Tharav.stepDefinition.verifyUserManagementSteps.click_on_the_user_mangement_menu(verifyUserManagementSteps.java:93)] - Clicked  User Management Menu in verfiy user management steps
2024-05-31 16:06:23.905 INFO [main] [com.Tharav.stepDefinition.verifyUserManagementSteps.click_on_the_user_mangement_menu(verifyUserManagementSteps.java:94)] - click on the UserMangement menu
2024-05-31 16:06:23.906 INFO [main] [com.Tharav.stepDefinition.verifyUserManagementSteps.validate_i_can_see_the_usermanagement_page(verifyUserManagementSteps.java:101)] - verfiy that i can see in user management steps
2024-05-31 16:06:23.907 INFO [main] [com.Tharav.stepDefinition.verifyUserManagementSteps.validate_i_can_see_the_usermanagement_page(verifyUserManagementSteps.java:102)] - Validate  I can see the usermanagement page
2024-05-31 16:06:27.070 ERROR [main] [com.Tharav.stepDefinition.verifyCreateUser.click_on_the_create_user_button(verifyCreateUser.java:37)] - org.openqa.selenium.ElementClickInterceptedException: element click intercepted: Element <button class="btn px-5 py-2 fw-bold text-center rounded-1" tabindex="0" aria-label="...">Create User</button> is not clickable at point (1424, 87). Other element would receive the click: <div class="Toastify__toast-container Toastify__toast-container--top-right toaster">...</div>
  (Session info: chrome=125.0.6422.113)
Build info: version: '3.141.59', revision: 'e82be7d358', time: '2018-11-14T08:17:03'
System info: host: 'LAPTOP-FRFRGCHU', ip: '192.168.86.35', os.name: 'Windows 11', os.arch: 'amd64', os.version: '10.0', java.version: '17.0.5'
Driver info: org.openqa.selenium.chrome.ChromeDriver
Capabilities {acceptInsecureCerts: false, browserName: chrome, browserVersion: 125.0.6422.113, chrome: {chromedriverVersion: 125.0.6422.141 (4b1e8393712..., userDataDir: C:\Users\udhay\AppData\Loca...}, fedcm:accounts: true, goog:chromeOptions: {debuggerAddress: localhost:60358}, javascriptEnabled: true, networkConnectionEnabled: false, pageLoadStrategy: normal, platform: WINDOWS, platformName: WINDOWS, proxy: Proxy(), setWindowRect: true, strictFileInteractability: false, timeouts: {implicit: 0, pageLoad: 300000, script: 30000}, unhandledPromptBehavior: dismiss and notify, webauthn:extension:credBlob: true, webauthn:extension:largeBlob: true, webauthn:extension:minPinLength: true, webauthn:extension:prf: true, webauthn:virtualAuthenticators: true}
Session ID: 213753385dc4e048ac847389cf35b4cf
2024-05-31 16:06:46.191 ERROR [main] [com.Tharav.stepDefinition.verifyCreateUser.enter_the_valid_firstname(verifyCreateUser.java:48)] - org.openqa.selenium.NoSuchElementException: Cannot locate an element using xpath=//input[@placeholder='Enter First Name']
For documentation on this error, please visit: https://www.seleniumhq.org/exceptions/no_such_element.html
Build info: version: '3.141.59', revision: 'e82be7d358', time: '2018-11-14T08:17:03'
System info: host: 'LAPTOP-FRFRGCHU', ip: '192.168.86.35', os.name: 'Windows 11', os.arch: 'amd64', os.version: '10.0', java.version: '17.0.5'
Driver info: driver.version: RemoteWebDriver
2024-05-31 16:06:46.198 ERROR [main] [com.Tharav.stepDefinition.verifyCreateUser.enter_the_valid_lastname(verifyCreateUser.java:59)] - org.openqa.selenium.NoSuchWindowException: no such window: target window already closed
from unknown error: web view not found
  (Session info: chrome=125.0.6422.113)
Build info: version: '3.141.59', revision: 'e82be7d358', time: '2018-11-14T08:17:03'
System info: host: 'LAPTOP-FRFRGCHU', ip: '192.168.86.35', os.name: 'Windows 11', os.arch: 'amd64', os.version: '10.0', java.version: '17.0.5'
Driver info: org.openqa.selenium.chrome.ChromeDriver
Capabilities {acceptInsecureCerts: false, browserName: chrome, browserVersion: 125.0.6422.113, chrome: {chromedriverVersion: 125.0.6422.141 (4b1e8393712..., userDataDir: C:\Users\udhay\AppData\Loca...}, fedcm:accounts: true, goog:chromeOptions: {debuggerAddress: localhost:60358}, javascriptEnabled: true, networkConnectionEnabled: false, pageLoadStrategy: normal, platform: WINDOWS, platformName: WINDOWS, proxy: Proxy(), setWindowRect: true, strictFileInteractability: false, timeouts: {implicit: 0, pageLoad: 300000, script: 30000}, unhandledPromptBehavior: dismiss and notify, webauthn:extension:credBlob: true, webauthn:extension:largeBlob: true, webauthn:extension:minPinLength: true, webauthn:extension:prf: true, webauthn:virtualAuthenticators: true}
Session ID: 213753385dc4e048ac847389cf35b4cf
*** Element info: {Using=xpath, value=//input[@placeholder='Enter Last Name']}
2024-05-31 16:06:46.205 ERROR [main] [com.Tharav.stepDefinition.verifyCreateUser.enter_the_email_id(verifyCreateUser.java:70)] - org.openqa.selenium.NoSuchWindowException: no such window: target window already closed
from unknown error: web view not found
  (Session info: chrome=125.0.6422.113)
Build info: version: '3.141.59', revision: 'e82be7d358', time: '2018-11-14T08:17:03'
System info: host: 'LAPTOP-FRFRGCHU', ip: '192.168.86.35', os.name: 'Windows 11', os.arch: 'amd64', os.version: '10.0', java.version: '17.0.5'
Driver info: org.openqa.selenium.chrome.ChromeDriver
Capabilities {acceptInsecureCerts: false, browserName: chrome, browserVersion: 125.0.6422.113, chrome: {chromedriverVersion: 125.0.6422.141 (4b1e8393712..., userDataDir: C:\Users\udhay\AppData\Loca...}, fedcm:accounts: true, goog:chromeOptions: {debuggerAddress: localhost:60358}, javascriptEnabled: true, networkConnectionEnabled: false, pageLoadStrategy: normal, platform: WINDOWS, platformName: WINDOWS, proxy: Proxy(), setWindowRect: true, strictFileInteractability: false, timeouts: {implicit: 0, pageLoad: 300000, script: 30000}, unhandledPromptBehavior: dismiss and notify, webauthn:extension:credBlob: true, webauthn:extension:largeBlob: true, webauthn:extension:minPinLength: true, webauthn:extension:prf: true, webauthn:virtualAuthenticators: true}
Session ID: 213753385dc4e048ac847389cf35b4cf
*** Element info: {Using=xpath, value=//input[@placeholder='Enter User Email-Id']}
2024-05-31 16:06:46.211 ERROR [main] [com.Tharav.stepDefinition.verifyCreateUser.enter_the_system_role(verifyCreateUser.java:81)] - org.openqa.selenium.NoSuchWindowException: no such window: target window already closed
from unknown error: web view not found
  (Session info: chrome=125.0.6422.113)
Build info: version: '3.141.59', revision: 'e82be7d358', time: '2018-11-14T08:17:03'
System info: host: 'LAPTOP-FRFRGCHU', ip: '192.168.86.35', os.name: 'Windows 11', os.arch: 'amd64', os.version: '10.0', java.version: '17.0.5'
Driver info: org.openqa.selenium.chrome.ChromeDriver
Capabilities {acceptInsecureCerts: false, browserName: chrome, browserVersion: 125.0.6422.113, chrome: {chromedriverVersion: 125.0.6422.141 (4b1e8393712..., userDataDir: C:\Users\udhay\AppData\Loca...}, fedcm:accounts: true, goog:chromeOptions: {debuggerAddress: localhost:60358}, javascriptEnabled: true, networkConnectionEnabled: false, pageLoadStrategy: normal, platform: WINDOWS, platformName: WINDOWS, proxy: Proxy(), setWindowRect: true, strictFileInteractability: false, timeouts: {implicit: 0, pageLoad: 300000, script: 30000}, unhandledPromptBehavior: dismiss and notify, webauthn:extension:credBlob: true, webauthn:extension:largeBlob: true, webauthn:extension:minPinLength: true, webauthn:extension:prf: true, webauthn:virtualAuthenticators: true}
Session ID: 213753385dc4e048ac847389cf35b4cf
*** Element info: {Using=xpath, value=(//input[starts-with(@id,'react-select')])[1]}
2024-05-31 16:06:46.218 ERROR [main] [com.Tharav.stepDefinition.verifyCreateUser.enter_the_role(verifyCreateUser.java:93)] - org.openqa.selenium.NoSuchWindowException: no such window: target window already closed
from unknown error: web view not found
  (Session info: chrome=125.0.6422.113)
Build info: version: '3.141.59', revision: 'e82be7d358', time: '2018-11-14T08:17:03'
System info: host: 'LAPTOP-FRFRGCHU', ip: '192.168.86.35', os.name: 'Windows 11', os.arch: 'amd64', os.version: '10.0', java.version: '17.0.5'
Driver info: org.openqa.selenium.chrome.ChromeDriver
Capabilities {acceptInsecureCerts: false, browserName: chrome, browserVersion: 125.0.6422.113, chrome: {chromedriverVersion: 125.0.6422.141 (4b1e8393712..., userDataDir: C:\Users\udhay\AppData\Loca...}, fedcm:accounts: true, goog:chromeOptions: {debuggerAddress: localhost:60358}, javascriptEnabled: true, networkConnectionEnabled: false, pageLoadStrategy: normal, platform: WINDOWS, platformName: WINDOWS, proxy: Proxy(), setWindowRect: true, strictFileInteractability: false, timeouts: {implicit: 0, pageLoad: 300000, script: 30000}, unhandledPromptBehavior: dismiss and notify, webauthn:extension:credBlob: true, webauthn:extension:largeBlob: true, webauthn:extension:minPinLength: true, webauthn:extension:prf: true, webauthn:virtualAuthenticators: true}
Session ID: 213753385dc4e048ac847389cf35b4cf
*** Element info: {Using=xpath, value=(//input[starts-with(@id,'react-select')])[2]}
2024-05-31 16:06:46.226 ERROR [main] [com.Tharav.stepDefinition.verifyCreateUser.click_on_the_create_user_button_to_save_the_user(verifyCreateUser.java:104)] - org.openqa.selenium.NoSuchWindowException: no such window: target window already closed
from unknown error: web view not found
  (Session info: chrome=125.0.6422.113)
Build info: version: '3.141.59', revision: 'e82be7d358', time: '2018-11-14T08:17:03'
System info: host: 'LAPTOP-FRFRGCHU', ip: '192.168.86.35', os.name: 'Windows 11', os.arch: 'amd64', os.version: '10.0', java.version: '17.0.5'
Driver info: org.openqa.selenium.chrome.ChromeDriver
Capabilities {acceptInsecureCerts: false, browserName: chrome, browserVersion: 125.0.6422.113, chrome: {chromedriverVersion: 125.0.6422.141 (4b1e8393712..., userDataDir: C:\Users\udhay\AppData\Loca...}, fedcm:accounts: true, goog:chromeOptions: {debuggerAddress: localhost:60358}, javascriptEnabled: true, networkConnectionEnabled: false, pageLoadStrategy: normal, platform: WINDOWS, platformName: WINDOWS, proxy: Proxy(), setWindowRect: true, strictFileInteractability: false, timeouts: {implicit: 0, pageLoad: 300000, script: 30000}, unhandledPromptBehavior: dismiss and notify, webauthn:extension:credBlob: true, webauthn:extension:largeBlob: true, webauthn:extension:minPinLength: true, webauthn:extension:prf: true, webauthn:virtualAuthenticators: true}
Session ID: 213753385dc4e048ac847389cf35b4cf
*** Element info: {Using=xpath, value=//button[contains(text(),'Create User')]}
2024-05-31 16:07:11.362 INFO [main] [com.Tharav.stepDefinition.commonStepDefinition.beforeScenario(commonStepDefinition.java:31)] - Execution started
2024-05-31 16:07:11.364 INFO [main] [com.Tharav.stepDefinition.commonStepDefinition.beforeScenario(commonStepDefinition.java:37)] - Instantiaing  the common methods of Common Methods class  @before Scenaio
2024-05-31 16:07:11.365 INFO [main] [com.Tharav.stepDefinition.commonStepDefinition.beforeScenario(commonStepDefinition.java:41)] - Loading the properties file
2024-05-31 16:07:11.366 INFO [main] [com.Tharav.stepDefinition.commonStepDefinition.beforeScenario(commonStepDefinition.java:43)] - Checking the driver is NULL or NOT?
2024-05-31 16:07:11.367 INFO [main] [com.Tharav.stepDefinition.commonStepDefinition.beforeScenario(commonStepDefinition.java:46)] - Driver is NUll, Launching  the browser
2024-05-31 16:07:13.103 INFO [main] [com.Tharav.stepDefinition.verifyUserManagementSteps.user_open_the_url_for_UserManagement(verifyUserManagementSteps.java:36)] - Opening the Tharav URL in from User management steps
2024-05-31 16:07:14.118 INFO [main] [com.Tharav.stepDefinition.verifyUserManagementSteps.validate_the_page_is_tharav_url_for_UserManagement(verifyUserManagementSteps.java:56)] - Tharav logo, Email Text Box and Password Box is displayed from User management steps
2024-05-31 16:07:14.535 INFO [main] [com.Tharav.stepDefinition.verifyUserManagementSteps.login_in_the_application_with_valid_credentials(verifyUserManagementSteps.java:73)] - Entered the username and password in verfiy user management steps
2024-05-31 16:07:14.602 INFO [main] [com.Tharav.stepDefinition.verifyUserManagementSteps.login_in_the_application_with_valid_credentials(verifyUserManagementSteps.java:75)] - Click on signin button in verfiy user management steps
2024-05-31 16:07:14.602 INFO [main] [com.Tharav.stepDefinition.verifyUserManagementSteps.login_in_the_application_with_valid_credentials(verifyUserManagementSteps.java:76)] - Login in the application with valid credentials
2024-05-31 16:07:14.891 INFO [main] [com.Tharav.stepDefinition.verifyUserManagementSteps.click_on_the_user_mangement_menu(verifyUserManagementSteps.java:93)] - Clicked  User Management Menu in verfiy user management steps
2024-05-31 16:07:14.892 INFO [main] [com.Tharav.stepDefinition.verifyUserManagementSteps.click_on_the_user_mangement_menu(verifyUserManagementSteps.java:94)] - click on the UserMangement menu
2024-05-31 16:07:14.893 INFO [main] [com.Tharav.stepDefinition.verifyUserManagementSteps.validate_i_can_see_the_usermanagement_page(verifyUserManagementSteps.java:101)] - verfiy that i can see in user management steps
2024-05-31 16:07:14.893 INFO [main] [com.Tharav.stepDefinition.verifyUserManagementSteps.validate_i_can_see_the_usermanagement_page(verifyUserManagementSteps.java:102)] - Validate  I can see the usermanagement page
2024-05-31 16:07:18.059 ERROR [main] [com.Tharav.stepDefinition.verifyCreateUser.click_on_the_create_user_button(verifyCreateUser.java:37)] - org.openqa.selenium.ElementClickInterceptedException: element click intercepted: Element <button class="btn px-5 py-2 fw-bold text-center rounded-1" tabindex="0" aria-label="...">Create User</button> is not clickable at point (1424, 87). Other element would receive the click: <div class="Toastify__toast-container Toastify__toast-container--top-right toaster">...</div>
  (Session info: chrome=125.0.6422.113)
Build info: version: '3.141.59', revision: 'e82be7d358', time: '2018-11-14T08:17:03'
System info: host: 'LAPTOP-FRFRGCHU', ip: '192.168.86.35', os.name: 'Windows 11', os.arch: 'amd64', os.version: '10.0', java.version: '17.0.5'
Driver info: org.openqa.selenium.chrome.ChromeDriver
Capabilities {acceptInsecureCerts: false, browserName: chrome, browserVersion: 125.0.6422.113, chrome: {chromedriverVersion: 125.0.6422.141 (4b1e8393712..., userDataDir: C:\Users\udhay\AppData\Loca...}, fedcm:accounts: true, goog:chromeOptions: {debuggerAddress: localhost:60408}, javascriptEnabled: true, networkConnectionEnabled: false, pageLoadStrategy: normal, platform: WINDOWS, platformName: WINDOWS, proxy: Proxy(), setWindowRect: true, strictFileInteractability: false, timeouts: {implicit: 0, pageLoad: 300000, script: 30000}, unhandledPromptBehavior: dismiss and notify, webauthn:extension:credBlob: true, webauthn:extension:largeBlob: true, webauthn:extension:minPinLength: true, webauthn:extension:prf: true, webauthn:virtualAuthenticators: true}
Session ID: 5a594270357c5204872b7e308987acf7
2024-05-31 16:07:38.079 ERROR [main] [com.Tharav.stepDefinition.verifyCreateUser.enter_the_valid_firstname(verifyCreateUser.java:48)] - org.openqa.selenium.NoSuchElementException: no such element: Unable to locate element: {"method":"xpath","selector":"//input[@placeholder='Enter First Name']"}
  (Session info: chrome=125.0.6422.113)
For documentation on this error, please visit: https://www.seleniumhq.org/exceptions/no_such_element.html
Build info: version: '3.141.59', revision: 'e82be7d358', time: '2018-11-14T08:17:03'
System info: host: 'LAPTOP-FRFRGCHU', ip: '192.168.86.35', os.name: 'Windows 11', os.arch: 'amd64', os.version: '10.0', java.version: '17.0.5'
Driver info: org.openqa.selenium.chrome.ChromeDriver
Capabilities {acceptInsecureCerts: false, browserName: chrome, browserVersion: 125.0.6422.113, chrome: {chromedriverVersion: 125.0.6422.141 (4b1e8393712..., userDataDir: C:\Users\udhay\AppData\Loca...}, fedcm:accounts: true, goog:chromeOptions: {debuggerAddress: localhost:60408}, javascriptEnabled: true, networkConnectionEnabled: false, pageLoadStrategy: normal, platform: WINDOWS, platformName: WINDOWS, proxy: Proxy(), setWindowRect: true, strictFileInteractability: false, timeouts: {implicit: 0, pageLoad: 300000, script: 30000}, unhandledPromptBehavior: dismiss and notify, webauthn:extension:credBlob: true, webauthn:extension:largeBlob: true, webauthn:extension:minPinLength: true, webauthn:extension:prf: true, webauthn:virtualAuthenticators: true}
Session ID: 5a594270357c5204872b7e308987acf7
*** Element info: {Using=xpath, value=//input[@placeholder='Enter First Name']}
2024-05-31 16:07:50.453 ERROR [main] [com.Tharav.stepDefinition.verifyCreateUser.enter_the_valid_lastname(verifyCreateUser.java:59)] - org.openqa.selenium.NoSuchElementException: Cannot locate an element using xpath=//input[@placeholder='Enter Last Name']
For documentation on this error, please visit: https://www.seleniumhq.org/exceptions/no_such_element.html
Build info: version: '3.141.59', revision: 'e82be7d358', time: '2018-11-14T08:17:03'
System info: host: 'LAPTOP-FRFRGCHU', ip: '192.168.86.35', os.name: 'Windows 11', os.arch: 'amd64', os.version: '10.0', java.version: '17.0.5'
Driver info: driver.version: RemoteWebDriver
2024-05-31 16:07:50.458 ERROR [main] [com.Tharav.stepDefinition.verifyCreateUser.enter_the_email_id(verifyCreateUser.java:70)] - org.openqa.selenium.NoSuchWindowException: no such window: target window already closed
from unknown error: web view not found
  (Session info: chrome=125.0.6422.113)
Build info: version: '3.141.59', revision: 'e82be7d358', time: '2018-11-14T08:17:03'
System info: host: 'LAPTOP-FRFRGCHU', ip: '192.168.86.35', os.name: 'Windows 11', os.arch: 'amd64', os.version: '10.0', java.version: '17.0.5'
Driver info: org.openqa.selenium.chrome.ChromeDriver
Capabilities {acceptInsecureCerts: false, browserName: chrome, browserVersion: 125.0.6422.113, chrome: {chromedriverVersion: 125.0.6422.141 (4b1e8393712..., userDataDir: C:\Users\udhay\AppData\Loca...}, fedcm:accounts: true, goog:chromeOptions: {debuggerAddress: localhost:60408}, javascriptEnabled: true, networkConnectionEnabled: false, pageLoadStrategy: normal, platform: WINDOWS, platformName: WINDOWS, proxy: Proxy(), setWindowRect: true, strictFileInteractability: false, timeouts: {implicit: 0, pageLoad: 300000, script: 30000}, unhandledPromptBehavior: dismiss and notify, webauthn:extension:credBlob: true, webauthn:extension:largeBlob: true, webauthn:extension:minPinLength: true, webauthn:extension:prf: true, webauthn:virtualAuthenticators: true}
Session ID: 5a594270357c5204872b7e308987acf7
*** Element info: {Using=xpath, value=//input[@placeholder='Enter User Email-Id']}
2024-05-31 16:07:50.462 ERROR [main] [com.Tharav.stepDefinition.verifyCreateUser.enter_the_system_role(verifyCreateUser.java:81)] - org.openqa.selenium.NoSuchWindowException: no such window: target window already closed
from unknown error: web view not found
  (Session info: chrome=125.0.6422.113)
Build info: version: '3.141.59', revision: 'e82be7d358', time: '2018-11-14T08:17:03'
System info: host: 'LAPTOP-FRFRGCHU', ip: '192.168.86.35', os.name: 'Windows 11', os.arch: 'amd64', os.version: '10.0', java.version: '17.0.5'
Driver info: org.openqa.selenium.chrome.ChromeDriver
Capabilities {acceptInsecureCerts: false, browserName: chrome, browserVersion: 125.0.6422.113, chrome: {chromedriverVersion: 125.0.6422.141 (4b1e8393712..., userDataDir: C:\Users\udhay\AppData\Loca...}, fedcm:accounts: true, goog:chromeOptions: {debuggerAddress: localhost:60408}, javascriptEnabled: true, networkConnectionEnabled: false, pageLoadStrategy: normal, platform: WINDOWS, platformName: WINDOWS, proxy: Proxy(), setWindowRect: true, strictFileInteractability: false, timeouts: {implicit: 0, pageLoad: 300000, script: 30000}, unhandledPromptBehavior: dismiss and notify, webauthn:extension:credBlob: true, webauthn:extension:largeBlob: true, webauthn:extension:minPinLength: true, webauthn:extension:prf: true, webauthn:virtualAuthenticators: true}
Session ID: 5a594270357c5204872b7e308987acf7
*** Element info: {Using=xpath, value=(//input[starts-with(@id,'react-select')])[1]}
2024-05-31 16:07:50.468 ERROR [main] [com.Tharav.stepDefinition.verifyCreateUser.enter_the_role(verifyCreateUser.java:93)] - org.openqa.selenium.NoSuchWindowException: no such window: target window already closed
from unknown error: web view not found
  (Session info: chrome=125.0.6422.113)
Build info: version: '3.141.59', revision: 'e82be7d358', time: '2018-11-14T08:17:03'
System info: host: 'LAPTOP-FRFRGCHU', ip: '192.168.86.35', os.name: 'Windows 11', os.arch: 'amd64', os.version: '10.0', java.version: '17.0.5'
Driver info: org.openqa.selenium.chrome.ChromeDriver
Capabilities {acceptInsecureCerts: false, browserName: chrome, browserVersion: 125.0.6422.113, chrome: {chromedriverVersion: 125.0.6422.141 (4b1e8393712..., userDataDir: C:\Users\udhay\AppData\Loca...}, fedcm:accounts: true, goog:chromeOptions: {debuggerAddress: localhost:60408}, javascriptEnabled: true, networkConnectionEnabled: false, pageLoadStrategy: normal, platform: WINDOWS, platformName: WINDOWS, proxy: Proxy(), setWindowRect: true, strictFileInteractability: false, timeouts: {implicit: 0, pageLoad: 300000, script: 30000}, unhandledPromptBehavior: dismiss and notify, webauthn:extension:credBlob: true, webauthn:extension:largeBlob: true, webauthn:extension:minPinLength: true, webauthn:extension:prf: true, webauthn:virtualAuthenticators: true}
Session ID: 5a594270357c5204872b7e308987acf7
*** Element info: {Using=xpath, value=(//input[starts-with(@id,'react-select')])[2]}
2024-05-31 16:07:50.474 ERROR [main] [com.Tharav.stepDefinition.verifyCreateUser.click_on_the_create_user_button_to_save_the_user(verifyCreateUser.java:104)] - org.openqa.selenium.NoSuchWindowException: no such window: target window already closed
from unknown error: web view not found
  (Session info: chrome=125.0.6422.113)
Build info: version: '3.141.59', revision: 'e82be7d358', time: '2018-11-14T08:17:03'
System info: host: 'LAPTOP-FRFRGCHU', ip: '192.168.86.35', os.name: 'Windows 11', os.arch: 'amd64', os.version: '10.0', java.version: '17.0.5'
Driver info: org.openqa.selenium.chrome.ChromeDriver
Capabilities {acceptInsecureCerts: false, browserName: chrome, browserVersion: 125.0.6422.113, chrome: {chromedriverVersion: 125.0.6422.141 (4b1e8393712..., userDataDir: C:\Users\udhay\AppData\Loca...}, fedcm:accounts: true, goog:chromeOptions: {debuggerAddress: localhost:60408}, javascriptEnabled: true, networkConnectionEnabled: false, pageLoadStrategy: normal, platform: WINDOWS, platformName: WINDOWS, proxy: Proxy(), setWindowRect: true, strictFileInteractability: false, timeouts: {implicit: 0, pageLoad: 300000, script: 30000}, unhandledPromptBehavior: dismiss and notify, webauthn:extension:credBlob: true, webauthn:extension:largeBlob: true, webauthn:extension:minPinLength: true, webauthn:extension:prf: true, webauthn:virtualAuthenticators: true}
Session ID: 5a594270357c5204872b7e308987acf7
*** Element info: {Using=xpath, value=//button[contains(text(),'Create User')]}
2024-05-31 16:08:20.263 INFO [main] [com.Tharav.stepDefinition.commonStepDefinition.beforeScenario(commonStepDefinition.java:31)] - Execution started
2024-05-31 16:08:20.265 INFO [main] [com.Tharav.stepDefinition.commonStepDefinition.beforeScenario(commonStepDefinition.java:37)] - Instantiaing  the common methods of Common Methods class  @before Scenaio
2024-05-31 16:08:20.266 INFO [main] [com.Tharav.stepDefinition.commonStepDefinition.beforeScenario(commonStepDefinition.java:41)] - Loading the properties file
2024-05-31 16:08:20.266 INFO [main] [com.Tharav.stepDefinition.commonStepDefinition.beforeScenario(commonStepDefinition.java:43)] - Checking the driver is NULL or NOT?
2024-05-31 16:08:20.268 INFO [main] [com.Tharav.stepDefinition.commonStepDefinition.beforeScenario(commonStepDefinition.java:46)] - Driver is NUll, Launching  the browser
2024-05-31 16:08:24.241 INFO [main] [com.Tharav.stepDefinition.verifyUserManagementSteps.user_open_the_url_for_UserManagement(verifyUserManagementSteps.java:36)] - Opening the Tharav URL in from User management steps
2024-05-31 16:08:25.307 INFO [main] [com.Tharav.stepDefinition.verifyUserManagementSteps.validate_the_page_is_tharav_url_for_UserManagement(verifyUserManagementSteps.java:56)] - Tharav logo, Email Text Box and Password Box is displayed from User management steps
2024-05-31 16:08:25.767 INFO [main] [com.Tharav.stepDefinition.verifyUserManagementSteps.login_in_the_application_with_valid_credentials(verifyUserManagementSteps.java:73)] - Entered the username and password in verfiy user management steps
2024-05-31 16:08:25.839 INFO [main] [com.Tharav.stepDefinition.verifyUserManagementSteps.login_in_the_application_with_valid_credentials(verifyUserManagementSteps.java:75)] - Click on signin button in verfiy user management steps
2024-05-31 16:08:25.839 INFO [main] [com.Tharav.stepDefinition.verifyUserManagementSteps.login_in_the_application_with_valid_credentials(verifyUserManagementSteps.java:76)] - Login in the application with valid credentials
2024-05-31 16:08:26.174 INFO [main] [com.Tharav.stepDefinition.verifyUserManagementSteps.click_on_the_user_mangement_menu(verifyUserManagementSteps.java:93)] - Clicked  User Management Menu in verfiy user management steps
2024-05-31 16:08:26.174 INFO [main] [com.Tharav.stepDefinition.verifyUserManagementSteps.click_on_the_user_mangement_menu(verifyUserManagementSteps.java:94)] - click on the UserMangement menu
2024-05-31 16:08:26.176 INFO [main] [com.Tharav.stepDefinition.verifyUserManagementSteps.validate_i_can_see_the_usermanagement_page(verifyUserManagementSteps.java:101)] - verfiy that i can see in user management steps
2024-05-31 16:08:26.176 INFO [main] [com.Tharav.stepDefinition.verifyUserManagementSteps.validate_i_can_see_the_usermanagement_page(verifyUserManagementSteps.java:102)] - Validate  I can see the usermanagement page
2024-05-31 16:08:29.500 ERROR [main] [com.Tharav.stepDefinition.verifyCreateUser.click_on_the_create_user_button(verifyCreateUser.java:37)] - org.openqa.selenium.ElementClickInterceptedException: element click intercepted: Element <button class="btn px-5 py-2 fw-bold text-center rounded-1" tabindex="0" aria-label="...">Create User</button> is not clickable at point (1376, 87). Other element would receive the click: <div class="Toastify__toast-container Toastify__toast-container--top-right toaster">...</div>
  (Session info: MicrosoftEdge=125.0.2535.79)
Build info: version: '3.141.59', revision: 'e82be7d358', time: '2018-11-14T08:17:03'
System info: host: 'LAPTOP-FRFRGCHU', ip: '192.168.86.35', os.name: 'Windows 11', os.arch: 'amd64', os.version: '10.0', java.version: '17.0.5'
Driver info: org.openqa.selenium.edge.EdgeDriver
Capabilities {acceptInsecureCerts: false, browserName: MicrosoftEdge, browserVersion: 125.0.2535.79, fedcm:accounts: true, javascriptEnabled: true, ms:edgeOptions: {debuggerAddress: localhost:60460}, msedge: {msedgedriverVersion: 125.0.2535.79 (7e3dd970e483..., userDataDir: C:\Users\udhay\AppData\Loca...}, networkConnectionEnabled: false, pageLoadStrategy: normal, platform: WINDOWS, platformName: WINDOWS, proxy: Proxy(), setWindowRect: true, strictFileInteractability: false, timeouts: {implicit: 0, pageLoad: 300000, script: 30000}, unhandledPromptBehavior: dismiss and notify, webauthn:extension:credBlob: true, webauthn:extension:largeBlob: true, webauthn:extension:minPinLength: true, webauthn:extension:prf: true, webauthn:virtualAuthenticators: true}
Session ID: 36e0f037235a9aa7bdad54f2dacb71fc
2024-05-31 16:08:47.637 ERROR [main] [com.Tharav.stepDefinition.verifyCreateUser.enter_the_valid_firstname(verifyCreateUser.java:48)] - org.openqa.selenium.NoSuchElementException: Cannot locate an element using xpath=//input[@placeholder='Enter First Name']
For documentation on this error, please visit: https://www.seleniumhq.org/exceptions/no_such_element.html
Build info: version: '3.141.59', revision: 'e82be7d358', time: '2018-11-14T08:17:03'
System info: host: 'LAPTOP-FRFRGCHU', ip: '192.168.86.35', os.name: 'Windows 11', os.arch: 'amd64', os.version: '10.0', java.version: '17.0.5'
Driver info: driver.version: RemoteWebDriver
2024-05-31 16:08:47.644 ERROR [main] [com.Tharav.stepDefinition.verifyCreateUser.enter_the_valid_lastname(verifyCreateUser.java:59)] - org.openqa.selenium.NoSuchWindowException: no such window: target window already closed
from unknown error: web view not found
  (Session info: MicrosoftEdge=125.0.2535.79)
Build info: version: '3.141.59', revision: 'e82be7d358', time: '2018-11-14T08:17:03'
System info: host: 'LAPTOP-FRFRGCHU', ip: '192.168.86.35', os.name: 'Windows 11', os.arch: 'amd64', os.version: '10.0', java.version: '17.0.5'
Driver info: org.openqa.selenium.edge.EdgeDriver
Capabilities {acceptInsecureCerts: false, browserName: MicrosoftEdge, browserVersion: 125.0.2535.79, fedcm:accounts: true, javascriptEnabled: true, ms:edgeOptions: {debuggerAddress: localhost:60460}, msedge: {msedgedriverVersion: 125.0.2535.79 (7e3dd970e483..., userDataDir: C:\Users\udhay\AppData\Loca...}, networkConnectionEnabled: false, pageLoadStrategy: normal, platform: WINDOWS, platformName: WINDOWS, proxy: Proxy(), setWindowRect: true, strictFileInteractability: false, timeouts: {implicit: 0, pageLoad: 300000, script: 30000}, unhandledPromptBehavior: dismiss and notify, webauthn:extension:credBlob: true, webauthn:extension:largeBlob: true, webauthn:extension:minPinLength: true, webauthn:extension:prf: true, webauthn:virtualAuthenticators: true}
Session ID: 36e0f037235a9aa7bdad54f2dacb71fc
*** Element info: {Using=xpath, value=//input[@placeholder='Enter Last Name']}
2024-05-31 16:08:47.650 ERROR [main] [com.Tharav.stepDefinition.verifyCreateUser.enter_the_email_id(verifyCreateUser.java:70)] - org.openqa.selenium.NoSuchWindowException: no such window: target window already closed
from unknown error: web view not found
  (Session info: MicrosoftEdge=125.0.2535.79)
Build info: version: '3.141.59', revision: 'e82be7d358', time: '2018-11-14T08:17:03'
System info: host: 'LAPTOP-FRFRGCHU', ip: '192.168.86.35', os.name: 'Windows 11', os.arch: 'amd64', os.version: '10.0', java.version: '17.0.5'
Driver info: org.openqa.selenium.edge.EdgeDriver
Capabilities {acceptInsecureCerts: false, browserName: MicrosoftEdge, browserVersion: 125.0.2535.79, fedcm:accounts: true, javascriptEnabled: true, ms:edgeOptions: {debuggerAddress: localhost:60460}, msedge: {msedgedriverVersion: 125.0.2535.79 (7e3dd970e483..., userDataDir: C:\Users\udhay\AppData\Loca...}, networkConnectionEnabled: false, pageLoadStrategy: normal, platform: WINDOWS, platformName: WINDOWS, proxy: Proxy(), setWindowRect: true, strictFileInteractability: false, timeouts: {implicit: 0, pageLoad: 300000, script: 30000}, unhandledPromptBehavior: dismiss and notify, webauthn:extension:credBlob: true, webauthn:extension:largeBlob: true, webauthn:extension:minPinLength: true, webauthn:extension:prf: true, webauthn:virtualAuthenticators: true}
Session ID: 36e0f037235a9aa7bdad54f2dacb71fc
*** Element info: {Using=xpath, value=//input[@placeholder='Enter User Email-Id']}
2024-05-31 16:08:47.657 ERROR [main] [com.Tharav.stepDefinition.verifyCreateUser.enter_the_system_role(verifyCreateUser.java:81)] - org.openqa.selenium.NoSuchWindowException: no such window: target window already closed
from unknown error: web view not found
  (Session info: MicrosoftEdge=125.0.2535.79)
Build info: version: '3.141.59', revision: 'e82be7d358', time: '2018-11-14T08:17:03'
System info: host: 'LAPTOP-FRFRGCHU', ip: '192.168.86.35', os.name: 'Windows 11', os.arch: 'amd64', os.version: '10.0', java.version: '17.0.5'
Driver info: org.openqa.selenium.edge.EdgeDriver
Capabilities {acceptInsecureCerts: false, browserName: MicrosoftEdge, browserVersion: 125.0.2535.79, fedcm:accounts: true, javascriptEnabled: true, ms:edgeOptions: {debuggerAddress: localhost:60460}, msedge: {msedgedriverVersion: 125.0.2535.79 (7e3dd970e483..., userDataDir: C:\Users\udhay\AppData\Loca...}, networkConnectionEnabled: false, pageLoadStrategy: normal, platform: WINDOWS, platformName: WINDOWS, proxy: Proxy(), setWindowRect: true, strictFileInteractability: false, timeouts: {implicit: 0, pageLoad: 300000, script: 30000}, unhandledPromptBehavior: dismiss and notify, webauthn:extension:credBlob: true, webauthn:extension:largeBlob: true, webauthn:extension:minPinLength: true, webauthn:extension:prf: true, webauthn:virtualAuthenticators: true}
Session ID: 36e0f037235a9aa7bdad54f2dacb71fc
*** Element info: {Using=xpath, value=(//input[starts-with(@id,'react-select')])[1]}
2024-05-31 16:08:47.664 ERROR [main] [com.Tharav.stepDefinition.verifyCreateUser.enter_the_role(verifyCreateUser.java:93)] - org.openqa.selenium.NoSuchWindowException: no such window: target window already closed
from unknown error: web view not found
  (Session info: MicrosoftEdge=125.0.2535.79)
Build info: version: '3.141.59', revision: 'e82be7d358', time: '2018-11-14T08:17:03'
System info: host: 'LAPTOP-FRFRGCHU', ip: '192.168.86.35', os.name: 'Windows 11', os.arch: 'amd64', os.version: '10.0', java.version: '17.0.5'
Driver info: org.openqa.selenium.edge.EdgeDriver
Capabilities {acceptInsecureCerts: false, browserName: MicrosoftEdge, browserVersion: 125.0.2535.79, fedcm:accounts: true, javascriptEnabled: true, ms:edgeOptions: {debuggerAddress: localhost:60460}, msedge: {msedgedriverVersion: 125.0.2535.79 (7e3dd970e483..., userDataDir: C:\Users\udhay\AppData\Loca...}, networkConnectionEnabled: false, pageLoadStrategy: normal, platform: WINDOWS, platformName: WINDOWS, proxy: Proxy(), setWindowRect: true, strictFileInteractability: false, timeouts: {implicit: 0, pageLoad: 300000, script: 30000}, unhandledPromptBehavior: dismiss and notify, webauthn:extension:credBlob: true, webauthn:extension:largeBlob: true, webauthn:extension:minPinLength: true, webauthn:extension:prf: true, webauthn:virtualAuthenticators: true}
Session ID: 36e0f037235a9aa7bdad54f2dacb71fc
*** Element info: {Using=xpath, value=(//input[starts-with(@id,'react-select')])[2]}
2024-05-31 16:08:47.670 ERROR [main] [com.Tharav.stepDefinition.verifyCreateUser.click_on_the_create_user_button_to_save_the_user(verifyCreateUser.java:104)] - org.openqa.selenium.NoSuchWindowException: no such window: target window already closed
from unknown error: web view not found
  (Session info: MicrosoftEdge=125.0.2535.79)
Build info: version: '3.141.59', revision: 'e82be7d358', time: '2018-11-14T08:17:03'
System info: host: 'LAPTOP-FRFRGCHU', ip: '192.168.86.35', os.name: 'Windows 11', os.arch: 'amd64', os.version: '10.0', java.version: '17.0.5'
Driver info: org.openqa.selenium.edge.EdgeDriver
Capabilities {acceptInsecureCerts: false, browserName: MicrosoftEdge, browserVersion: 125.0.2535.79, fedcm:accounts: true, javascriptEnabled: true, ms:edgeOptions: {debuggerAddress: localhost:60460}, msedge: {msedgedriverVersion: 125.0.2535.79 (7e3dd970e483..., userDataDir: C:\Users\udhay\AppData\Loca...}, networkConnectionEnabled: false, pageLoadStrategy: normal, platform: WINDOWS, platformName: WINDOWS, proxy: Proxy(), setWindowRect: true, strictFileInteractability: false, timeouts: {implicit: 0, pageLoad: 300000, script: 30000}, unhandledPromptBehavior: dismiss and notify, webauthn:extension:credBlob: true, webauthn:extension:largeBlob: true, webauthn:extension:minPinLength: true, webauthn:extension:prf: true, webauthn:virtualAuthenticators: true}
Session ID: 36e0f037235a9aa7bdad54f2dacb71fc
*** Element info: {Using=xpath, value=//button[contains(text(),'Create User')]}
2024-05-31 16:12:42.185 INFO [main] [com.Tharav.stepDefinition.commonStepDefinition.beforeScenario(commonStepDefinition.java:31)] - Execution started
2024-05-31 16:12:42.194 INFO [main] [com.Tharav.stepDefinition.commonStepDefinition.beforeScenario(commonStepDefinition.java:37)] - Instantiaing  the common methods of Common Methods class  @before Scenaio
2024-05-31 16:12:42.196 INFO [main] [com.Tharav.stepDefinition.commonStepDefinition.beforeScenario(commonStepDefinition.java:41)] - Loading the properties file
2024-05-31 16:12:42.196 INFO [main] [com.Tharav.stepDefinition.commonStepDefinition.beforeScenario(commonStepDefinition.java:43)] - Checking the driver is NULL or NOT?
2024-05-31 16:12:42.198 INFO [main] [com.Tharav.stepDefinition.commonStepDefinition.beforeScenario(commonStepDefinition.java:46)] - Driver is NUll, Launching  the browser
2024-05-31 16:12:44.160 INFO [main] [com.Tharav.stepDefinition.verifyUserManagementSteps.user_open_the_url_for_UserManagement(verifyUserManagementSteps.java:36)] - Opening the Tharav URL in from User management steps
2024-05-31 16:12:45.076 INFO [main] [com.Tharav.stepDefinition.verifyUserManagementSteps.validate_the_page_is_tharav_url_for_UserManagement(verifyUserManagementSteps.java:56)] - Tharav logo, Email Text Box and Password Box is displayed from User management steps
2024-05-31 16:12:45.482 INFO [main] [com.Tharav.stepDefinition.verifyUserManagementSteps.login_in_the_application_with_valid_credentials(verifyUserManagementSteps.java:73)] - Entered the username and password in verfiy user management steps
2024-05-31 16:12:45.545 INFO [main] [com.Tharav.stepDefinition.verifyUserManagementSteps.login_in_the_application_with_valid_credentials(verifyUserManagementSteps.java:75)] - Click on signin button in verfiy user management steps
2024-05-31 16:12:45.546 INFO [main] [com.Tharav.stepDefinition.verifyUserManagementSteps.login_in_the_application_with_valid_credentials(verifyUserManagementSteps.java:76)] - Login in the application with valid credentials
2024-05-31 16:12:45.801 INFO [main] [com.Tharav.stepDefinition.verifyUserManagementSteps.click_on_the_user_mangement_menu(verifyUserManagementSteps.java:93)] - Clicked  User Management Menu in verfiy user management steps
2024-05-31 16:12:45.801 INFO [main] [com.Tharav.stepDefinition.verifyUserManagementSteps.click_on_the_user_mangement_menu(verifyUserManagementSteps.java:94)] - click on the UserMangement menu
2024-05-31 16:12:45.803 INFO [main] [com.Tharav.stepDefinition.verifyUserManagementSteps.validate_i_can_see_the_usermanagement_page(verifyUserManagementSteps.java:101)] - verfiy that i can see in user management steps
2024-05-31 16:12:45.804 INFO [main] [com.Tharav.stepDefinition.verifyUserManagementSteps.validate_i_can_see_the_usermanagement_page(verifyUserManagementSteps.java:102)] - Validate  I can see the usermanagement page
2024-05-31 16:12:47.913 ERROR [main] [com.Tharav.stepDefinition.verifyCreateUser.click_on_the_create_user_button(verifyCreateUser.java:37)] - org.openqa.selenium.JavascriptException: javascript error: {"status":32,"value":"Unable to locate an element with the xpath expression \t because of the following error:\nSyntaxError: Failed to execute 'evaluate' on 'Document': The string '\t' is not a valid XPath expression."}
  (Session info: chrome=125.0.6422.113)
Build info: version: '3.141.59', revision: 'e82be7d358', time: '2018-11-14T08:17:03'
System info: host: 'LAPTOP-FRFRGCHU', ip: '192.168.86.35', os.name: 'Windows 11', os.arch: 'amd64', os.version: '10.0', java.version: '17.0.5'
Driver info: org.openqa.selenium.chrome.ChromeDriver
Capabilities {acceptInsecureCerts: false, browserName: chrome, browserVersion: 125.0.6422.113, chrome: {chromedriverVersion: 125.0.6422.141 (4b1e8393712..., userDataDir: C:\Users\udhay\AppData\Loca...}, fedcm:accounts: true, goog:chromeOptions: {debuggerAddress: localhost:60607}, javascriptEnabled: true, networkConnectionEnabled: false, pageLoadStrategy: normal, platform: WINDOWS, platformName: WINDOWS, proxy: Proxy(), setWindowRect: true, strictFileInteractability: false, timeouts: {implicit: 0, pageLoad: 300000, script: 30000}, unhandledPromptBehavior: dismiss and notify, webauthn:extension:credBlob: true, webauthn:extension:largeBlob: true, webauthn:extension:minPinLength: true, webauthn:extension:prf: true, webauthn:virtualAuthenticators: true}
Session ID: 2c21435d2af5e8c0e1c12cc3ea52eefa
*** Element info: {Using=xpath, value=	}
2024-05-31 16:13:07.948 ERROR [main] [com.Tharav.stepDefinition.verifyCreateUser.enter_the_valid_firstname(verifyCreateUser.java:48)] - org.openqa.selenium.NoSuchElementException: no such element: Unable to locate element: {"method":"xpath","selector":"//input[@placeholder='Enter First Name']"}
  (Session info: chrome=125.0.6422.113)
For documentation on this error, please visit: https://www.seleniumhq.org/exceptions/no_such_element.html
Build info: version: '3.141.59', revision: 'e82be7d358', time: '2018-11-14T08:17:03'
System info: host: 'LAPTOP-FRFRGCHU', ip: '192.168.86.35', os.name: 'Windows 11', os.arch: 'amd64', os.version: '10.0', java.version: '17.0.5'
Driver info: org.openqa.selenium.chrome.ChromeDriver
Capabilities {acceptInsecureCerts: false, browserName: chrome, browserVersion: 125.0.6422.113, chrome: {chromedriverVersion: 125.0.6422.141 (4b1e8393712..., userDataDir: C:\Users\udhay\AppData\Loca...}, fedcm:accounts: true, goog:chromeOptions: {debuggerAddress: localhost:60607}, javascriptEnabled: true, networkConnectionEnabled: false, pageLoadStrategy: normal, platform: WINDOWS, platformName: WINDOWS, proxy: Proxy(), setWindowRect: true, strictFileInteractability: false, timeouts: {implicit: 0, pageLoad: 300000, script: 30000}, unhandledPromptBehavior: dismiss and notify, webauthn:extension:credBlob: true, webauthn:extension:largeBlob: true, webauthn:extension:minPinLength: true, webauthn:extension:prf: true, webauthn:virtualAuthenticators: true}
Session ID: 2c21435d2af5e8c0e1c12cc3ea52eefa
*** Element info: {Using=xpath, value=//input[@placeholder='Enter First Name']}
2024-05-31 16:13:26.928 ERROR [main] [com.Tharav.stepDefinition.verifyCreateUser.enter_the_valid_lastname(verifyCreateUser.java:59)] - org.openqa.selenium.NoSuchElementException: Cannot locate an element using xpath=//input[@placeholder='Enter Last Name']
For documentation on this error, please visit: https://www.seleniumhq.org/exceptions/no_such_element.html
Build info: version: '3.141.59', revision: 'e82be7d358', time: '2018-11-14T08:17:03'
System info: host: 'LAPTOP-FRFRGCHU', ip: '192.168.86.35', os.name: 'Windows 11', os.arch: 'amd64', os.version: '10.0', java.version: '17.0.5'
Driver info: driver.version: RemoteWebDriver
2024-05-31 16:13:26.942 ERROR [main] [com.Tharav.stepDefinition.verifyCreateUser.enter_the_email_id(verifyCreateUser.java:70)] - org.openqa.selenium.NoSuchWindowException: no such window: target window already closed
from unknown error: web view not found
  (Session info: chrome=125.0.6422.113)
Build info: version: '3.141.59', revision: 'e82be7d358', time: '2018-11-14T08:17:03'
System info: host: 'LAPTOP-FRFRGCHU', ip: '192.168.86.35', os.name: 'Windows 11', os.arch: 'amd64', os.version: '10.0', java.version: '17.0.5'
Driver info: org.openqa.selenium.chrome.ChromeDriver
Capabilities {acceptInsecureCerts: false, browserName: chrome, browserVersion: 125.0.6422.113, chrome: {chromedriverVersion: 125.0.6422.141 (4b1e8393712..., userDataDir: C:\Users\udhay\AppData\Loca...}, fedcm:accounts: true, goog:chromeOptions: {debuggerAddress: localhost:60607}, javascriptEnabled: true, networkConnectionEnabled: false, pageLoadStrategy: normal, platform: WINDOWS, platformName: WINDOWS, proxy: Proxy(), setWindowRect: true, strictFileInteractability: false, timeouts: {implicit: 0, pageLoad: 300000, script: 30000}, unhandledPromptBehavior: dismiss and notify, webauthn:extension:credBlob: true, webauthn:extension:largeBlob: true, webauthn:extension:minPinLength: true, webauthn:extension:prf: true, webauthn:virtualAuthenticators: true}
Session ID: 2c21435d2af5e8c0e1c12cc3ea52eefa
*** Element info: {Using=xpath, value=//input[@placeholder='Enter User Email-Id']}
2024-05-31 16:13:26.951 ERROR [main] [com.Tharav.stepDefinition.verifyCreateUser.enter_the_system_role(verifyCreateUser.java:81)] - org.openqa.selenium.NoSuchWindowException: no such window: target window already closed
from unknown error: web view not found
  (Session info: chrome=125.0.6422.113)
Build info: version: '3.141.59', revision: 'e82be7d358', time: '2018-11-14T08:17:03'
System info: host: 'LAPTOP-FRFRGCHU', ip: '192.168.86.35', os.name: 'Windows 11', os.arch: 'amd64', os.version: '10.0', java.version: '17.0.5'
Driver info: org.openqa.selenium.chrome.ChromeDriver
Capabilities {acceptInsecureCerts: false, browserName: chrome, browserVersion: 125.0.6422.113, chrome: {chromedriverVersion: 125.0.6422.141 (4b1e8393712..., userDataDir: C:\Users\udhay\AppData\Loca...}, fedcm:accounts: true, goog:chromeOptions: {debuggerAddress: localhost:60607}, javascriptEnabled: true, networkConnectionEnabled: false, pageLoadStrategy: normal, platform: WINDOWS, platformName: WINDOWS, proxy: Proxy(), setWindowRect: true, strictFileInteractability: false, timeouts: {implicit: 0, pageLoad: 300000, script: 30000}, unhandledPromptBehavior: dismiss and notify, webauthn:extension:credBlob: true, webauthn:extension:largeBlob: true, webauthn:extension:minPinLength: true, webauthn:extension:prf: true, webauthn:virtualAuthenticators: true}
Session ID: 2c21435d2af5e8c0e1c12cc3ea52eefa
*** Element info: {Using=xpath, value=(//input[starts-with(@id,'react-select')])[1]}
2024-05-31 16:13:26.957 ERROR [main] [com.Tharav.stepDefinition.verifyCreateUser.enter_the_role(verifyCreateUser.java:93)] - org.openqa.selenium.NoSuchWindowException: no such window: target window already closed
from unknown error: web view not found
  (Session info: chrome=125.0.6422.113)
Build info: version: '3.141.59', revision: 'e82be7d358', time: '2018-11-14T08:17:03'
System info: host: 'LAPTOP-FRFRGCHU', ip: '192.168.86.35', os.name: 'Windows 11', os.arch: 'amd64', os.version: '10.0', java.version: '17.0.5'
Driver info: org.openqa.selenium.chrome.ChromeDriver
Capabilities {acceptInsecureCerts: false, browserName: chrome, browserVersion: 125.0.6422.113, chrome: {chromedriverVersion: 125.0.6422.141 (4b1e8393712..., userDataDir: C:\Users\udhay\AppData\Loca...}, fedcm:accounts: true, goog:chromeOptions: {debuggerAddress: localhost:60607}, javascriptEnabled: true, networkConnectionEnabled: false, pageLoadStrategy: normal, platform: WINDOWS, platformName: WINDOWS, proxy: Proxy(), setWindowRect: true, strictFileInteractability: false, timeouts: {implicit: 0, pageLoad: 300000, script: 30000}, unhandledPromptBehavior: dismiss and notify, webauthn:extension:credBlob: true, webauthn:extension:largeBlob: true, webauthn:extension:minPinLength: true, webauthn:extension:prf: true, webauthn:virtualAuthenticators: true}
Session ID: 2c21435d2af5e8c0e1c12cc3ea52eefa
*** Element info: {Using=xpath, value=(//input[starts-with(@id,'react-select')])[2]}
2024-05-31 16:13:26.965 ERROR [main] [com.Tharav.stepDefinition.verifyCreateUser.click_on_the_create_user_button_to_save_the_user(verifyCreateUser.java:104)] - org.openqa.selenium.NoSuchWindowException: no such window: target window already closed
from unknown error: web view not found
  (Session info: chrome=125.0.6422.113)
Build info: version: '3.141.59', revision: 'e82be7d358', time: '2018-11-14T08:17:03'
System info: host: 'LAPTOP-FRFRGCHU', ip: '192.168.86.35', os.name: 'Windows 11', os.arch: 'amd64', os.version: '10.0', java.version: '17.0.5'
Driver info: org.openqa.selenium.chrome.ChromeDriver
Capabilities {acceptInsecureCerts: false, browserName: chrome, browserVersion: 125.0.6422.113, chrome: {chromedriverVersion: 125.0.6422.141 (4b1e8393712..., userDataDir: C:\Users\udhay\AppData\Loca...}, fedcm:accounts: true, goog:chromeOptions: {debuggerAddress: localhost:60607}, javascriptEnabled: true, networkConnectionEnabled: false, pageLoadStrategy: normal, platform: WINDOWS, platformName: WINDOWS, proxy: Proxy(), setWindowRect: true, strictFileInteractability: false, timeouts: {implicit: 0, pageLoad: 300000, script: 30000}, unhandledPromptBehavior: dismiss and notify, webauthn:extension:credBlob: true, webauthn:extension:largeBlob: true, webauthn:extension:minPinLength: true, webauthn:extension:prf: true, webauthn:virtualAuthenticators: true}
Session ID: 2c21435d2af5e8c0e1c12cc3ea52eefa
*** Element info: {Using=xpath, value=	}
